{"D:\\latest-backend\\dreamSociety\\app\\config\\config.js": {"path":"D:\\latest-backend\\dreamSociety\\app\\config\\config.js","statementMap":{"0":{"start":{"line":1,"column":0},"end":{"line":20,"column":2}}},"fnMap":{},"branchMap":{},"s":{"0":6},"f":{},"b":{},"_coverageSchema":"43e27e138ebf9cfc5966b082cf9a028302ed4184","hash":"ab4b14c18105050d1296edfacfc4c36cdbe97ef3"}
,"D:\\latest-backend\\dreamSociety\\app\\config\\db.config.js": {"path":"D:\\latest-backend\\dreamSociety\\app\\config\\db.config.js","statementMap":{"0":{"start":{"line":1,"column":12},"end":{"line":1,"column":31}},"1":{"start":{"line":3,"column":18},"end":{"line":3,"column":38}},"2":{"start":{"line":4,"column":18},"end":{"line":16,"column":2}},"3":{"start":{"line":18,"column":11},"end":{"line":18,"column":13}},"4":{"start":{"line":20,"column":0},"end":{"line":20,"column":25}},"5":{"start":{"line":21,"column":0},"end":{"line":21,"column":25}},"6":{"start":{"line":23,"column":0},"end":{"line":23,"column":66}},"7":{"start":{"line":24,"column":0},"end":{"line":24,"column":66}},"8":{"start":{"line":25,"column":0},"end":{"line":25,"column":72}},"9":{"start":{"line":26,"column":0},"end":{"line":26,"column":66}},"10":{"start":{"line":27,"column":0},"end":{"line":27,"column":72}},"11":{"start":{"line":28,"column":0},"end":{"line":28,"column":74}},"12":{"start":{"line":29,"column":0},"end":{"line":29,"column":68}},"13":{"start":{"line":30,"column":0},"end":{"line":30,"column":68}},"14":{"start":{"line":31,"column":0},"end":{"line":31,"column":66}},"15":{"start":{"line":32,"column":0},"end":{"line":32,"column":72}},"16":{"start":{"line":33,"column":0},"end":{"line":33,"column":66}},"17":{"start":{"line":34,"column":0},"end":{"line":34,"column":68}},"18":{"start":{"line":35,"column":0},"end":{"line":35,"column":84}},"19":{"start":{"line":36,"column":0},"end":{"line":36,"column":72}},"20":{"start":{"line":37,"column":0},"end":{"line":37,"column":66}},"21":{"start":{"line":38,"column":0},"end":{"line":38,"column":67}},"22":{"start":{"line":39,"column":0},"end":{"line":39,"column":66}},"23":{"start":{"line":40,"column":0},"end":{"line":40,"column":74}},"24":{"start":{"line":41,"column":0},"end":{"line":41,"column":63}},"25":{"start":{"line":42,"column":0},"end":{"line":42,"column":75}},"26":{"start":{"line":43,"column":0},"end":{"line":43,"column":77}},"27":{"start":{"line":44,"column":0},"end":{"line":44,"column":85}},"28":{"start":{"line":45,"column":0},"end":{"line":45,"column":66}},"29":{"start":{"line":46,"column":0},"end":{"line":46,"column":79}},"30":{"start":{"line":47,"column":0},"end":{"line":47,"column":87}},"31":{"start":{"line":48,"column":0},"end":{"line":48,"column":83}},"32":{"start":{"line":49,"column":0},"end":{"line":49,"column":81}},"33":{"start":{"line":50,"column":0},"end":{"line":50,"column":73}},"34":{"start":{"line":51,"column":0},"end":{"line":51,"column":71}},"35":{"start":{"line":52,"column":0},"end":{"line":52,"column":77}},"36":{"start":{"line":53,"column":0},"end":{"line":53,"column":91}},"37":{"start":{"line":54,"column":0},"end":{"line":54,"column":71}},"38":{"start":{"line":55,"column":0},"end":{"line":55,"column":91}},"39":{"start":{"line":56,"column":0},"end":{"line":56,"column":65}},"40":{"start":{"line":57,"column":0},"end":{"line":57,"column":85}},"41":{"start":{"line":58,"column":0},"end":{"line":58,"column":67}},"42":{"start":{"line":59,"column":0},"end":{"line":59,"column":93}},"43":{"start":{"line":60,"column":0},"end":{"line":60,"column":105}},"44":{"start":{"line":61,"column":0},"end":{"line":61,"column":81}},"45":{"start":{"line":62,"column":0},"end":{"line":62,"column":65}},"46":{"start":{"line":63,"column":0},"end":{"line":63,"column":75}},"47":{"start":{"line":64,"column":0},"end":{"line":64,"column":61}},"48":{"start":{"line":65,"column":0},"end":{"line":65,"column":74}},"49":{"start":{"line":66,"column":0},"end":{"line":66,"column":70}},"50":{"start":{"line":67,"column":0},"end":{"line":67,"column":72}},"51":{"start":{"line":68,"column":0},"end":{"line":68,"column":79}},"52":{"start":{"line":69,"column":0},"end":{"line":69,"column":87}},"53":{"start":{"line":70,"column":0},"end":{"line":70,"column":77}},"54":{"start":{"line":71,"column":0},"end":{"line":71,"column":87}},"55":{"start":{"line":72,"column":0},"end":{"line":72,"column":85}},"56":{"start":{"line":73,"column":0},"end":{"line":73,"column":73}},"57":{"start":{"line":74,"column":0},"end":{"line":74,"column":85}},"58":{"start":{"line":75,"column":0},"end":{"line":75,"column":69}},"59":{"start":{"line":76,"column":0},"end":{"line":76,"column":81}},"60":{"start":{"line":77,"column":0},"end":{"line":77,"column":63}},"61":{"start":{"line":78,"column":0},"end":{"line":78,"column":85}},"62":{"start":{"line":79,"column":0},"end":{"line":79,"column":75}},"63":{"start":{"line":80,"column":0},"end":{"line":80,"column":93}},"64":{"start":{"line":81,"column":0},"end":{"line":81,"column":87}},"65":{"start":{"line":82,"column":0},"end":{"line":82,"column":77}},"66":{"start":{"line":83,"column":0},"end":{"line":83,"column":71}},"67":{"start":{"line":84,"column":0},"end":{"line":84,"column":87}},"68":{"start":{"line":85,"column":0},"end":{"line":85,"column":87}},"69":{"start":{"line":86,"column":0},"end":{"line":86,"column":81}},"70":{"start":{"line":87,"column":0},"end":{"line":87,"column":95}},"71":{"start":{"line":88,"column":0},"end":{"line":88,"column":71}},"72":{"start":{"line":89,"column":0},"end":{"line":89,"column":75}},"73":{"start":{"line":90,"column":0},"end":{"line":90,"column":89}},"74":{"start":{"line":91,"column":0},"end":{"line":91,"column":99}},"75":{"start":{"line":92,"column":0},"end":{"line":92,"column":106}},"76":{"start":{"line":93,"column":0},"end":{"line":93,"column":79}},"77":{"start":{"line":94,"column":0},"end":{"line":94,"column":65}},"78":{"start":{"line":95,"column":0},"end":{"line":95,"column":73}},"79":{"start":{"line":97,"column":0},"end":{"line":97,"column":54}},"80":{"start":{"line":98,"column":0},"end":{"line":98,"column":56}},"81":{"start":{"line":99,"column":0},"end":{"line":99,"column":60}},"82":{"start":{"line":100,"column":0},"end":{"line":100,"column":56}},"83":{"start":{"line":101,"column":0},"end":{"line":101,"column":76}},"84":{"start":{"line":102,"column":0},"end":{"line":102,"column":68}},"85":{"start":{"line":103,"column":0},"end":{"line":103,"column":75}},"86":{"start":{"line":107,"column":0},"end":{"line":107,"column":56}},"87":{"start":{"line":108,"column":0},"end":{"line":108,"column":62}},"88":{"start":{"line":109,"column":0},"end":{"line":109,"column":64}},"89":{"start":{"line":110,"column":0},"end":{"line":110,"column":58}},"90":{"start":{"line":111,"column":0},"end":{"line":111,"column":56}},"91":{"start":{"line":112,"column":0},"end":{"line":112,"column":56}},"92":{"start":{"line":113,"column":0},"end":{"line":113,"column":60}},"93":{"start":{"line":114,"column":0},"end":{"line":114,"column":54}},"94":{"start":{"line":115,"column":0},"end":{"line":115,"column":53}},"95":{"start":{"line":116,"column":0},"end":{"line":116,"column":55}},"96":{"start":{"line":117,"column":0},"end":{"line":117,"column":58}},"97":{"start":{"line":118,"column":0},"end":{"line":118,"column":63}},"98":{"start":{"line":119,"column":0},"end":{"line":119,"column":59}},"99":{"start":{"line":120,"column":0},"end":{"line":120,"column":57}},"100":{"start":{"line":121,"column":0},"end":{"line":121,"column":57}},"101":{"start":{"line":122,"column":0},"end":{"line":122,"column":53}},"102":{"start":{"line":123,"column":0},"end":{"line":123,"column":59}},"103":{"start":{"line":124,"column":0},"end":{"line":124,"column":79}},"104":{"start":{"line":125,"column":0},"end":{"line":125,"column":70}},"105":{"start":{"line":126,"column":0},"end":{"line":126,"column":74}},"106":{"start":{"line":127,"column":0},"end":{"line":127,"column":59}},"107":{"start":{"line":128,"column":0},"end":{"line":128,"column":55}},"108":{"start":{"line":129,"column":0},"end":{"line":129,"column":55}},"109":{"start":{"line":130,"column":0},"end":{"line":130,"column":59}},"110":{"start":{"line":131,"column":0},"end":{"line":131,"column":62}},"111":{"start":{"line":132,"column":0},"end":{"line":132,"column":61}},"112":{"start":{"line":133,"column":0},"end":{"line":133,"column":61}},"113":{"start":{"line":134,"column":0},"end":{"line":134,"column":59}},"114":{"start":{"line":135,"column":0},"end":{"line":135,"column":59}},"115":{"start":{"line":136,"column":0},"end":{"line":136,"column":66}},"116":{"start":{"line":137,"column":0},"end":{"line":137,"column":60}},"117":{"start":{"line":138,"column":0},"end":{"line":138,"column":72}},"118":{"start":{"line":139,"column":0},"end":{"line":139,"column":55}},"119":{"start":{"line":140,"column":0},"end":{"line":140,"column":60}},"120":{"start":{"line":141,"column":0},"end":{"line":141,"column":64}},"121":{"start":{"line":142,"column":0},"end":{"line":142,"column":64}},"122":{"start":{"line":143,"column":0},"end":{"line":143,"column":78}},"123":{"start":{"line":144,"column":0},"end":{"line":144,"column":53}},"124":{"start":{"line":145,"column":0},"end":{"line":145,"column":61}},"125":{"start":{"line":146,"column":0},"end":{"line":146,"column":64}},"126":{"start":{"line":147,"column":0},"end":{"line":147,"column":78}},"127":{"start":{"line":148,"column":0},"end":{"line":148,"column":86}},"128":{"start":{"line":149,"column":0},"end":{"line":149,"column":63}},"129":{"start":{"line":150,"column":0},"end":{"line":150,"column":64}},"130":{"start":{"line":151,"column":0},"end":{"line":151,"column":66}},"131":{"start":{"line":152,"column":0},"end":{"line":152,"column":62}},"132":{"start":{"line":153,"column":0},"end":{"line":153,"column":62}},"133":{"start":{"line":154,"column":0},"end":{"line":154,"column":68}},"134":{"start":{"line":155,"column":0},"end":{"line":155,"column":61}},"135":{"start":{"line":156,"column":0},"end":{"line":156,"column":69}},"136":{"start":{"line":157,"column":0},"end":{"line":157,"column":58}},"137":{"start":{"line":158,"column":0},"end":{"line":158,"column":57}},"138":{"start":{"line":159,"column":0},"end":{"line":159,"column":57}},"139":{"start":{"line":161,"column":0},"end":{"line":161,"column":60}},"140":{"start":{"line":162,"column":0},"end":{"line":162,"column":67}},"141":{"start":{"line":163,"column":0},"end":{"line":163,"column":73}},"142":{"start":{"line":164,"column":0},"end":{"line":164,"column":81}},"143":{"start":{"line":165,"column":0},"end":{"line":165,"column":57}},"144":{"start":{"line":166,"column":0},"end":{"line":166,"column":67}},"145":{"start":{"line":167,"column":0},"end":{"line":167,"column":61}},"146":{"start":{"line":168,"column":0},"end":{"line":168,"column":67}},"147":{"start":{"line":170,"column":0},"end":{"line":170,"column":75}},"148":{"start":{"line":171,"column":0},"end":{"line":171,"column":67}},"149":{"start":{"line":172,"column":0},"end":{"line":172,"column":71}},"150":{"start":{"line":173,"column":0},"end":{"line":173,"column":79}},"151":{"start":{"line":175,"column":0},"end":{"line":175,"column":54}},"152":{"start":{"line":176,"column":0},"end":{"line":176,"column":53}},"153":{"start":{"line":177,"column":0},"end":{"line":177,"column":56}},"154":{"start":{"line":178,"column":0},"end":{"line":178,"column":62}},"155":{"start":{"line":179,"column":0},"end":{"line":179,"column":60}},"156":{"start":{"line":180,"column":0},"end":{"line":180,"column":56}},"157":{"start":{"line":182,"column":0},"end":{"line":182,"column":56}},"158":{"start":{"line":183,"column":0},"end":{"line":183,"column":101}},"159":{"start":{"line":184,"column":0},"end":{"line":184,"column":54}},"160":{"start":{"line":185,"column":0},"end":{"line":185,"column":106}},"161":{"start":{"line":186,"column":0},"end":{"line":186,"column":70}},"162":{"start":{"line":187,"column":0},"end":{"line":187,"column":72}},"163":{"start":{"line":191,"column":0},"end":{"line":191,"column":76}},"164":{"start":{"line":192,"column":0},"end":{"line":192,"column":68}},"165":{"start":{"line":193,"column":0},"end":{"line":193,"column":80}},"166":{"start":{"line":195,"column":0},"end":{"line":195,"column":55}},"167":{"start":{"line":196,"column":0},"end":{"line":196,"column":61}},"168":{"start":{"line":197,"column":0},"end":{"line":197,"column":57}},"169":{"start":{"line":199,"column":0},"end":{"line":199,"column":104}},"170":{"start":{"line":200,"column":0},"end":{"line":200,"column":126}},"171":{"start":{"line":201,"column":0},"end":{"line":201,"column":57}},"172":{"start":{"line":202,"column":0},"end":{"line":202,"column":74}},"173":{"start":{"line":203,"column":0},"end":{"line":203,"column":102}},"174":{"start":{"line":204,"column":0},"end":{"line":204,"column":86}},"175":{"start":{"line":205,"column":0},"end":{"line":205,"column":59}},"176":{"start":{"line":206,"column":0},"end":{"line":206,"column":59}},"177":{"start":{"line":207,"column":0},"end":{"line":207,"column":54}},"178":{"start":{"line":210,"column":0},"end":{"line":210,"column":111}},"179":{"start":{"line":211,"column":0},"end":{"line":211,"column":126}},"180":{"start":{"line":212,"column":0},"end":{"line":212,"column":126}},"181":{"start":{"line":214,"column":0},"end":{"line":214,"column":121}},"182":{"start":{"line":215,"column":0},"end":{"line":215,"column":121}},"183":{"start":{"line":217,"column":0},"end":{"line":217,"column":77}},"184":{"start":{"line":218,"column":0},"end":{"line":218,"column":69}},"185":{"start":{"line":219,"column":0},"end":{"line":219,"column":63}},"186":{"start":{"line":220,"column":0},"end":{"line":220,"column":69}},"187":{"start":{"line":221,"column":0},"end":{"line":221,"column":65}},"188":{"start":{"line":222,"column":0},"end":{"line":222,"column":71}},"189":{"start":{"line":223,"column":0},"end":{"line":223,"column":67}},"190":{"start":{"line":224,"column":0},"end":{"line":224,"column":65}},"191":{"start":{"line":225,"column":0},"end":{"line":225,"column":73}},"192":{"start":{"line":226,"column":0},"end":{"line":226,"column":71}},"193":{"start":{"line":227,"column":0},"end":{"line":227,"column":65}},"194":{"start":{"line":228,"column":0},"end":{"line":228,"column":64}},"195":{"start":{"line":229,"column":0},"end":{"line":229,"column":62}},"196":{"start":{"line":230,"column":0},"end":{"line":230,"column":70}},"197":{"start":{"line":231,"column":0},"end":{"line":231,"column":80}},"198":{"start":{"line":232,"column":0},"end":{"line":232,"column":58}},"199":{"start":{"line":233,"column":0},"end":{"line":233,"column":68}},"200":{"start":{"line":234,"column":0},"end":{"line":234,"column":74}},"201":{"start":{"line":235,"column":0},"end":{"line":235,"column":80}},"202":{"start":{"line":238,"column":0},"end":{"line":238,"column":59}},"203":{"start":{"line":239,"column":0},"end":{"line":239,"column":65}},"204":{"start":{"line":240,"column":0},"end":{"line":240,"column":137}},"205":{"start":{"line":241,"column":0},"end":{"line":241,"column":137}},"206":{"start":{"line":245,"column":0},"end":{"line":245,"column":77}},"207":{"start":{"line":246,"column":0},"end":{"line":246,"column":57}},"208":{"start":{"line":247,"column":0},"end":{"line":247,"column":57}},"209":{"start":{"line":248,"column":0},"end":{"line":248,"column":76}},"210":{"start":{"line":249,"column":0},"end":{"line":249,"column":83}},"211":{"start":{"line":250,"column":0},"end":{"line":250,"column":89}},"212":{"start":{"line":251,"column":0},"end":{"line":251,"column":103}},"213":{"start":{"line":252,"column":0},"end":{"line":252,"column":55}},"214":{"start":{"line":253,"column":0},"end":{"line":253,"column":106}},"215":{"start":{"line":254,"column":0},"end":{"line":254,"column":66}},"216":{"start":{"line":255,"column":0},"end":{"line":255,"column":85}},"217":{"start":{"line":256,"column":0},"end":{"line":256,"column":57}},"218":{"start":{"line":257,"column":0},"end":{"line":257,"column":67}},"219":{"start":{"line":258,"column":0},"end":{"line":258,"column":61}},"220":{"start":{"line":259,"column":0},"end":{"line":259,"column":76}},"221":{"start":{"line":260,"column":0},"end":{"line":260,"column":84}},"222":{"start":{"line":261,"column":0},"end":{"line":261,"column":61}},"223":{"start":{"line":263,"column":0},"end":{"line":263,"column":100}},"224":{"start":{"line":264,"column":0},"end":{"line":264,"column":101}},"225":{"start":{"line":266,"column":0},"end":{"line":266,"column":20}}},"fnMap":{},"branchMap":{},"s":{"0":6,"1":6,"2":6,"3":6,"4":6,"5":6,"6":6,"7":6,"8":6,"9":6,"10":6,"11":6,"12":6,"13":6,"14":6,"15":6,"16":6,"17":6,"18":6,"19":6,"20":6,"21":6,"22":6,"23":6,"24":6,"25":6,"26":6,"27":6,"28":6,"29":6,"30":6,"31":6,"32":6,"33":6,"34":6,"35":6,"36":6,"37":6,"38":6,"39":6,"40":6,"41":6,"42":6,"43":6,"44":6,"45":6,"46":6,"47":6,"48":6,"49":6,"50":6,"51":6,"52":6,"53":6,"54":6,"55":6,"56":6,"57":6,"58":6,"59":6,"60":6,"61":6,"62":6,"63":6,"64":6,"65":6,"66":6,"67":6,"68":6,"69":6,"70":6,"71":6,"72":6,"73":6,"74":6,"75":6,"76":6,"77":6,"78":6,"79":6,"80":6,"81":6,"82":6,"83":6,"84":6,"85":6,"86":6,"87":6,"88":6,"89":6,"90":6,"91":6,"92":6,"93":6,"94":6,"95":6,"96":6,"97":6,"98":6,"99":6,"100":6,"101":6,"102":6,"103":6,"104":6,"105":6,"106":6,"107":6,"108":6,"109":6,"110":6,"111":6,"112":6,"113":6,"114":6,"115":6,"116":6,"117":6,"118":6,"119":6,"120":6,"121":6,"122":6,"123":6,"124":6,"125":6,"126":6,"127":6,"128":6,"129":6,"130":6,"131":6,"132":6,"133":6,"134":6,"135":6,"136":6,"137":6,"138":6,"139":6,"140":6,"141":6,"142":6,"143":6,"144":6,"145":6,"146":6,"147":6,"148":6,"149":6,"150":6,"151":6,"152":6,"153":6,"154":6,"155":6,"156":6,"157":6,"158":6,"159":6,"160":6,"161":6,"162":6,"163":6,"164":6,"165":6,"166":6,"167":6,"168":6,"169":6,"170":6,"171":6,"172":6,"173":6,"174":6,"175":6,"176":6,"177":6,"178":6,"179":6,"180":6,"181":6,"182":6,"183":6,"184":6,"185":6,"186":6,"187":6,"188":6,"189":6,"190":6,"191":6,"192":6,"193":6,"194":6,"195":6,"196":6,"197":6,"198":6,"199":6,"200":6,"201":6,"202":6,"203":6,"204":6,"205":6,"206":6,"207":6,"208":6,"209":6,"210":6,"211":6,"212":6,"213":6,"214":6,"215":6,"216":6,"217":6,"218":6,"219":6,"220":6,"221":6,"222":6,"223":6,"224":6,"225":6},"f":{},"b":{},"_coverageSchema":"43e27e138ebf9cfc5966b082cf9a028302ed4184","hash":"15b2534c3cc920b6669707df76ef43485737b742"}
,"D:\\latest-backend\\dreamSociety\\app\\config\\env.js": {"path":"D:\\latest-backend\\dreamSociety\\app\\config\\env.js","statementMap":{"0":{"start":{"line":1,"column":12},"end":{"line":12,"column":1}},"1":{"start":{"line":14,"column":0},"end":{"line":14,"column":21}}},"fnMap":{},"branchMap":{},"s":{"0":6,"1":6},"f":{},"b":{},"_coverageSchema":"43e27e138ebf9cfc5966b082cf9a028302ed4184","hash":"a3098ffef4ba69ed67ec1726803bbebd43b97602"}
,"D:\\latest-backend\\dreamSociety\\app\\controller\\assetType.js": {"path":"D:\\latest-backend\\dreamSociety\\app\\controller\\assetType.js","statementMap":{"0":{"start":{"line":1,"column":11},"end":{"line":1,"column":44}},"1":{"start":{"line":2,"column":19},"end":{"line":2,"column":41}},"2":{"start":{"line":4,"column":19},"end":{"line":4,"column":32}},"3":{"start":{"line":5,"column":15},"end":{"line":5,"column":24}},"4":{"start":{"line":6,"column":11},"end":{"line":6,"column":26}},"5":{"start":{"line":8,"column":0},"end":{"line":23,"column":1}},"6":{"start":{"line":9,"column":4},"end":{"line":22,"column":5}},"7":{"start":{"line":10,"column":8},"end":{"line":10,"column":44}},"8":{"start":{"line":11,"column":19},"end":{"line":11,"column":27}},"9":{"start":{"line":12,"column":8},"end":{"line":12,"column":33}},"10":{"start":{"line":13,"column":8},"end":{"line":13,"column":40}},"11":{"start":{"line":14,"column":27},"end":{"line":14,"column":56}},"12":{"start":{"line":15,"column":8},"end":{"line":18,"column":11}},"13":{"start":{"line":20,"column":8},"end":{"line":20,"column":39}},"14":{"start":{"line":21,"column":8},"end":{"line":21,"column":65}},"15":{"start":{"line":25,"column":0},"end":{"line":48,"column":1}},"16":{"start":{"line":26,"column":4},"end":{"line":47,"column":5}},"17":{"start":{"line":31,"column":27},"end":{"line":37,"column":10}},"18":{"start":{"line":38,"column":8},"end":{"line":43,"column":9}},"19":{"start":{"line":39,"column":12},"end":{"line":42,"column":15}},"20":{"start":{"line":45,"column":8},"end":{"line":45,"column":38}},"21":{"start":{"line":46,"column":8},"end":{"line":46,"column":65}},"22":{"start":{"line":50,"column":0},"end":{"line":72,"column":1}},"23":{"start":{"line":51,"column":4},"end":{"line":70,"column":5}},"24":{"start":{"line":56,"column":27},"end":{"line":60,"column":10}},"25":{"start":{"line":61,"column":8},"end":{"line":66,"column":9}},"26":{"start":{"line":62,"column":12},"end":{"line":65,"column":15}},"27":{"start":{"line":68,"column":8},"end":{"line":68,"column":38}},"28":{"start":{"line":69,"column":8},"end":{"line":69,"column":65}},"29":{"start":{"line":74,"column":0},"end":{"line":96,"column":1}},"30":{"start":{"line":75,"column":4},"end":{"line":95,"column":5}},"31":{"start":{"line":76,"column":20},"end":{"line":76,"column":22}},"32":{"start":{"line":77,"column":21},"end":{"line":77,"column":22}},"33":{"start":{"line":78,"column":19},"end":{"line":78,"column":34}},"34":{"start":{"line":79,"column":8},"end":{"line":79,"column":36}},"35":{"start":{"line":80,"column":27},"end":{"line":85,"column":10}},"36":{"start":{"line":86,"column":8},"end":{"line":91,"column":9}},"37":{"start":{"line":87,"column":12},"end":{"line":90,"column":15}},"38":{"start":{"line":93,"column":8},"end":{"line":93,"column":38}},"39":{"start":{"line":94,"column":8},"end":{"line":94,"column":65}},"40":{"start":{"line":98,"column":0},"end":{"line":121,"column":1}},"41":{"start":{"line":99,"column":4},"end":{"line":120,"column":5}},"42":{"start":{"line":100,"column":19},"end":{"line":100,"column":32}},"43":{"start":{"line":101,"column":8},"end":{"line":103,"column":9}},"44":{"start":{"line":102,"column":12},"end":{"line":102,"column":98}},"45":{"start":{"line":104,"column":23},"end":{"line":104,"column":31}},"46":{"start":{"line":106,"column":8},"end":{"line":108,"column":9}},"47":{"start":{"line":107,"column":12},"end":{"line":107,"column":102}},"48":{"start":{"line":109,"column":34},"end":{"line":111,"column":10}},"49":{"start":{"line":110,"column":12},"end":{"line":110,"column":54}},"50":{"start":{"line":112,"column":8},"end":{"line":117,"column":9}},"51":{"start":{"line":113,"column":12},"end":{"line":116,"column":15}},"52":{"start":{"line":119,"column":8},"end":{"line":119,"column":65}},"53":{"start":{"line":123,"column":0},"end":{"line":144,"column":1}},"54":{"start":{"line":124,"column":4},"end":{"line":143,"column":5}},"55":{"start":{"line":125,"column":19},"end":{"line":125,"column":32}},"56":{"start":{"line":127,"column":8},"end":{"line":129,"column":9}},"57":{"start":{"line":128,"column":12},"end":{"line":128,"column":98}},"58":{"start":{"line":130,"column":26},"end":{"line":130,"column":82}},"59":{"start":{"line":131,"column":8},"end":{"line":133,"column":9}},"60":{"start":{"line":132,"column":12},"end":{"line":132,"column":103}},"61":{"start":{"line":134,"column":33},"end":{"line":134,"column":89}},"62":{"start":{"line":136,"column":8},"end":{"line":140,"column":9}},"63":{"start":{"line":137,"column":12},"end":{"line":139,"column":15}},"64":{"start":{"line":142,"column":8},"end":{"line":142,"column":65}},"65":{"start":{"line":146,"column":0},"end":{"line":169,"column":1}},"66":{"start":{"line":147,"column":4},"end":{"line":168,"column":5}},"67":{"start":{"line":148,"column":19},"end":{"line":148,"column":32}},"68":{"start":{"line":150,"column":8},"end":{"line":152,"column":9}},"69":{"start":{"line":151,"column":12},"end":{"line":151,"column":98}},"70":{"start":{"line":153,"column":23},"end":{"line":153,"column":31}},"71":{"start":{"line":154,"column":8},"end":{"line":156,"column":9}},"72":{"start":{"line":155,"column":12},"end":{"line":155,"column":102}},"73":{"start":{"line":157,"column":34},"end":{"line":159,"column":10}},"74":{"start":{"line":158,"column":12},"end":{"line":158,"column":54}},"75":{"start":{"line":160,"column":8},"end":{"line":165,"column":9}},"76":{"start":{"line":161,"column":12},"end":{"line":164,"column":15}},"77":{"start":{"line":167,"column":8},"end":{"line":167,"column":65}},"78":{"start":{"line":171,"column":0},"end":{"line":189,"column":1}},"79":{"start":{"line":172,"column":4},"end":{"line":188,"column":5}},"80":{"start":{"line":173,"column":31},"end":{"line":173,"column":43}},"81":{"start":{"line":174,"column":8},"end":{"line":174,"column":58}},"82":{"start":{"line":175,"column":23},"end":{"line":175,"column":42}},"83":{"start":{"line":176,"column":8},"end":{"line":178,"column":9}},"84":{"start":{"line":177,"column":12},"end":{"line":177,"column":96}},"85":{"start":{"line":179,"column":34},"end":{"line":179,"column":122}},"86":{"start":{"line":180,"column":8},"end":{"line":184,"column":9}},"87":{"start":{"line":181,"column":12},"end":{"line":183,"column":15}},"88":{"start":{"line":186,"column":8},"end":{"line":186,"column":26}},"89":{"start":{"line":187,"column":8},"end":{"line":187,"column":72}}},"fnMap":{"0":{"name":"(anonymous_0)","decl":{"start":{"line":8,"column":17},"end":{"line":8,"column":18}},"loc":{"start":{"line":8,"column":43},"end":{"line":23,"column":1}},"line":8},"1":{"name":"(anonymous_1)","decl":{"start":{"line":25,"column":14},"end":{"line":25,"column":15}},"loc":{"start":{"line":25,"column":40},"end":{"line":48,"column":1}},"line":25},"2":{"name":"(anonymous_2)","decl":{"start":{"line":50,"column":28},"end":{"line":50,"column":29}},"loc":{"start":{"line":50,"column":52},"end":{"line":72,"column":1}},"line":50},"3":{"name":"(anonymous_3)","decl":{"start":{"line":74,"column":36},"end":{"line":74,"column":37}},"loc":{"start":{"line":74,"column":62},"end":{"line":96,"column":1}},"line":74},"4":{"name":"(anonymous_4)","decl":{"start":{"line":98,"column":17},"end":{"line":98,"column":18}},"loc":{"start":{"line":98,"column":43},"end":{"line":121,"column":1}},"line":98},"5":{"name":"(anonymous_5)","decl":{"start":{"line":109,"column":161},"end":{"line":109,"column":162}},"loc":{"start":{"line":109,"column":175},"end":{"line":111,"column":9}},"line":109},"6":{"name":"(anonymous_6)","decl":{"start":{"line":123,"column":21},"end":{"line":123,"column":22}},"loc":{"start":{"line":123,"column":47},"end":{"line":144,"column":1}},"line":123},"7":{"name":"(anonymous_7)","decl":{"start":{"line":146,"column":17},"end":{"line":146,"column":18}},"loc":{"start":{"line":146,"column":43},"end":{"line":169,"column":1}},"line":146},"8":{"name":"(anonymous_8)","decl":{"start":{"line":157,"column":93},"end":{"line":157,"column":94}},"loc":{"start":{"line":157,"column":107},"end":{"line":159,"column":9}},"line":157},"9":{"name":"(anonymous_9)","decl":{"start":{"line":171,"column":25},"end":{"line":171,"column":26}},"loc":{"start":{"line":171,"column":51},"end":{"line":189,"column":1}},"line":171}},"branchMap":{"0":{"loc":{"start":{"line":38,"column":8},"end":{"line":43,"column":9}},"type":"if","locations":[{"start":{"line":38,"column":8},"end":{"line":43,"column":9}},{"start":{"line":38,"column":8},"end":{"line":43,"column":9}}],"line":38},"1":{"loc":{"start":{"line":61,"column":8},"end":{"line":66,"column":9}},"type":"if","locations":[{"start":{"line":61,"column":8},"end":{"line":66,"column":9}},{"start":{"line":61,"column":8},"end":{"line":66,"column":9}}],"line":61},"2":{"loc":{"start":{"line":86,"column":8},"end":{"line":91,"column":9}},"type":"if","locations":[{"start":{"line":86,"column":8},"end":{"line":91,"column":9}},{"start":{"line":86,"column":8},"end":{"line":91,"column":9}}],"line":86},"3":{"loc":{"start":{"line":101,"column":8},"end":{"line":103,"column":9}},"type":"if","locations":[{"start":{"line":101,"column":8},"end":{"line":103,"column":9}},{"start":{"line":101,"column":8},"end":{"line":103,"column":9}}],"line":101},"4":{"loc":{"start":{"line":106,"column":8},"end":{"line":108,"column":9}},"type":"if","locations":[{"start":{"line":106,"column":8},"end":{"line":108,"column":9}},{"start":{"line":106,"column":8},"end":{"line":108,"column":9}}],"line":106},"5":{"loc":{"start":{"line":112,"column":8},"end":{"line":117,"column":9}},"type":"if","locations":[{"start":{"line":112,"column":8},"end":{"line":117,"column":9}},{"start":{"line":112,"column":8},"end":{"line":117,"column":9}}],"line":112},"6":{"loc":{"start":{"line":127,"column":8},"end":{"line":129,"column":9}},"type":"if","locations":[{"start":{"line":127,"column":8},"end":{"line":129,"column":9}},{"start":{"line":127,"column":8},"end":{"line":129,"column":9}}],"line":127},"7":{"loc":{"start":{"line":131,"column":8},"end":{"line":133,"column":9}},"type":"if","locations":[{"start":{"line":131,"column":8},"end":{"line":133,"column":9}},{"start":{"line":131,"column":8},"end":{"line":133,"column":9}}],"line":131},"8":{"loc":{"start":{"line":136,"column":8},"end":{"line":140,"column":9}},"type":"if","locations":[{"start":{"line":136,"column":8},"end":{"line":140,"column":9}},{"start":{"line":136,"column":8},"end":{"line":140,"column":9}}],"line":136},"9":{"loc":{"start":{"line":150,"column":8},"end":{"line":152,"column":9}},"type":"if","locations":[{"start":{"line":150,"column":8},"end":{"line":152,"column":9}},{"start":{"line":150,"column":8},"end":{"line":152,"column":9}}],"line":150},"10":{"loc":{"start":{"line":154,"column":8},"end":{"line":156,"column":9}},"type":"if","locations":[{"start":{"line":154,"column":8},"end":{"line":156,"column":9}},{"start":{"line":154,"column":8},"end":{"line":156,"column":9}}],"line":154},"11":{"loc":{"start":{"line":160,"column":8},"end":{"line":165,"column":9}},"type":"if","locations":[{"start":{"line":160,"column":8},"end":{"line":165,"column":9}},{"start":{"line":160,"column":8},"end":{"line":165,"column":9}}],"line":160},"12":{"loc":{"start":{"line":176,"column":8},"end":{"line":178,"column":9}},"type":"if","locations":[{"start":{"line":176,"column":8},"end":{"line":178,"column":9}},{"start":{"line":176,"column":8},"end":{"line":178,"column":9}}],"line":176},"13":{"loc":{"start":{"line":180,"column":8},"end":{"line":184,"column":9}},"type":"if","locations":[{"start":{"line":180,"column":8},"end":{"line":184,"column":9}},{"start":{"line":180,"column":8},"end":{"line":184,"column":9}}],"line":180}},"s":{"0":1,"1":1,"2":1,"3":1,"4":1,"5":1,"6":0,"7":0,"8":0,"9":0,"10":0,"11":0,"12":0,"13":0,"14":0,"15":1,"16":0,"17":0,"18":0,"19":0,"20":0,"21":0,"22":1,"23":0,"24":0,"25":0,"26":0,"27":0,"28":0,"29":1,"30":0,"31":0,"32":0,"33":0,"34":0,"35":0,"36":0,"37":0,"38":0,"39":0,"40":1,"41":0,"42":0,"43":0,"44":0,"45":0,"46":0,"47":0,"48":0,"49":0,"50":0,"51":0,"52":0,"53":1,"54":0,"55":0,"56":0,"57":0,"58":0,"59":0,"60":0,"61":0,"62":0,"63":0,"64":0,"65":1,"66":0,"67":0,"68":0,"69":0,"70":0,"71":0,"72":0,"73":0,"74":0,"75":0,"76":0,"77":0,"78":1,"79":0,"80":0,"81":0,"82":0,"83":0,"84":0,"85":0,"86":0,"87":0,"88":0,"89":0},"f":{"0":0,"1":0,"2":0,"3":0,"4":0,"5":0,"6":0,"7":0,"8":0,"9":0},"b":{"0":[0,0],"1":[0,0],"2":[0,0],"3":[0,0],"4":[0,0],"5":[0,0],"6":[0,0],"7":[0,0],"8":[0,0],"9":[0,0],"10":[0,0],"11":[0,0],"12":[0,0],"13":[0,0]},"_coverageSchema":"43e27e138ebf9cfc5966b082cf9a028302ed4184","hash":"6bdde33edd4757a2beb15dd4895d03c5bdb0cbd6"}
,"D:\\latest-backend\\dreamSociety\\app\\controller\\assets.js": {"path":"D:\\latest-backend\\dreamSociety\\app\\controller\\assets.js","statementMap":{"0":{"start":{"line":1,"column":11},"end":{"line":1,"column":44}},"1":{"start":{"line":2,"column":19},"end":{"line":2,"column":41}},"2":{"start":{"line":4,"column":15},"end":{"line":4,"column":24}},"3":{"start":{"line":5,"column":11},"end":{"line":5,"column":26}},"4":{"start":{"line":7,"column":0},"end":{"line":22,"column":1}},"5":{"start":{"line":8,"column":4},"end":{"line":21,"column":5}},"6":{"start":{"line":9,"column":8},"end":{"line":9,"column":39}},"7":{"start":{"line":10,"column":8},"end":{"line":10,"column":44}},"8":{"start":{"line":11,"column":19},"end":{"line":11,"column":27}},"9":{"start":{"line":12,"column":8},"end":{"line":12,"column":33}},"10":{"start":{"line":13,"column":23},"end":{"line":13,"column":48}},"11":{"start":{"line":14,"column":8},"end":{"line":17,"column":11}},"12":{"start":{"line":19,"column":8},"end":{"line":19,"column":39}},"13":{"start":{"line":20,"column":8},"end":{"line":20,"column":65}},"14":{"start":{"line":24,"column":0},"end":{"line":48,"column":1}},"15":{"start":{"line":25,"column":4},"end":{"line":47,"column":5}},"16":{"start":{"line":33,"column":23},"end":{"line":37,"column":10}},"17":{"start":{"line":38,"column":8},"end":{"line":43,"column":9}},"18":{"start":{"line":39,"column":12},"end":{"line":42,"column":15}},"19":{"start":{"line":45,"column":8},"end":{"line":45,"column":38}},"20":{"start":{"line":46,"column":8},"end":{"line":46,"column":65}},"21":{"start":{"line":50,"column":0},"end":{"line":73,"column":1}},"22":{"start":{"line":51,"column":4},"end":{"line":72,"column":5}},"23":{"start":{"line":52,"column":20},"end":{"line":52,"column":22}},"24":{"start":{"line":53,"column":21},"end":{"line":53,"column":22}},"25":{"start":{"line":54,"column":19},"end":{"line":54,"column":34}},"26":{"start":{"line":55,"column":8},"end":{"line":55,"column":36}},"27":{"start":{"line":56,"column":21},"end":{"line":56,"column":51}},"28":{"start":{"line":58,"column":23},"end":{"line":62,"column":10}},"29":{"start":{"line":63,"column":8},"end":{"line":68,"column":9}},"30":{"start":{"line":64,"column":12},"end":{"line":67,"column":15}},"31":{"start":{"line":70,"column":8},"end":{"line":70,"column":38}},"32":{"start":{"line":71,"column":8},"end":{"line":71,"column":65}},"33":{"start":{"line":75,"column":0},"end":{"line":102,"column":1}},"34":{"start":{"line":76,"column":4},"end":{"line":101,"column":5}},"35":{"start":{"line":77,"column":19},"end":{"line":77,"column":32}},"36":{"start":{"line":78,"column":8},"end":{"line":78,"column":32}},"37":{"start":{"line":79,"column":8},"end":{"line":81,"column":9}},"38":{"start":{"line":80,"column":12},"end":{"line":80,"column":98}},"39":{"start":{"line":82,"column":23},"end":{"line":82,"column":31}},"40":{"start":{"line":84,"column":8},"end":{"line":84,"column":37}},"41":{"start":{"line":86,"column":8},"end":{"line":88,"column":9}},"42":{"start":{"line":87,"column":12},"end":{"line":87,"column":102}},"43":{"start":{"line":89,"column":30},"end":{"line":91,"column":10}},"44":{"start":{"line":90,"column":12},"end":{"line":90,"column":50}},"45":{"start":{"line":92,"column":8},"end":{"line":97,"column":9}},"46":{"start":{"line":93,"column":12},"end":{"line":96,"column":15}},"47":{"start":{"line":99,"column":8},"end":{"line":99,"column":38}},"48":{"start":{"line":100,"column":8},"end":{"line":100,"column":65}},"49":{"start":{"line":104,"column":0},"end":{"line":126,"column":1}},"50":{"start":{"line":105,"column":4},"end":{"line":125,"column":5}},"51":{"start":{"line":106,"column":19},"end":{"line":106,"column":32}},"52":{"start":{"line":108,"column":8},"end":{"line":110,"column":9}},"53":{"start":{"line":109,"column":12},"end":{"line":109,"column":98}},"54":{"start":{"line":111,"column":22},"end":{"line":111,"column":70}},"55":{"start":{"line":112,"column":8},"end":{"line":114,"column":9}},"56":{"start":{"line":113,"column":12},"end":{"line":113,"column":103}},"57":{"start":{"line":115,"column":29},"end":{"line":115,"column":77}},"58":{"start":{"line":117,"column":8},"end":{"line":121,"column":9}},"59":{"start":{"line":118,"column":12},"end":{"line":120,"column":15}},"60":{"start":{"line":123,"column":8},"end":{"line":123,"column":26}},"61":{"start":{"line":124,"column":8},"end":{"line":124,"column":76}},"62":{"start":{"line":128,"column":0},"end":{"line":151,"column":1}},"63":{"start":{"line":129,"column":4},"end":{"line":150,"column":5}},"64":{"start":{"line":130,"column":19},"end":{"line":130,"column":32}},"65":{"start":{"line":131,"column":8},"end":{"line":131,"column":48}},"66":{"start":{"line":132,"column":8},"end":{"line":134,"column":9}},"67":{"start":{"line":133,"column":12},"end":{"line":133,"column":98}},"68":{"start":{"line":135,"column":23},"end":{"line":135,"column":31}},"69":{"start":{"line":136,"column":8},"end":{"line":138,"column":9}},"70":{"start":{"line":137,"column":12},"end":{"line":137,"column":102}},"71":{"start":{"line":139,"column":30},"end":{"line":141,"column":10}},"72":{"start":{"line":140,"column":12},"end":{"line":140,"column":50}},"73":{"start":{"line":142,"column":8},"end":{"line":147,"column":9}},"74":{"start":{"line":143,"column":12},"end":{"line":146,"column":15}},"75":{"start":{"line":149,"column":8},"end":{"line":149,"column":65}},"76":{"start":{"line":153,"column":0},"end":{"line":171,"column":1}},"77":{"start":{"line":154,"column":4},"end":{"line":170,"column":5}},"78":{"start":{"line":155,"column":31},"end":{"line":155,"column":43}},"79":{"start":{"line":156,"column":8},"end":{"line":156,"column":58}},"80":{"start":{"line":157,"column":23},"end":{"line":157,"column":42}},"81":{"start":{"line":158,"column":8},"end":{"line":160,"column":9}},"82":{"start":{"line":159,"column":12},"end":{"line":159,"column":96}},"83":{"start":{"line":161,"column":30},"end":{"line":161,"column":110}},"84":{"start":{"line":162,"column":8},"end":{"line":166,"column":9}},"85":{"start":{"line":163,"column":12},"end":{"line":165,"column":15}},"86":{"start":{"line":168,"column":8},"end":{"line":168,"column":26}},"87":{"start":{"line":169,"column":8},"end":{"line":169,"column":72}}},"fnMap":{"0":{"name":"(anonymous_0)","decl":{"start":{"line":7,"column":17},"end":{"line":7,"column":18}},"loc":{"start":{"line":7,"column":43},"end":{"line":22,"column":1}},"line":7},"1":{"name":"(anonymous_1)","decl":{"start":{"line":24,"column":14},"end":{"line":24,"column":15}},"loc":{"start":{"line":24,"column":40},"end":{"line":48,"column":1}},"line":24},"2":{"name":"(anonymous_2)","decl":{"start":{"line":50,"column":32},"end":{"line":50,"column":33}},"loc":{"start":{"line":50,"column":58},"end":{"line":73,"column":1}},"line":50},"3":{"name":"(anonymous_3)","decl":{"start":{"line":75,"column":17},"end":{"line":75,"column":18}},"loc":{"start":{"line":75,"column":43},"end":{"line":102,"column":1}},"line":75},"4":{"name":"(anonymous_4)","decl":{"start":{"line":89,"column":81},"end":{"line":89,"column":82}},"loc":{"start":{"line":89,"column":91},"end":{"line":91,"column":9}},"line":89},"5":{"name":"(anonymous_5)","decl":{"start":{"line":104,"column":21},"end":{"line":104,"column":22}},"loc":{"start":{"line":104,"column":47},"end":{"line":126,"column":1}},"line":104},"6":{"name":"(anonymous_6)","decl":{"start":{"line":128,"column":17},"end":{"line":128,"column":18}},"loc":{"start":{"line":128,"column":43},"end":{"line":151,"column":1}},"line":128},"7":{"name":"(anonymous_7)","decl":{"start":{"line":139,"column":81},"end":{"line":139,"column":82}},"loc":{"start":{"line":139,"column":91},"end":{"line":141,"column":9}},"line":139},"8":{"name":"(anonymous_8)","decl":{"start":{"line":153,"column":25},"end":{"line":153,"column":26}},"loc":{"start":{"line":153,"column":51},"end":{"line":171,"column":1}},"line":153}},"branchMap":{"0":{"loc":{"start":{"line":38,"column":8},"end":{"line":43,"column":9}},"type":"if","locations":[{"start":{"line":38,"column":8},"end":{"line":43,"column":9}},{"start":{"line":38,"column":8},"end":{"line":43,"column":9}}],"line":38},"1":{"loc":{"start":{"line":63,"column":8},"end":{"line":68,"column":9}},"type":"if","locations":[{"start":{"line":63,"column":8},"end":{"line":68,"column":9}},{"start":{"line":63,"column":8},"end":{"line":68,"column":9}}],"line":63},"2":{"loc":{"start":{"line":79,"column":8},"end":{"line":81,"column":9}},"type":"if","locations":[{"start":{"line":79,"column":8},"end":{"line":81,"column":9}},{"start":{"line":79,"column":8},"end":{"line":81,"column":9}}],"line":79},"3":{"loc":{"start":{"line":86,"column":8},"end":{"line":88,"column":9}},"type":"if","locations":[{"start":{"line":86,"column":8},"end":{"line":88,"column":9}},{"start":{"line":86,"column":8},"end":{"line":88,"column":9}}],"line":86},"4":{"loc":{"start":{"line":92,"column":8},"end":{"line":97,"column":9}},"type":"if","locations":[{"start":{"line":92,"column":8},"end":{"line":97,"column":9}},{"start":{"line":92,"column":8},"end":{"line":97,"column":9}}],"line":92},"5":{"loc":{"start":{"line":108,"column":8},"end":{"line":110,"column":9}},"type":"if","locations":[{"start":{"line":108,"column":8},"end":{"line":110,"column":9}},{"start":{"line":108,"column":8},"end":{"line":110,"column":9}}],"line":108},"6":{"loc":{"start":{"line":112,"column":8},"end":{"line":114,"column":9}},"type":"if","locations":[{"start":{"line":112,"column":8},"end":{"line":114,"column":9}},{"start":{"line":112,"column":8},"end":{"line":114,"column":9}}],"line":112},"7":{"loc":{"start":{"line":117,"column":8},"end":{"line":121,"column":9}},"type":"if","locations":[{"start":{"line":117,"column":8},"end":{"line":121,"column":9}},{"start":{"line":117,"column":8},"end":{"line":121,"column":9}}],"line":117},"8":{"loc":{"start":{"line":132,"column":8},"end":{"line":134,"column":9}},"type":"if","locations":[{"start":{"line":132,"column":8},"end":{"line":134,"column":9}},{"start":{"line":132,"column":8},"end":{"line":134,"column":9}}],"line":132},"9":{"loc":{"start":{"line":136,"column":8},"end":{"line":138,"column":9}},"type":"if","locations":[{"start":{"line":136,"column":8},"end":{"line":138,"column":9}},{"start":{"line":136,"column":8},"end":{"line":138,"column":9}}],"line":136},"10":{"loc":{"start":{"line":142,"column":8},"end":{"line":147,"column":9}},"type":"if","locations":[{"start":{"line":142,"column":8},"end":{"line":147,"column":9}},{"start":{"line":142,"column":8},"end":{"line":147,"column":9}}],"line":142},"11":{"loc":{"start":{"line":158,"column":8},"end":{"line":160,"column":9}},"type":"if","locations":[{"start":{"line":158,"column":8},"end":{"line":160,"column":9}},{"start":{"line":158,"column":8},"end":{"line":160,"column":9}}],"line":158},"12":{"loc":{"start":{"line":162,"column":8},"end":{"line":166,"column":9}},"type":"if","locations":[{"start":{"line":162,"column":8},"end":{"line":166,"column":9}},{"start":{"line":162,"column":8},"end":{"line":166,"column":9}}],"line":162}},"s":{"0":1,"1":1,"2":1,"3":1,"4":1,"5":0,"6":0,"7":0,"8":0,"9":0,"10":0,"11":0,"12":0,"13":0,"14":1,"15":0,"16":0,"17":0,"18":0,"19":0,"20":0,"21":1,"22":0,"23":0,"24":0,"25":0,"26":0,"27":0,"28":0,"29":0,"30":0,"31":0,"32":0,"33":1,"34":0,"35":0,"36":0,"37":0,"38":0,"39":0,"40":0,"41":0,"42":0,"43":0,"44":0,"45":0,"46":0,"47":0,"48":0,"49":1,"50":0,"51":0,"52":0,"53":0,"54":0,"55":0,"56":0,"57":0,"58":0,"59":0,"60":0,"61":0,"62":1,"63":0,"64":0,"65":0,"66":0,"67":0,"68":0,"69":0,"70":0,"71":0,"72":0,"73":0,"74":0,"75":0,"76":1,"77":0,"78":0,"79":0,"80":0,"81":0,"82":0,"83":0,"84":0,"85":0,"86":0,"87":0},"f":{"0":0,"1":0,"2":0,"3":0,"4":0,"5":0,"6":0,"7":0,"8":0},"b":{"0":[0,0],"1":[0,0],"2":[0,0],"3":[0,0],"4":[0,0],"5":[0,0],"6":[0,0],"7":[0,0],"8":[0,0],"9":[0,0],"10":[0,0],"11":[0,0],"12":[0,0]},"_coverageSchema":"43e27e138ebf9cfc5966b082cf9a028302ed4184","hash":"25c4fa031bfb52aa3402543ee42c9429c9496d0a"}
,"D:\\latest-backend\\dreamSociety\\app\\controller\\city.js": {"path":"D:\\latest-backend\\dreamSociety\\app\\controller\\city.js","statementMap":{"0":{"start":{"line":1,"column":11},"end":{"line":1,"column":44}},"1":{"start":{"line":2,"column":15},"end":{"line":2,"column":45}},"2":{"start":{"line":3,"column":19},"end":{"line":3,"column":41}},"3":{"start":{"line":5,"column":13},"end":{"line":5,"column":20}},"4":{"start":{"line":6,"column":16},"end":{"line":6,"column":26}},"5":{"start":{"line":7,"column":14},"end":{"line":7,"column":22}},"6":{"start":{"line":8,"column":11},"end":{"line":8,"column":26}},"7":{"start":{"line":10,"column":0},"end":{"line":41,"column":1}},"8":{"start":{"line":11,"column":4},"end":{"line":11,"column":33}},"9":{"start":{"line":13,"column":19},"end":{"line":21,"column":6}},"10":{"start":{"line":23,"column":16},"end":{"line":25,"column":6}},"11":{"start":{"line":24,"column":8},"end":{"line":24,"column":114}},"12":{"start":{"line":26,"column":4},"end":{"line":29,"column":5}},"13":{"start":{"line":27,"column":8},"end":{"line":27,"column":36}},"14":{"start":{"line":28,"column":8},"end":{"line":28,"column":104}},"15":{"start":{"line":30,"column":4},"end":{"line":40,"column":6}},"16":{"start":{"line":37,"column":8},"end":{"line":37,"column":70}},"17":{"start":{"line":39,"column":8},"end":{"line":39,"column":54}},"18":{"start":{"line":43,"column":0},"end":{"line":54,"column":1}},"19":{"start":{"line":44,"column":4},"end":{"line":44,"column":34}},"20":{"start":{"line":45,"column":4},"end":{"line":53,"column":11}},"21":{"start":{"line":52,"column":12},"end":{"line":52,"column":29}},"22":{"start":{"line":56,"column":0},"end":{"line":74,"column":1}},"23":{"start":{"line":57,"column":4},"end":{"line":73,"column":6}},"24":{"start":{"line":65,"column":8},"end":{"line":67,"column":10}},"25":{"start":{"line":69,"column":8},"end":{"line":72,"column":11}},"26":{"start":{"line":76,"column":0},"end":{"line":128,"column":1}},"27":{"start":{"line":77,"column":15},"end":{"line":77,"column":28}},"28":{"start":{"line":78,"column":4},"end":{"line":80,"column":5}},"29":{"start":{"line":79,"column":8},"end":{"line":79,"column":36}},"30":{"start":{"line":81,"column":20},"end":{"line":81,"column":28}},"31":{"start":{"line":82,"column":17},"end":{"line":87,"column":6}},"32":{"start":{"line":89,"column":4},"end":{"line":127,"column":5}},"33":{"start":{"line":90,"column":28},"end":{"line":92,"column":10}},"34":{"start":{"line":91,"column":12},"end":{"line":91,"column":49}},"35":{"start":{"line":93,"column":8},"end":{"line":98,"column":9}},"36":{"start":{"line":94,"column":12},"end":{"line":97,"column":15}},"37":{"start":{"line":100,"column":19},"end":{"line":108,"column":6}},"38":{"start":{"line":109,"column":4},"end":{"line":109,"column":24}},"39":{"start":{"line":110,"column":16},"end":{"line":112,"column":6}},"40":{"start":{"line":111,"column":8},"end":{"line":111,"column":114}},"41":{"start":{"line":113,"column":4},"end":{"line":113,"column":23}},"42":{"start":{"line":114,"column":4},"end":{"line":117,"column":5}},"43":{"start":{"line":115,"column":8},"end":{"line":115,"column":35}},"44":{"start":{"line":116,"column":8},"end":{"line":116,"column":104}},"45":{"start":{"line":118,"column":4},"end":{"line":126,"column":11}},"46":{"start":{"line":122,"column":12},"end":{"line":122,"column":49}},"47":{"start":{"line":125,"column":12},"end":{"line":125,"column":90}},"48":{"start":{"line":130,"column":0},"end":{"line":152,"column":1}},"49":{"start":{"line":131,"column":4},"end":{"line":151,"column":5}},"50":{"start":{"line":132,"column":19},"end":{"line":132,"column":32}},"51":{"start":{"line":134,"column":8},"end":{"line":136,"column":9}},"52":{"start":{"line":135,"column":12},"end":{"line":135,"column":98}},"53":{"start":{"line":137,"column":21},"end":{"line":137,"column":66}},"54":{"start":{"line":138,"column":8},"end":{"line":140,"column":9}},"55":{"start":{"line":139,"column":12},"end":{"line":139,"column":103}},"56":{"start":{"line":141,"column":28},"end":{"line":141,"column":73}},"57":{"start":{"line":143,"column":8},"end":{"line":148,"column":9}},"58":{"start":{"line":144,"column":12},"end":{"line":146,"column":15}},"59":{"start":{"line":150,"column":8},"end":{"line":150,"column":65}},"60":{"start":{"line":154,"column":0},"end":{"line":177,"column":1}},"61":{"start":{"line":155,"column":4},"end":{"line":176,"column":5}},"62":{"start":{"line":156,"column":19},"end":{"line":156,"column":32}},"63":{"start":{"line":158,"column":8},"end":{"line":160,"column":9}},"64":{"start":{"line":159,"column":12},"end":{"line":159,"column":98}},"65":{"start":{"line":161,"column":23},"end":{"line":161,"column":31}},"66":{"start":{"line":162,"column":8},"end":{"line":164,"column":9}},"67":{"start":{"line":163,"column":12},"end":{"line":163,"column":102}},"68":{"start":{"line":165,"column":28},"end":{"line":167,"column":10}},"69":{"start":{"line":166,"column":12},"end":{"line":166,"column":48}},"70":{"start":{"line":168,"column":8},"end":{"line":173,"column":9}},"71":{"start":{"line":169,"column":12},"end":{"line":172,"column":15}},"72":{"start":{"line":175,"column":8},"end":{"line":175,"column":65}},"73":{"start":{"line":179,"column":0},"end":{"line":198,"column":1}},"74":{"start":{"line":180,"column":4},"end":{"line":197,"column":5}},"75":{"start":{"line":182,"column":31},"end":{"line":182,"column":43}},"76":{"start":{"line":183,"column":8},"end":{"line":183,"column":58}},"77":{"start":{"line":184,"column":23},"end":{"line":184,"column":42}},"78":{"start":{"line":185,"column":8},"end":{"line":187,"column":9}},"79":{"start":{"line":186,"column":12},"end":{"line":186,"column":96}},"80":{"start":{"line":188,"column":28},"end":{"line":188,"column":105}},"81":{"start":{"line":189,"column":8},"end":{"line":193,"column":9}},"82":{"start":{"line":190,"column":12},"end":{"line":192,"column":15}},"83":{"start":{"line":195,"column":8},"end":{"line":195,"column":26}},"84":{"start":{"line":196,"column":8},"end":{"line":196,"column":72}}},"fnMap":{"0":{"name":"(anonymous_0)","decl":{"start":{"line":10,"column":17},"end":{"line":10,"column":18}},"loc":{"start":{"line":10,"column":37},"end":{"line":41,"column":1}},"line":10},"1":{"name":"(anonymous_1)","decl":{"start":{"line":23,"column":28},"end":{"line":23,"column":29}},"loc":{"start":{"line":23,"column":36},"end":{"line":25,"column":5}},"line":23},"2":{"name":"(anonymous_2)","decl":{"start":{"line":36,"column":12},"end":{"line":36,"column":13}},"loc":{"start":{"line":36,"column":20},"end":{"line":38,"column":5}},"line":36},"3":{"name":"(anonymous_3)","decl":{"start":{"line":38,"column":13},"end":{"line":38,"column":14}},"loc":{"start":{"line":38,"column":20},"end":{"line":40,"column":5}},"line":38},"4":{"name":"(anonymous_4)","decl":{"start":{"line":43,"column":14},"end":{"line":43,"column":15}},"loc":{"start":{"line":43,"column":28},"end":{"line":54,"column":1}},"line":43},"5":{"name":"(anonymous_5)","decl":{"start":{"line":51,"column":14},"end":{"line":51,"column":15}},"loc":{"start":{"line":51,"column":24},"end":{"line":53,"column":9}},"line":51},"6":{"name":"(anonymous_6)","decl":{"start":{"line":56,"column":18},"end":{"line":56,"column":19}},"loc":{"start":{"line":56,"column":32},"end":{"line":74,"column":1}},"line":56},"7":{"name":"(anonymous_7)","decl":{"start":{"line":64,"column":12},"end":{"line":64,"column":13}},"loc":{"start":{"line":64,"column":20},"end":{"line":68,"column":5}},"line":64},"8":{"name":"(anonymous_8)","decl":{"start":{"line":68,"column":13},"end":{"line":68,"column":14}},"loc":{"start":{"line":68,"column":20},"end":{"line":73,"column":5}},"line":68},"9":{"name":"(anonymous_9)","decl":{"start":{"line":76,"column":17},"end":{"line":76,"column":18}},"loc":{"start":{"line":76,"column":37},"end":{"line":128,"column":1}},"line":76},"10":{"name":"(anonymous_10)","decl":{"start":{"line":90,"column":76},"end":{"line":90,"column":77}},"loc":{"start":{"line":90,"column":84},"end":{"line":92,"column":9}},"line":90},"11":{"name":"(anonymous_11)","decl":{"start":{"line":110,"column":28},"end":{"line":110,"column":29}},"loc":{"start":{"line":110,"column":36},"end":{"line":112,"column":5}},"line":110},"12":{"name":"(anonymous_12)","decl":{"start":{"line":121,"column":14},"end":{"line":121,"column":15}},"loc":{"start":{"line":121,"column":22},"end":{"line":123,"column":9}},"line":121},"13":{"name":"(anonymous_13)","decl":{"start":{"line":124,"column":14},"end":{"line":124,"column":15}},"loc":{"start":{"line":124,"column":29},"end":{"line":126,"column":9}},"line":124},"14":{"name":"(anonymous_14)","decl":{"start":{"line":130,"column":21},"end":{"line":130,"column":22}},"loc":{"start":{"line":130,"column":47},"end":{"line":152,"column":1}},"line":130},"15":{"name":"(anonymous_15)","decl":{"start":{"line":154,"column":17},"end":{"line":154,"column":18}},"loc":{"start":{"line":154,"column":43},"end":{"line":177,"column":1}},"line":154},"16":{"name":"(anonymous_16)","decl":{"start":{"line":165,"column":76},"end":{"line":165,"column":77}},"loc":{"start":{"line":165,"column":84},"end":{"line":167,"column":9}},"line":165},"17":{"name":"(anonymous_17)","decl":{"start":{"line":179,"column":25},"end":{"line":179,"column":26}},"loc":{"start":{"line":179,"column":51},"end":{"line":198,"column":1}},"line":179}},"branchMap":{"0":{"loc":{"start":{"line":26,"column":4},"end":{"line":29,"column":5}},"type":"if","locations":[{"start":{"line":26,"column":4},"end":{"line":29,"column":5}},{"start":{"line":26,"column":4},"end":{"line":29,"column":5}}],"line":26},"1":{"loc":{"start":{"line":78,"column":4},"end":{"line":80,"column":5}},"type":"if","locations":[{"start":{"line":78,"column":4},"end":{"line":80,"column":5}},{"start":{"line":78,"column":4},"end":{"line":80,"column":5}}],"line":78},"2":{"loc":{"start":{"line":89,"column":4},"end":{"line":127,"column":5}},"type":"if","locations":[{"start":{"line":89,"column":4},"end":{"line":127,"column":5}},{"start":{"line":89,"column":4},"end":{"line":127,"column":5}}],"line":89},"3":{"loc":{"start":{"line":93,"column":8},"end":{"line":98,"column":9}},"type":"if","locations":[{"start":{"line":93,"column":8},"end":{"line":98,"column":9}},{"start":{"line":93,"column":8},"end":{"line":98,"column":9}}],"line":93},"4":{"loc":{"start":{"line":114,"column":4},"end":{"line":117,"column":5}},"type":"if","locations":[{"start":{"line":114,"column":4},"end":{"line":117,"column":5}},{"start":{"line":114,"column":4},"end":{"line":117,"column":5}}],"line":114},"5":{"loc":{"start":{"line":134,"column":8},"end":{"line":136,"column":9}},"type":"if","locations":[{"start":{"line":134,"column":8},"end":{"line":136,"column":9}},{"start":{"line":134,"column":8},"end":{"line":136,"column":9}}],"line":134},"6":{"loc":{"start":{"line":138,"column":8},"end":{"line":140,"column":9}},"type":"if","locations":[{"start":{"line":138,"column":8},"end":{"line":140,"column":9}},{"start":{"line":138,"column":8},"end":{"line":140,"column":9}}],"line":138},"7":{"loc":{"start":{"line":143,"column":8},"end":{"line":148,"column":9}},"type":"if","locations":[{"start":{"line":143,"column":8},"end":{"line":148,"column":9}},{"start":{"line":143,"column":8},"end":{"line":148,"column":9}}],"line":143},"8":{"loc":{"start":{"line":158,"column":8},"end":{"line":160,"column":9}},"type":"if","locations":[{"start":{"line":158,"column":8},"end":{"line":160,"column":9}},{"start":{"line":158,"column":8},"end":{"line":160,"column":9}}],"line":158},"9":{"loc":{"start":{"line":162,"column":8},"end":{"line":164,"column":9}},"type":"if","locations":[{"start":{"line":162,"column":8},"end":{"line":164,"column":9}},{"start":{"line":162,"column":8},"end":{"line":164,"column":9}}],"line":162},"10":{"loc":{"start":{"line":168,"column":8},"end":{"line":173,"column":9}},"type":"if","locations":[{"start":{"line":168,"column":8},"end":{"line":173,"column":9}},{"start":{"line":168,"column":8},"end":{"line":173,"column":9}}],"line":168},"11":{"loc":{"start":{"line":185,"column":8},"end":{"line":187,"column":9}},"type":"if","locations":[{"start":{"line":185,"column":8},"end":{"line":187,"column":9}},{"start":{"line":185,"column":8},"end":{"line":187,"column":9}}],"line":185},"12":{"loc":{"start":{"line":189,"column":8},"end":{"line":193,"column":9}},"type":"if","locations":[{"start":{"line":189,"column":8},"end":{"line":193,"column":9}},{"start":{"line":189,"column":8},"end":{"line":193,"column":9}}],"line":189}},"s":{"0":1,"1":1,"2":1,"3":1,"4":1,"5":1,"6":1,"7":1,"8":0,"9":0,"10":0,"11":0,"12":0,"13":0,"14":0,"15":0,"16":0,"17":0,"18":1,"19":0,"20":0,"21":0,"22":1,"23":0,"24":0,"25":0,"26":1,"27":0,"28":0,"29":0,"30":0,"31":0,"32":0,"33":0,"34":0,"35":0,"36":0,"37":0,"38":0,"39":0,"40":0,"41":0,"42":0,"43":0,"44":0,"45":0,"46":0,"47":0,"48":1,"49":0,"50":0,"51":0,"52":0,"53":0,"54":0,"55":0,"56":0,"57":0,"58":0,"59":0,"60":1,"61":0,"62":0,"63":0,"64":0,"65":0,"66":0,"67":0,"68":0,"69":0,"70":0,"71":0,"72":0,"73":1,"74":0,"75":0,"76":0,"77":0,"78":0,"79":0,"80":0,"81":0,"82":0,"83":0,"84":0},"f":{"0":0,"1":0,"2":0,"3":0,"4":0,"5":0,"6":0,"7":0,"8":0,"9":0,"10":0,"11":0,"12":0,"13":0,"14":0,"15":0,"16":0,"17":0},"b":{"0":[0,0],"1":[0,0],"2":[0,0],"3":[0,0],"4":[0,0],"5":[0,0],"6":[0,0],"7":[0,0],"8":[0,0],"9":[0,0],"10":[0,0],"11":[0,0],"12":[0,0]},"_coverageSchema":"43e27e138ebf9cfc5966b082cf9a028302ed4184","hash":"aa5488fc6a885c0eb78cc176a651461c97225561"}
,"D:\\latest-backend\\dreamSociety\\app\\controller\\country.js": {"path":"D:\\latest-backend\\dreamSociety\\app\\controller\\country.js","statementMap":{"0":{"start":{"line":1,"column":11},"end":{"line":1,"column":44}},"1":{"start":{"line":2,"column":15},"end":{"line":2,"column":45}},"2":{"start":{"line":3,"column":19},"end":{"line":3,"column":41}},"3":{"start":{"line":5,"column":16},"end":{"line":5,"column":26}},"4":{"start":{"line":6,"column":11},"end":{"line":6,"column":26}},"5":{"start":{"line":9,"column":0},"end":{"line":39,"column":1}},"6":{"start":{"line":10,"column":15},"end":{"line":10,"column":23}},"7":{"start":{"line":13,"column":22},"end":{"line":17,"column":6}},"8":{"start":{"line":18,"column":4},"end":{"line":18,"column":27}},"9":{"start":{"line":19,"column":16},"end":{"line":21,"column":6}},"10":{"start":{"line":20,"column":8},"end":{"line":20,"column":123}},"11":{"start":{"line":22,"column":4},"end":{"line":25,"column":5}},"12":{"start":{"line":23,"column":8},"end":{"line":23,"column":38}},"13":{"start":{"line":24,"column":8},"end":{"line":24,"column":107}},"14":{"start":{"line":27,"column":4},"end":{"line":37,"column":6}},"15":{"start":{"line":34,"column":8},"end":{"line":34,"column":98}},"16":{"start":{"line":36,"column":8},"end":{"line":36,"column":61}},"17":{"start":{"line":41,"column":0},"end":{"line":46,"column":1}},"18":{"start":{"line":42,"column":4},"end":{"line":45,"column":11}},"19":{"start":{"line":44,"column":12},"end":{"line":44,"column":30}},"20":{"start":{"line":48,"column":0},"end":{"line":62,"column":1}},"21":{"start":{"line":49,"column":4},"end":{"line":61,"column":6}},"22":{"start":{"line":52,"column":8},"end":{"line":55,"column":11}},"23":{"start":{"line":57,"column":8},"end":{"line":60,"column":11}},"24":{"start":{"line":64,"column":0},"end":{"line":113,"column":1}},"25":{"start":{"line":65,"column":15},"end":{"line":65,"column":28}},"26":{"start":{"line":66,"column":4},"end":{"line":68,"column":5}},"27":{"start":{"line":67,"column":8},"end":{"line":67,"column":36}},"28":{"start":{"line":69,"column":20},"end":{"line":69,"column":28}},"29":{"start":{"line":71,"column":20},"end":{"line":76,"column":6}},"30":{"start":{"line":78,"column":4},"end":{"line":112,"column":5}},"31":{"start":{"line":79,"column":31},"end":{"line":81,"column":10}},"32":{"start":{"line":80,"column":12},"end":{"line":80,"column":52}},"33":{"start":{"line":82,"column":8},"end":{"line":87,"column":9}},"34":{"start":{"line":83,"column":12},"end":{"line":86,"column":15}},"35":{"start":{"line":89,"column":26},"end":{"line":93,"column":10}},"36":{"start":{"line":94,"column":8},"end":{"line":94,"column":31}},"37":{"start":{"line":95,"column":20},"end":{"line":97,"column":10}},"38":{"start":{"line":96,"column":12},"end":{"line":96,"column":127}},"39":{"start":{"line":98,"column":8},"end":{"line":100,"column":9}},"40":{"start":{"line":99,"column":12},"end":{"line":99,"column":111}},"41":{"start":{"line":101,"column":8},"end":{"line":111,"column":15}},"42":{"start":{"line":107,"column":16},"end":{"line":107,"column":56}},"43":{"start":{"line":110,"column":16},"end":{"line":110,"column":103}},"44":{"start":{"line":115,"column":0},"end":{"line":138,"column":1}},"45":{"start":{"line":116,"column":4},"end":{"line":137,"column":5}},"46":{"start":{"line":117,"column":19},"end":{"line":117,"column":32}},"47":{"start":{"line":119,"column":8},"end":{"line":121,"column":9}},"48":{"start":{"line":120,"column":12},"end":{"line":120,"column":98}},"49":{"start":{"line":122,"column":23},"end":{"line":122,"column":31}},"50":{"start":{"line":123,"column":8},"end":{"line":125,"column":9}},"51":{"start":{"line":124,"column":12},"end":{"line":124,"column":102}},"52":{"start":{"line":126,"column":31},"end":{"line":128,"column":10}},"53":{"start":{"line":127,"column":12},"end":{"line":127,"column":51}},"54":{"start":{"line":129,"column":8},"end":{"line":134,"column":9}},"55":{"start":{"line":130,"column":12},"end":{"line":133,"column":15}},"56":{"start":{"line":136,"column":8},"end":{"line":136,"column":65}},"57":{"start":{"line":140,"column":0},"end":{"line":158,"column":1}},"58":{"start":{"line":141,"column":4},"end":{"line":157,"column":5}},"59":{"start":{"line":142,"column":31},"end":{"line":142,"column":43}},"60":{"start":{"line":143,"column":8},"end":{"line":143,"column":58}},"61":{"start":{"line":144,"column":23},"end":{"line":144,"column":42}},"62":{"start":{"line":145,"column":8},"end":{"line":147,"column":9}},"63":{"start":{"line":146,"column":12},"end":{"line":146,"column":96}},"64":{"start":{"line":148,"column":31},"end":{"line":148,"column":114}},"65":{"start":{"line":149,"column":8},"end":{"line":153,"column":9}},"66":{"start":{"line":150,"column":12},"end":{"line":152,"column":15}},"67":{"start":{"line":155,"column":8},"end":{"line":155,"column":26}},"68":{"start":{"line":156,"column":8},"end":{"line":156,"column":72}}},"fnMap":{"0":{"name":"(anonymous_0)","decl":{"start":{"line":9,"column":17},"end":{"line":9,"column":18}},"loc":{"start":{"line":9,"column":37},"end":{"line":39,"column":1}},"line":9},"1":{"name":"(anonymous_1)","decl":{"start":{"line":19,"column":31},"end":{"line":19,"column":32}},"loc":{"start":{"line":19,"column":42},"end":{"line":21,"column":5}},"line":19},"2":{"name":"(anonymous_2)","decl":{"start":{"line":33,"column":12},"end":{"line":33,"column":13}},"loc":{"start":{"line":33,"column":23},"end":{"line":35,"column":5}},"line":33},"3":{"name":"(anonymous_3)","decl":{"start":{"line":35,"column":13},"end":{"line":35,"column":14}},"loc":{"start":{"line":35,"column":20},"end":{"line":37,"column":5}},"line":35},"4":{"name":"(anonymous_4)","decl":{"start":{"line":41,"column":14},"end":{"line":41,"column":15}},"loc":{"start":{"line":41,"column":28},"end":{"line":46,"column":1}},"line":41},"5":{"name":"(anonymous_5)","decl":{"start":{"line":43,"column":14},"end":{"line":43,"column":15}},"loc":{"start":{"line":43,"column":25},"end":{"line":45,"column":9}},"line":43},"6":{"name":"(anonymous_6)","decl":{"start":{"line":48,"column":18},"end":{"line":48,"column":19}},"loc":{"start":{"line":48,"column":32},"end":{"line":62,"column":1}},"line":48},"7":{"name":"(anonymous_7)","decl":{"start":{"line":51,"column":12},"end":{"line":51,"column":13}},"loc":{"start":{"line":51,"column":23},"end":{"line":56,"column":5}},"line":51},"8":{"name":"(anonymous_8)","decl":{"start":{"line":56,"column":13},"end":{"line":56,"column":14}},"loc":{"start":{"line":56,"column":20},"end":{"line":61,"column":5}},"line":56},"9":{"name":"(anonymous_9)","decl":{"start":{"line":64,"column":17},"end":{"line":64,"column":18}},"loc":{"start":{"line":64,"column":37},"end":{"line":113,"column":1}},"line":64},"10":{"name":"(anonymous_10)","decl":{"start":{"line":79,"column":85},"end":{"line":79,"column":86}},"loc":{"start":{"line":79,"column":96},"end":{"line":81,"column":9}},"line":79},"11":{"name":"(anonymous_11)","decl":{"start":{"line":95,"column":35},"end":{"line":95,"column":36}},"loc":{"start":{"line":95,"column":46},"end":{"line":97,"column":9}},"line":95},"12":{"name":"(anonymous_12)","decl":{"start":{"line":106,"column":18},"end":{"line":106,"column":19}},"loc":{"start":{"line":106,"column":29},"end":{"line":108,"column":13}},"line":106},"13":{"name":"(anonymous_13)","decl":{"start":{"line":109,"column":18},"end":{"line":109,"column":19}},"loc":{"start":{"line":109,"column":36},"end":{"line":111,"column":13}},"line":109},"14":{"name":"(anonymous_14)","decl":{"start":{"line":115,"column":17},"end":{"line":115,"column":18}},"loc":{"start":{"line":115,"column":43},"end":{"line":138,"column":1}},"line":115},"15":{"name":"(anonymous_15)","decl":{"start":{"line":126,"column":85},"end":{"line":126,"column":86}},"loc":{"start":{"line":126,"column":96},"end":{"line":128,"column":9}},"line":126},"16":{"name":"(anonymous_16)","decl":{"start":{"line":140,"column":25},"end":{"line":140,"column":26}},"loc":{"start":{"line":140,"column":51},"end":{"line":158,"column":1}},"line":140}},"branchMap":{"0":{"loc":{"start":{"line":22,"column":4},"end":{"line":25,"column":5}},"type":"if","locations":[{"start":{"line":22,"column":4},"end":{"line":25,"column":5}},{"start":{"line":22,"column":4},"end":{"line":25,"column":5}}],"line":22},"1":{"loc":{"start":{"line":66,"column":4},"end":{"line":68,"column":5}},"type":"if","locations":[{"start":{"line":66,"column":4},"end":{"line":68,"column":5}},{"start":{"line":66,"column":4},"end":{"line":68,"column":5}}],"line":66},"2":{"loc":{"start":{"line":78,"column":4},"end":{"line":112,"column":5}},"type":"if","locations":[{"start":{"line":78,"column":4},"end":{"line":112,"column":5}},{"start":{"line":78,"column":4},"end":{"line":112,"column":5}}],"line":78},"3":{"loc":{"start":{"line":82,"column":8},"end":{"line":87,"column":9}},"type":"if","locations":[{"start":{"line":82,"column":8},"end":{"line":87,"column":9}},{"start":{"line":82,"column":8},"end":{"line":87,"column":9}}],"line":82},"4":{"loc":{"start":{"line":98,"column":8},"end":{"line":100,"column":9}},"type":"if","locations":[{"start":{"line":98,"column":8},"end":{"line":100,"column":9}},{"start":{"line":98,"column":8},"end":{"line":100,"column":9}}],"line":98},"5":{"loc":{"start":{"line":119,"column":8},"end":{"line":121,"column":9}},"type":"if","locations":[{"start":{"line":119,"column":8},"end":{"line":121,"column":9}},{"start":{"line":119,"column":8},"end":{"line":121,"column":9}}],"line":119},"6":{"loc":{"start":{"line":123,"column":8},"end":{"line":125,"column":9}},"type":"if","locations":[{"start":{"line":123,"column":8},"end":{"line":125,"column":9}},{"start":{"line":123,"column":8},"end":{"line":125,"column":9}}],"line":123},"7":{"loc":{"start":{"line":129,"column":8},"end":{"line":134,"column":9}},"type":"if","locations":[{"start":{"line":129,"column":8},"end":{"line":134,"column":9}},{"start":{"line":129,"column":8},"end":{"line":134,"column":9}}],"line":129},"8":{"loc":{"start":{"line":145,"column":8},"end":{"line":147,"column":9}},"type":"if","locations":[{"start":{"line":145,"column":8},"end":{"line":147,"column":9}},{"start":{"line":145,"column":8},"end":{"line":147,"column":9}}],"line":145},"9":{"loc":{"start":{"line":149,"column":8},"end":{"line":153,"column":9}},"type":"if","locations":[{"start":{"line":149,"column":8},"end":{"line":153,"column":9}},{"start":{"line":149,"column":8},"end":{"line":153,"column":9}}],"line":149}},"s":{"0":1,"1":1,"2":1,"3":1,"4":1,"5":1,"6":0,"7":0,"8":0,"9":0,"10":0,"11":0,"12":0,"13":0,"14":0,"15":0,"16":0,"17":1,"18":0,"19":0,"20":1,"21":0,"22":0,"23":0,"24":1,"25":0,"26":0,"27":0,"28":0,"29":0,"30":0,"31":0,"32":0,"33":0,"34":0,"35":0,"36":0,"37":0,"38":0,"39":0,"40":0,"41":0,"42":0,"43":0,"44":1,"45":0,"46":0,"47":0,"48":0,"49":0,"50":0,"51":0,"52":0,"53":0,"54":0,"55":0,"56":0,"57":1,"58":0,"59":0,"60":0,"61":0,"62":0,"63":0,"64":0,"65":0,"66":0,"67":0,"68":0},"f":{"0":0,"1":0,"2":0,"3":0,"4":0,"5":0,"6":0,"7":0,"8":0,"9":0,"10":0,"11":0,"12":0,"13":0,"14":0,"15":0,"16":0},"b":{"0":[0,0],"1":[0,0],"2":[0,0],"3":[0,0],"4":[0,0],"5":[0,0],"6":[0,0],"7":[0,0],"8":[0,0],"9":[0,0]},"_coverageSchema":"43e27e138ebf9cfc5966b082cf9a028302ed4184","hash":"1c31ec2e65b9811df4c78be8408cc854f7ebaced"}
,"D:\\latest-backend\\dreamSociety\\app\\controller\\designation.js": {"path":"D:\\latest-backend\\dreamSociety\\app\\controller\\designation.js","statementMap":{"0":{"start":{"line":1,"column":11},"end":{"line":1,"column":44}},"1":{"start":{"line":2,"column":15},"end":{"line":2,"column":45}},"2":{"start":{"line":3,"column":19},"end":{"line":3,"column":41}},"3":{"start":{"line":5,"column":20},"end":{"line":5,"column":34}},"4":{"start":{"line":6,"column":11},"end":{"line":6,"column":26}},"5":{"start":{"line":8,"column":0},"end":{"line":36,"column":1}},"6":{"start":{"line":9,"column":4},"end":{"line":35,"column":5}},"7":{"start":{"line":10,"column":8},"end":{"line":10,"column":44}},"8":{"start":{"line":11,"column":19},"end":{"line":11,"column":27}},"9":{"start":{"line":12,"column":8},"end":{"line":12,"column":33}},"10":{"start":{"line":14,"column":29},"end":{"line":18,"column":10}},"11":{"start":{"line":19,"column":20},"end":{"line":21,"column":10}},"12":{"start":{"line":20,"column":12},"end":{"line":20,"column":139}},"13":{"start":{"line":22,"column":8},"end":{"line":24,"column":9}},"14":{"start":{"line":23,"column":12},"end":{"line":23,"column":115}},"15":{"start":{"line":25,"column":28},"end":{"line":25,"column":58}},"16":{"start":{"line":26,"column":8},"end":{"line":31,"column":9}},"17":{"start":{"line":27,"column":12},"end":{"line":30,"column":15}},"18":{"start":{"line":33,"column":8},"end":{"line":33,"column":39}},"19":{"start":{"line":34,"column":8},"end":{"line":34,"column":65}},"20":{"start":{"line":38,"column":0},"end":{"line":51,"column":1}},"21":{"start":{"line":39,"column":4},"end":{"line":50,"column":5}},"22":{"start":{"line":40,"column":28},"end":{"line":40,"column":116}},"23":{"start":{"line":41,"column":8},"end":{"line":46,"column":9}},"24":{"start":{"line":42,"column":12},"end":{"line":45,"column":15}},"25":{"start":{"line":48,"column":8},"end":{"line":48,"column":38}},"26":{"start":{"line":49,"column":8},"end":{"line":49,"column":65}},"27":{"start":{"line":54,"column":0},"end":{"line":109,"column":1}},"28":{"start":{"line":55,"column":4},"end":{"line":108,"column":5}},"29":{"start":{"line":56,"column":19},"end":{"line":56,"column":32}},"30":{"start":{"line":57,"column":23},"end":{"line":57,"column":31}},"31":{"start":{"line":58,"column":8},"end":{"line":58,"column":40}},"32":{"start":{"line":59,"column":8},"end":{"line":59,"column":32}},"33":{"start":{"line":60,"column":8},"end":{"line":62,"column":9}},"34":{"start":{"line":61,"column":12},"end":{"line":61,"column":98}},"35":{"start":{"line":64,"column":28},"end":{"line":71,"column":10}},"36":{"start":{"line":73,"column":8},"end":{"line":105,"column":5}},"37":{"start":{"line":74,"column":39},"end":{"line":76,"column":14}},"38":{"start":{"line":75,"column":16},"end":{"line":75,"column":60}},"39":{"start":{"line":77,"column":12},"end":{"line":82,"column":13}},"40":{"start":{"line":78,"column":16},"end":{"line":81,"column":19}},"41":{"start":{"line":84,"column":29},"end":{"line":88,"column":10}},"42":{"start":{"line":89,"column":20},"end":{"line":91,"column":10}},"43":{"start":{"line":90,"column":12},"end":{"line":90,"column":139}},"44":{"start":{"line":92,"column":8},"end":{"line":94,"column":9}},"45":{"start":{"line":93,"column":12},"end":{"line":93,"column":115}},"46":{"start":{"line":96,"column":35},"end":{"line":98,"column":10}},"47":{"start":{"line":97,"column":12},"end":{"line":97,"column":55}},"48":{"start":{"line":99,"column":8},"end":{"line":104,"column":9}},"49":{"start":{"line":100,"column":12},"end":{"line":103,"column":15}},"50":{"start":{"line":107,"column":8},"end":{"line":107,"column":65}},"51":{"start":{"line":111,"column":0},"end":{"line":134,"column":1}},"52":{"start":{"line":112,"column":4},"end":{"line":133,"column":5}},"53":{"start":{"line":113,"column":19},"end":{"line":113,"column":32}},"54":{"start":{"line":115,"column":8},"end":{"line":117,"column":9}},"55":{"start":{"line":116,"column":12},"end":{"line":116,"column":98}},"56":{"start":{"line":118,"column":23},"end":{"line":118,"column":31}},"57":{"start":{"line":119,"column":8},"end":{"line":121,"column":9}},"58":{"start":{"line":120,"column":12},"end":{"line":120,"column":102}},"59":{"start":{"line":122,"column":35},"end":{"line":124,"column":10}},"60":{"start":{"line":123,"column":12},"end":{"line":123,"column":55}},"61":{"start":{"line":125,"column":8},"end":{"line":130,"column":9}},"62":{"start":{"line":126,"column":12},"end":{"line":129,"column":15}},"63":{"start":{"line":132,"column":8},"end":{"line":132,"column":65}},"64":{"start":{"line":137,"column":0},"end":{"line":155,"column":1}},"65":{"start":{"line":138,"column":4},"end":{"line":154,"column":5}},"66":{"start":{"line":139,"column":31},"end":{"line":139,"column":43}},"67":{"start":{"line":140,"column":8},"end":{"line":140,"column":58}},"68":{"start":{"line":141,"column":23},"end":{"line":141,"column":42}},"69":{"start":{"line":142,"column":8},"end":{"line":144,"column":9}},"70":{"start":{"line":143,"column":12},"end":{"line":143,"column":96}},"71":{"start":{"line":145,"column":35},"end":{"line":145,"column":126}},"72":{"start":{"line":146,"column":8},"end":{"line":150,"column":9}},"73":{"start":{"line":147,"column":12},"end":{"line":149,"column":15}},"74":{"start":{"line":152,"column":8},"end":{"line":152,"column":26}},"75":{"start":{"line":153,"column":8},"end":{"line":153,"column":72}}},"fnMap":{"0":{"name":"(anonymous_0)","decl":{"start":{"line":8,"column":17},"end":{"line":8,"column":18}},"loc":{"start":{"line":8,"column":43},"end":{"line":36,"column":1}},"line":8},"1":{"name":"(anonymous_1)","decl":{"start":{"line":19,"column":38},"end":{"line":19,"column":39}},"loc":{"start":{"line":19,"column":53},"end":{"line":21,"column":9}},"line":19},"2":{"name":"(anonymous_2)","decl":{"start":{"line":38,"column":14},"end":{"line":38,"column":15}},"loc":{"start":{"line":38,"column":40},"end":{"line":51,"column":1}},"line":38},"3":{"name":"(anonymous_3)","decl":{"start":{"line":54,"column":17},"end":{"line":54,"column":18}},"loc":{"start":{"line":54,"column":43},"end":{"line":109,"column":1}},"line":54},"4":{"name":"(anonymous_4)","decl":{"start":{"line":74,"column":101},"end":{"line":74,"column":102}},"loc":{"start":{"line":74,"column":116},"end":{"line":76,"column":13}},"line":74},"5":{"name":"(anonymous_5)","decl":{"start":{"line":89,"column":38},"end":{"line":89,"column":39}},"loc":{"start":{"line":89,"column":53},"end":{"line":91,"column":9}},"line":89},"6":{"name":"(anonymous_6)","decl":{"start":{"line":96,"column":97},"end":{"line":96,"column":98}},"loc":{"start":{"line":96,"column":112},"end":{"line":98,"column":9}},"line":96},"7":{"name":"(anonymous_7)","decl":{"start":{"line":111,"column":17},"end":{"line":111,"column":18}},"loc":{"start":{"line":111,"column":43},"end":{"line":134,"column":1}},"line":111},"8":{"name":"(anonymous_8)","decl":{"start":{"line":122,"column":97},"end":{"line":122,"column":98}},"loc":{"start":{"line":122,"column":112},"end":{"line":124,"column":9}},"line":122},"9":{"name":"(anonymous_9)","decl":{"start":{"line":137,"column":25},"end":{"line":137,"column":26}},"loc":{"start":{"line":137,"column":51},"end":{"line":155,"column":1}},"line":137}},"branchMap":{"0":{"loc":{"start":{"line":22,"column":8},"end":{"line":24,"column":9}},"type":"if","locations":[{"start":{"line":22,"column":8},"end":{"line":24,"column":9}},{"start":{"line":22,"column":8},"end":{"line":24,"column":9}}],"line":22},"1":{"loc":{"start":{"line":26,"column":8},"end":{"line":31,"column":9}},"type":"if","locations":[{"start":{"line":26,"column":8},"end":{"line":31,"column":9}},{"start":{"line":26,"column":8},"end":{"line":31,"column":9}}],"line":26},"2":{"loc":{"start":{"line":41,"column":8},"end":{"line":46,"column":9}},"type":"if","locations":[{"start":{"line":41,"column":8},"end":{"line":46,"column":9}},{"start":{"line":41,"column":8},"end":{"line":46,"column":9}}],"line":41},"3":{"loc":{"start":{"line":60,"column":8},"end":{"line":62,"column":9}},"type":"if","locations":[{"start":{"line":60,"column":8},"end":{"line":62,"column":9}},{"start":{"line":60,"column":8},"end":{"line":62,"column":9}}],"line":60},"4":{"loc":{"start":{"line":73,"column":8},"end":{"line":105,"column":5}},"type":"if","locations":[{"start":{"line":73,"column":8},"end":{"line":105,"column":5}},{"start":{"line":73,"column":8},"end":{"line":105,"column":5}}],"line":73},"5":{"loc":{"start":{"line":77,"column":12},"end":{"line":82,"column":13}},"type":"if","locations":[{"start":{"line":77,"column":12},"end":{"line":82,"column":13}},{"start":{"line":77,"column":12},"end":{"line":82,"column":13}}],"line":77},"6":{"loc":{"start":{"line":92,"column":8},"end":{"line":94,"column":9}},"type":"if","locations":[{"start":{"line":92,"column":8},"end":{"line":94,"column":9}},{"start":{"line":92,"column":8},"end":{"line":94,"column":9}}],"line":92},"7":{"loc":{"start":{"line":99,"column":8},"end":{"line":104,"column":9}},"type":"if","locations":[{"start":{"line":99,"column":8},"end":{"line":104,"column":9}},{"start":{"line":99,"column":8},"end":{"line":104,"column":9}}],"line":99},"8":{"loc":{"start":{"line":115,"column":8},"end":{"line":117,"column":9}},"type":"if","locations":[{"start":{"line":115,"column":8},"end":{"line":117,"column":9}},{"start":{"line":115,"column":8},"end":{"line":117,"column":9}}],"line":115},"9":{"loc":{"start":{"line":119,"column":8},"end":{"line":121,"column":9}},"type":"if","locations":[{"start":{"line":119,"column":8},"end":{"line":121,"column":9}},{"start":{"line":119,"column":8},"end":{"line":121,"column":9}}],"line":119},"10":{"loc":{"start":{"line":125,"column":8},"end":{"line":130,"column":9}},"type":"if","locations":[{"start":{"line":125,"column":8},"end":{"line":130,"column":9}},{"start":{"line":125,"column":8},"end":{"line":130,"column":9}}],"line":125},"11":{"loc":{"start":{"line":142,"column":8},"end":{"line":144,"column":9}},"type":"if","locations":[{"start":{"line":142,"column":8},"end":{"line":144,"column":9}},{"start":{"line":142,"column":8},"end":{"line":144,"column":9}}],"line":142},"12":{"loc":{"start":{"line":146,"column":8},"end":{"line":150,"column":9}},"type":"if","locations":[{"start":{"line":146,"column":8},"end":{"line":150,"column":9}},{"start":{"line":146,"column":8},"end":{"line":150,"column":9}}],"line":146}},"s":{"0":1,"1":1,"2":1,"3":1,"4":1,"5":1,"6":0,"7":0,"8":0,"9":0,"10":0,"11":0,"12":0,"13":0,"14":0,"15":0,"16":0,"17":0,"18":0,"19":0,"20":1,"21":0,"22":0,"23":0,"24":0,"25":0,"26":0,"27":1,"28":0,"29":0,"30":0,"31":0,"32":0,"33":0,"34":0,"35":0,"36":0,"37":0,"38":0,"39":0,"40":0,"41":0,"42":0,"43":0,"44":0,"45":0,"46":0,"47":0,"48":0,"49":0,"50":0,"51":1,"52":0,"53":0,"54":0,"55":0,"56":0,"57":0,"58":0,"59":0,"60":0,"61":0,"62":0,"63":0,"64":1,"65":0,"66":0,"67":0,"68":0,"69":0,"70":0,"71":0,"72":0,"73":0,"74":0,"75":0},"f":{"0":0,"1":0,"2":0,"3":0,"4":0,"5":0,"6":0,"7":0,"8":0,"9":0},"b":{"0":[0,0],"1":[0,0],"2":[0,0],"3":[0,0],"4":[0,0],"5":[0,0],"6":[0,0],"7":[0,0],"8":[0,0],"9":[0,0],"10":[0,0],"11":[0,0],"12":[0,0]},"_coverageSchema":"43e27e138ebf9cfc5966b082cf9a028302ed4184","hash":"4732e5ed64e9932eb54494780d488887f4a5bcec"}
[...]
,"D:\\latest-backend\\dreamSociety\\app\\model\\rfid.model.js": {"path":"D:\\latest-backend\\dreamSociety\\app\\model\\rfid.model.js","statementMap":{"0":{"start":{"line":1,"column":0},"end":{"line":28,"column":1}},"1":{"start":{"line":2,"column":17},"end":{"line":25,"column":10}},"2":{"start":{"line":27,"column":4},"end":{"line":27,"column":16}}},"fnMap":{"0":{"name":"(anonymous_0)","decl":{"start":{"line":1,"column":17},"end":{"line":1,"column":18}},"loc":{"start":{"line":1,"column":43},"end":{"line":28,"column":1}},"line":1}},"branchMap":{},"s":{"0":6,"1":6,"2":6},"f":{"0":6},"b":{},"_coverageSchema":"43e27e138ebf9cfc5966b082cf9a028302ed4184","hash":"8091e41b8bf6e1b47f3266ef4a8217ba49ac7709"}
,"D:\\latest-backend\\dreamSociety\\app\\model\\role.model.js": {"path":"D:\\latest-backend\\dreamSociety\\app\\model\\role.model.js","statementMap":{"0":{"start":{"line":1,"column":0},"end":{"line":9,"column":1}},"1":{"start":{"line":2,"column":14},"end":{"line":6,"column":3}},"2":{"start":{"line":8,"column":1},"end":{"line":8,"column":13}}},"fnMap":{"0":{"name":"(anonymous_0)","decl":{"start":{"line":1,"column":17},"end":{"line":1,"column":18}},"loc":{"start":{"line":1,"column":43},"end":{"line":9,"column":1}},"line":1}},"branchMap":{},"s":{"0":6,"1":6,"2":6},"f":{"0":6},"b":{},"_coverageSchema":"43e27e138ebf9cfc5966b082cf9a028302ed4184","hash":"13b862a2a4e9cd36a6b67bc53965d3639cdd32a4"}
,"D:\\latest-backend\\dreamSociety\\app\\model\\service.model.js": {"path":"D:\\latest-backend\\dreamSociety\\app\\model\\service.model.js","statementMap":{"0":{"start":{"line":1,"column":0},"end":{"line":28,"column":1}},"1":{"start":{"line":2,"column":17},"end":{"line":25,"column":3}},"2":{"start":{"line":27,"column":1},"end":{"line":27,"column":16}}},"fnMap":{"0":{"name":"(anonymous_0)","decl":{"start":{"line":1,"column":17},"end":{"line":1,"column":18}},"loc":{"start":{"line":1,"column":43},"end":{"line":28,"column":1}},"line":1}},"branchMap":{},"s":{"0":6,"1":6,"2":6},"f":{"0":6},"b":{},"_coverageSchema":"43e27e138ebf9cfc5966b082cf9a028302ed4184","hash":"64ff680521c56d8aa941744f325bf93f11a539a6"}
,"D:\\latest-backend\\dreamSociety\\app\\model\\serviceDetail.model.js": {"path":"D:\\latest-backend\\dreamSociety\\app\\model\\serviceDetail.model.js","statementMap":{"0":{"start":{"line":1,"column":0},"end":{"line":28,"column":1}},"1":{"start":{"line":2,"column":23},"end":{"line":25,"column":3}},"2":{"start":{"line":27,"column":1},"end":{"line":27,"column":22}}},"fnMap":{"0":{"name":"(anonymous_0)","decl":{"start":{"line":1,"column":17},"end":{"line":1,"column":18}},"loc":{"start":{"line":1,"column":43},"end":{"line":28,"column":1}},"line":1}},"branchMap":{},"s":{"0":6,"1":6,"2":6},"f":{"0":6},"b":{},"_coverageSchema":"43e27e138ebf9cfc5966b082cf9a028302ed4184","hash":"6d31e1c5eca74b88e4dcab3af0405b053aa13ed6"}
,"D:\\latest-backend\\dreamSociety\\app\\model\\size.model.js": {"path":"D:\\latest-backend\\dreamSociety\\app\\model\\size.model.js","statementMap":{"0":{"start":{"line":1,"column":0},"end":{"line":29,"column":1}},"1":{"start":{"line":2,"column":14},"end":{"line":26,"column":3}},"2":{"start":{"line":28,"column":1},"end":{"line":28,"column":13}}},"fnMap":{"0":{"name":"(anonymous_0)","decl":{"start":{"line":1,"column":17},"end":{"line":1,"column":18}},"loc":{"start":{"line":1,"column":43},"end":{"line":29,"column":1}},"line":1}},"branchMap":{},"s":{"0":6,"1":6,"2":6},"f":{"0":6},"b":{},"_coverageSchema":"43e27e138ebf9cfc5966b082cf9a028302ed4184","hash":"f173d4c7ac141fc0d11415214f2f4e4c4e8eb192"}
,"D:\\latest-backend\\dreamSociety\\app\\model\\slot.model.js": {"path":"D:\\latest-backend\\dreamSociety\\app\\model\\slot.model.js","statementMap":{"0":{"start":{"line":1,"column":0},"end":{"line":32,"column":1}},"1":{"start":{"line":2,"column":15},"end":{"line":29,"column":2}},"2":{"start":{"line":31,"column":1},"end":{"line":31,"column":14}}},"fnMap":{"0":{"name":"(anonymous_0)","decl":{"start":{"line":1,"column":17},"end":{"line":1,"column":18}},"loc":{"start":{"line":1,"column":43},"end":{"line":32,"column":1}},"line":1}},"branchMap":{},"s":{"0":6,"1":6,"2":6},"f":{"0":6},"b":{},"_coverageSchema":"43e27e138ebf9cfc5966b082cf9a028302ed4184","hash":"801dd9aacc87587b57cbffba54e9e60ea2075a24"}
,"D:\\latest-backend\\dreamSociety\\app\\model\\society.model.js": {"path":"D:\\latest-backend\\dreamSociety\\app\\model\\society.model.js","statementMap":{"0":{"start":{"line":1,"column":0},"end":{"line":62,"column":1}},"1":{"start":{"line":2,"column":17},"end":{"line":59,"column":3}},"2":{"start":{"line":61,"column":1},"end":{"line":61,"column":16}}},"fnMap":{"0":{"name":"(anonymous_0)","decl":{"start":{"line":1,"column":17},"end":{"line":1,"column":18}},"loc":{"start":{"line":1,"column":43},"end":{"line":62,"column":1}},"line":1}},"branchMap":{},"s":{"0":6,"1":6,"2":6},"f":{"0":6},"b":{},"_coverageSchema":"43e27e138ebf9cfc5966b082cf9a028302ed4184","hash":"5ace6d66dfc858f3016d2fb969060787a17c0beb"}
,"D:\\latest-backend\\dreamSociety\\app\\model\\societyBoardMember.model.js": {"path":"D:\\latest-backend\\dreamSociety\\app\\model\\societyBoardMember.model.js","statementMap":{"0":{"start":{"line":1,"column":0},"end":{"line":81,"column":1}},"1":{"start":{"line":2,"column":31},"end":{"line":78,"column":10}},"2":{"start":{"line":80,"column":4},"end":{"line":80,"column":30}}},"fnMap":{"0":{"name":"(anonymous_0)","decl":{"start":{"line":1,"column":17},"end":{"line":1,"column":18}},"loc":{"start":{"line":1,"column":43},"end":{"line":81,"column":1}},"line":1}},"branchMap":{},"s":{"0":6,"1":6,"2":6},"f":{"0":6},"b":{},"_coverageSchema":"43e27e138ebf9cfc5966b082cf9a028302ed4184","hash":"c75b79235fc16e9761697f882d6173ff1e1994bf"}
,"D:\\latest-backend\\dreamSociety\\app\\model\\societyMemberEvent.model.js": {"path":"D:\\latest-backend\\dreamSociety\\app\\model\\societyMemberEvent.model.js","statementMap":{"0":{"start":{"line":1,"column":0},"end":{"line":30,"column":1}},"1":{"start":{"line":2,"column":31},"end":{"line":27,"column":10}},"2":{"start":{"line":29,"column":4},"end":{"line":29,"column":30}}},"fnMap":{"0":{"name":"(anonymous_0)","decl":{"start":{"line":1,"column":17},"end":{"line":1,"column":18}},"loc":{"start":{"line":1,"column":43},"end":{"line":30,"column":1}},"line":1}},"branchMap":{},"s":{"0":6,"1":6,"2":6},"f":{"0":6},"b":{},"_coverageSchema":"43e27e138ebf9cfc5966b082cf9a028302ed4184","hash":"1587b777505d5bdda8c2f9b5cabbe9784ae4680e"}
,"D:\\latest-backend\\dreamSociety\\app\\model\\societyMemberEventBooking.model.js": {"path":"D:\\latest-backend\\dreamSociety\\app\\model\\societyMemberEventBooking.model.js","statementMap":{"0":{"start":{"line":1,"column":0},"end":{"line":35,"column":1}},"1":{"start":{"line":2,"column":38},"end":{"line":32,"column":10}},"2":{"start":{"line":34,"column":4},"end":{"line":34,"column":37}}},"fnMap":{"0":{"name":"(anonymous_0)","decl":{"start":{"line":1,"column":17},"end":{"line":1,"column":18}},"loc":{"start":{"line":1,"column":43},"end":{"line":35,"column":1}},"line":1}},"branchMap":{},"s":{"0":6,"1":6,"2":6},"f":{"0":6},"b":{},"_coverageSchema":"43e27e138ebf9cfc5966b082cf9a028302ed4184","hash":"f9eff7250a3df1a3d030e376c6e8d56f56de0044"}
,"D:\\latest-backend\\dreamSociety\\app\\model\\state.model.js": {"path":"D:\\latest-backend\\dreamSociety\\app\\model\\state.model.js","statementMap":{"0":{"start":{"line":1,"column":0},"end":{"line":28,"column":1}},"1":{"start":{"line":2,"column":15},"end":{"line":25,"column":3}},"2":{"start":{"line":27,"column":1},"end":{"line":27,"column":14}}},"fnMap":{"0":{"name":"(anonymous_0)","decl":{"start":{"line":1,"column":17},"end":{"line":1,"column":18}},"loc":{"start":{"line":1,"column":43},"end":{"line":28,"column":1}},"line":1}},"branchMap":{},"s":{"0":6,"1":6,"2":6},"f":{"0":6},"b":{},"_coverageSchema":"43e27e138ebf9cfc5966b082cf9a028302ed4184","hash":"99fa3cabd5fdc66fbccedec2f03adf7bfab02665"}
,"D:\\latest-backend\\dreamSociety\\app\\model\\tenant.model.js": {"path":"D:\\latest-backend\\dreamSociety\\app\\model\\tenant.model.js","statementMap":{"0":{"start":{"line":3,"column":0},"end":{"line":98,"column":1}},"1":{"start":{"line":4,"column":21},"end":{"line":95,"column":14}},"2":{"start":{"line":97,"column":6},"end":{"line":97,"column":20}}},"fnMap":{"0":{"name":"(anonymous_0)","decl":{"start":{"line":3,"column":17},"end":{"line":3,"column":18}},"loc":{"start":{"line":3,"column":43},"end":{"line":98,"column":1}},"line":3}},"branchMap":{},"s":{"0":6,"1":6,"2":6},"f":{"0":6},"b":{},"_coverageSchema":"43e27e138ebf9cfc5966b082cf9a028302ed4184","hash":"47aa3375629e963af9ac857fe8404689226680b9"}
,"D:\\latest-backend\\dreamSociety\\app\\model\\tenantFlatDetail.model.js": {"path":"D:\\latest-backend\\dreamSociety\\app\\model\\tenantFlatDetail.model.js","statementMap":{"0":{"start":{"line":1,"column":0},"end":{"line":25,"column":1}},"1":{"start":{"line":2,"column":29},"end":{"line":22,"column":10}},"2":{"start":{"line":24,"column":4},"end":{"line":24,"column":28}}},"fnMap":{"0":{"name":"(anonymous_0)","decl":{"start":{"line":1,"column":17},"end":{"line":1,"column":18}},"loc":{"start":{"line":1,"column":43},"end":{"line":25,"column":1}},"line":1}},"branchMap":{},"s":{"0":6,"1":6,"2":6},"f":{"0":6},"b":{},"_coverageSchema":"43e27e138ebf9cfc5966b082cf9a028302ed4184","hash":"074def4753e46cdfeb37b5695ce553a66f7b0126"}
,"D:\\latest-backend\\dreamSociety\\app\\model\\tenantMemberDetails.model.js": {"path":"D:\\latest-backend\\dreamSociety\\app\\model\\tenantMemberDetails.model.js","statementMap":{"0":{"start":{"line":1,"column":0},"end":{"line":60,"column":1}},"1":{"start":{"line":2,"column":32},"end":{"line":57,"column":10}},"2":{"start":{"line":59,"column":4},"end":{"line":59,"column":31}}},"fnMap":{"0":{"name":"(anonymous_0)","decl":{"start":{"line":1,"column":17},"end":{"line":1,"column":18}},"loc":{"start":{"line":1,"column":43},"end":{"line":60,"column":1}},"line":1}},"branchMap":{},"s":{"0":6,"1":6,"2":6},"f":{"0":6},"b":{},"_coverageSchema":"43e27e138ebf9cfc5966b082cf9a028302ed4184","hash":"4b051ef7b7ad16150517216a8d2ee24cf6b20d9f"}
,"D:\\latest-backend\\dreamSociety\\app\\model\\test.model.js": {"path":"D:\\latest-backend\\dreamSociety\\app\\model\\test.model.js","statementMap":{"0":{"start":{"line":1,"column":21},"end":{"line":1,"column":51}},"1":{"start":{"line":2,"column":15},"end":{"line":2,"column":45}},"2":{"start":{"line":3,"column":18},"end":{"line":3,"column":38}},"3":{"start":{"line":4,"column":12},"end":{"line":4,"column":25}},"4":{"start":{"line":5,"column":19},"end":{"line":5,"column":49}},"5":{"start":{"line":6,"column":0},"end":{"line":32,"column":1}},"6":{"start":{"line":7,"column":14},"end":{"line":28,"column":3}},"7":{"start":{"line":31,"column":1},"end":{"line":31,"column":13}}},"fnMap":{"0":{"name":"(anonymous_0)","decl":{"start":{"line":6,"column":17},"end":{"line":6,"column":18}},"loc":{"start":{"line":6,"column":43},"end":{"line":32,"column":1}},"line":6}},"branchMap":{},"s":{"0":6,"1":6,"2":6,"3":6,"4":6,"5":6,"6":6,"7":6},"f":{"0":6},"b":{},"_coverageSchema":"43e27e138ebf9cfc5966b082cf9a028302ed4184","hash":"e4d35f39efbe7948443a6bbf5d8b030e121c3fa1"}
,"D:\\latest-backend\\dreamSociety\\app\\model\\tokenModel.js": {"path":"D:\\latest-backend\\dreamSociety\\app\\model\\tokenModel.js","statementMap":{"0":{"start":{"line":1,"column":0},"end":{"line":12,"column":1}},"1":{"start":{"line":2,"column":18},"end":{"line":9,"column":10}},"2":{"start":{"line":11,"column":4},"end":{"line":11,"column":17}}},"fnMap":{"0":{"name":"(anonymous_0)","decl":{"start":{"line":1,"column":17},"end":{"line":1,"column":18}},"loc":{"start":{"line":1,"column":43},"end":{"line":12,"column":1}},"line":1}},"branchMap":{},"s":{"0":6,"1":6,"2":6},"f":{"0":6},"b":{},"_coverageSchema":"43e27e138ebf9cfc5966b082cf9a028302ed4184","hash":"13a11210eb553278cc62c368f201deb5196a5440"}
,"D:\\latest-backend\\dreamSociety\\app\\model\\tower.model.js": {"path":"D:\\latest-backend\\dreamSociety\\app\\model\\tower.model.js","statementMap":{"0":{"start":{"line":1,"column":0},"end":{"line":28,"column":1}},"1":{"start":{"line":2,"column":15},"end":{"line":25,"column":3}},"2":{"start":{"line":27,"column":1},"end":{"line":27,"column":14}}},"fnMap":{"0":{"name":"(anonymous_0)","decl":{"start":{"line":1,"column":17},"end":{"line":1,"column":18}},"loc":{"start":{"line":1,"column":43},"end":{"line":28,"column":1}},"line":1}},"branchMap":{},"s":{"0":6,"1":6,"2":6},"f":{"0":6},"b":{},"_coverageSchema":"43e27e138ebf9cfc5966b082cf9a028302ed4184","hash":"b43af0f92b0b0d4f655ee104beb40e2f0d7242e3"}
,"D:\\latest-backend\\dreamSociety\\app\\model\\towerFloor.model.js": {"path":"D:\\latest-backend\\dreamSociety\\app\\model\\towerFloor.model.js","statementMap":{"0":{"start":{"line":1,"column":0},"end":{"line":25,"column":1}},"1":{"start":{"line":2,"column":20},"end":{"line":22,"column":3}},"2":{"start":{"line":24,"column":1},"end":{"line":24,"column":19}}},"fnMap":{"0":{"name":"(anonymous_0)","decl":{"start":{"line":1,"column":17},"end":{"line":1,"column":18}},"loc":{"start":{"line":1,"column":43},"end":{"line":25,"column":1}},"line":1}},"branchMap":{},"s":{"0":6,"1":6,"2":6},"f":{"0":6},"b":{},"_coverageSchema":"43e27e138ebf9cfc5966b082cf9a028302ed4184","hash":"5f25bbd61dbb1e9fd805cf7b5289c263fe26ae5b"}
,"D:\\latest-backend\\dreamSociety\\app\\model\\user.model.js": {"path":"D:\\latest-backend\\dreamSociety\\app\\model\\user.model.js","statementMap":{"0":{"start":{"line":1,"column":0},"end":{"line":51,"column":1}},"1":{"start":{"line":2,"column":14},"end":{"line":48,"column":3}},"2":{"start":{"line":50,"column":1},"end":{"line":50,"column":13}}},"fnMap":{"0":{"name":"(anonymous_0)","decl":{"start":{"line":1,"column":17},"end":{"line":1,"column":18}},"loc":{"start":{"line":1,"column":43},"end":{"line":51,"column":1}},"line":1}},"branchMap":{},"s":{"0":6,"1":6,"2":6},"f":{"0":6},"b":{},"_coverageSchema":"43e27e138ebf9cfc5966b082cf9a028302ed4184","hash":"eacd71bb5f32f2d8e794e541285a89e21fea7333"}
,"D:\\latest-backend\\dreamSociety\\app\\model\\userFacility.model.js": {"path":"D:\\latest-backend\\dreamSociety\\app\\model\\userFacility.model.js","statementMap":{"0":{"start":{"line":1,"column":0},"end":{"line":23,"column":1}},"1":{"start":{"line":2,"column":25},"end":{"line":20,"column":10}},"2":{"start":{"line":22,"column":4},"end":{"line":22,"column":24}}},"fnMap":{"0":{"name":"(anonymous_0)","decl":{"start":{"line":1,"column":17},"end":{"line":1,"column":18}},"loc":{"start":{"line":1,"column":43},"end":{"line":23,"column":1}},"line":1}},"branchMap":{},"s":{"0":6,"1":6,"2":6},"f":{"0":6},"b":{},"_coverageSchema":"43e27e138ebf9cfc5966b082cf9a028302ed4184","hash":"26f92ea15f80fb6ff4782723d5c8d4d0421bbd94"}
,"D:\\latest-backend\\dreamSociety\\app\\model\\userRfid.model.js": {"path":"D:\\latest-backend\\dreamSociety\\app\\model\\userRfid.model.js","statementMap":{"0":{"start":{"line":1,"column":0},"end":{"line":25,"column":1}},"1":{"start":{"line":2,"column":21},"end":{"line":22,"column":10}},"2":{"start":{"line":24,"column":4},"end":{"line":24,"column":20}}},"fnMap":{"0":{"name":"(anonymous_0)","decl":{"start":{"line":1,"column":17},"end":{"line":1,"column":18}},"loc":{"start":{"line":1,"column":43},"end":{"line":25,"column":1}},"line":1}},"branchMap":{},"s":{"0":6,"1":6,"2":6},"f":{"0":6},"b":{},"_coverageSchema":"43e27e138ebf9cfc5966b082cf9a028302ed4184","hash":"d7e35c7e72e85f3a4e97642f4262949e9d0ac7b6"}
,"D:\\latest-backend\\dreamSociety\\app\\model\\userRoles.model.js": {"path":"D:\\latest-backend\\dreamSociety\\app\\model\\userRoles.model.js","statementMap":{"0":{"start":{"line":1,"column":0},"end":{"line":25,"column":1}},"1":{"start":{"line":2,"column":19},"end":{"line":22,"column":3}},"2":{"start":{"line":24,"column":1},"end":{"line":24,"column":18}}},"fnMap":{"0":{"name":"(anonymous_0)","decl":{"start":{"line":1,"column":17},"end":{"line":1,"column":18}},"loc":{"start":{"line":1,"column":43},"end":{"line":25,"column":1}},"line":1}},"branchMap":{},"s":{"0":6,"1":6,"2":6},"f":{"0":6},"b":{},"_coverageSchema":"43e27e138ebf9cfc5966b082cf9a028302ed4184","hash":"47c9907971086b134cb87a94a3c813bae09e8cf1"}
,"D:\\latest-backend\\dreamSociety\\app\\model\\userVideo.model.js": {"path":"D:\\latest-backend\\dreamSociety\\app\\model\\userVideo.model.js","statementMap":{"0":{"start":{"line":1,"column":0},"end":{"line":25,"column":1}},"1":{"start":{"line":2,"column":19},"end":{"line":22,"column":3}},"2":{"start":{"line":24,"column":1},"end":{"line":24,"column":18}}},"fnMap":{"0":{"name":"(anonymous_0)","decl":{"start":{"line":1,"column":17},"end":{"line":1,"column":18}},"loc":{"start":{"line":1,"column":43},"end":{"line":25,"column":1}},"line":1}},"branchMap":{},"s":{"0":6,"1":6,"2":6},"f":{"0":6},"b":{},"_coverageSchema":"43e27e138ebf9cfc5966b082cf9a028302ed4184","hash":"a79e4617870e2fade6437e1d32174e66b73be892"}
,"D:\\latest-backend\\dreamSociety\\app\\model\\vendor.model.js": {"path":"D:\\latest-backend\\dreamSociety\\app\\model\\vendor.model.js","statementMap":{"0":{"start":{"line":1,"column":0},"end":{"line":60,"column":1}},"1":{"start":{"line":2,"column":19},"end":{"line":57,"column":10}},"2":{"start":{"line":59,"column":4},"end":{"line":59,"column":18}}},"fnMap":{"0":{"name":"(anonymous_0)","decl":{"start":{"line":1,"column":17},"end":{"line":1,"column":18}},"loc":{"start":{"line":1,"column":43},"end":{"line":60,"column":1}},"line":1}},"branchMap":{},"s":{"0":6,"1":6,"2":6},"f":{"0":6},"b":{},"_coverageSchema":"43e27e138ebf9cfc5966b082cf9a028302ed4184","hash":"90e98e9cb2cab4c3065b0160319e1a2ee4ca6863"}
,"D:\\latest-backend\\dreamSociety\\app\\model\\vendorComplaints.model.js": {"path":"D:\\latest-backend\\dreamSociety\\app\\model\\vendorComplaints.model.js","statementMap":{"0":{"start":{"line":1,"column":0},"end":{"line":25,"column":1}},"1":{"start":{"line":2,"column":29},"end":{"line":22,"column":10}},"2":{"start":{"line":24,"column":4},"end":{"line":24,"column":28}}},"fnMap":{"0":{"name":"(anonymous_0)","decl":{"start":{"line":1,"column":17},"end":{"line":1,"column":18}},"loc":{"start":{"line":1,"column":43},"end":{"line":25,"column":1}},"line":1}},"branchMap":{},"s":{"0":6,"1":12,"2":12},"f":{"0":12},"b":{},"_coverageSchema":"43e27e138ebf9cfc5966b082cf9a028302ed4184","hash":"b91c425bd721157648f250f1a2e537a93d4489a5"}
,"D:\\latest-backend\\dreamSociety\\app\\model\\vendorService.model.js": {"path":"D:\\latest-backend\\dreamSociety\\app\\model\\vendorService.model.js","statementMap":{"0":{"start":{"line":1,"column":0},"end":{"line":32,"column":1}},"1":{"start":{"line":2,"column":26},"end":{"line":29,"column":10}},"2":{"start":{"line":31,"column":4},"end":{"line":31,"column":25}}},"fnMap":{"0":{"name":"(anonymous_0)","decl":{"start":{"line":1,"column":17},"end":{"line":1,"column":18}},"loc":{"start":{"line":1,"column":43},"end":{"line":32,"column":1}},"line":1}},"branchMap":{},"s":{"0":6,"1":6,"2":6},"f":{"0":6},"b":{},"_coverageSchema":"43e27e138ebf9cfc5966b082cf9a028302ed4184","hash":"1432e695c6354ca91b83a1e525ae44537653d3ce"}
,"D:\\latest-backend\\dreamSociety\\app\\model\\video.model.js": {"path":"D:\\latest-backend\\dreamSociety\\app\\model\\video.model.js","statementMap":{"0":{"start":{"line":1,"column":0},"end":{"line":31,"column":1}},"1":{"start":{"line":2,"column":18},"end":{"line":28,"column":10}},"2":{"start":{"line":30,"column":4},"end":{"line":30,"column":17}}},"fnMap":{"0":{"name":"(anonymous_0)","decl":{"start":{"line":1,"column":17},"end":{"line":1,"column":18}},"loc":{"start":{"line":1,"column":43},"end":{"line":31,"column":1}},"line":1}},"branchMap":{},"s":{"0":6,"1":6,"2":6},"f":{"0":6},"b":{},"_coverageSchema":"43e27e138ebf9cfc5966b082cf9a028302ed4184","hash":"5ee847f5392d1790ff9923dc0098d1518d950a52"}
}
