TN:
SF:D:\latest-backend\dreamSociety\app\config\config.js
FNF:0
FNH:0
DA:1,6
LF:1
LH:1
BRF:0
BRH:0
end_of_record
TN:
SF:D:\latest-backend\dreamSociety\app\config\db.config.js
FNF:0
FNH:0
DA:1,6
DA:3,6
DA:4,6
DA:18,6
DA:20,6
DA:21,6
DA:23,6
DA:24,6
DA:25,6
DA:26,6
DA:27,6
DA:28,6
DA:29,6
DA:30,6
DA:31,6
DA:32,6
DA:33,6
DA:34,6
DA:35,6
DA:36,6
DA:37,6
DA:38,6
DA:39,6
DA:40,6
DA:41,6
DA:42,6
DA:43,6
DA:44,6
DA:45,6
DA:46,6
DA:47,6
DA:48,6
DA:49,6
DA:50,6
DA:51,6
DA:52,6
DA:53,6
DA:54,6
DA:55,6
DA:56,6
DA:57,6
DA:58,6
DA:59,6
DA:60,6
DA:61,6
DA:62,6
DA:63,6
DA:64,6
DA:65,6
DA:66,6
DA:67,6
DA:68,6
DA:69,6
DA:70,6
DA:71,6
DA:72,6
DA:73,6
DA:74,6
DA:75,6
DA:76,6
DA:77,6
DA:78,6
DA:79,6
DA:80,6
DA:81,6
DA:82,6
DA:83,6
DA:84,6
DA:85,6
DA:86,6
DA:87,6
DA:88,6
DA:89,6
DA:90,6
DA:91,6
DA:92,6
DA:93,6
DA:94,6
DA:95,6
DA:97,6
DA:98,6
DA:99,6
DA:100,6
DA:101,6
DA:102,6
DA:103,6
DA:107,6
DA:108,6
DA:109,6
DA:110,6
DA:111,6
DA:112,6
DA:113,6
DA:114,6
DA:115,6
DA:116,6
DA:117,6
DA:118,6
DA:119,6
DA:120,6
DA:121,6
DA:122,6
DA:123,6
DA:124,6
DA:125,6
DA:126,6
DA:127,6
DA:128,6
DA:129,6
DA:130,6
DA:131,6
DA:132,6
DA:133,6
DA:134,6
DA:135,6
DA:136,6
DA:137,6
DA:138,6
DA:139,6
DA:140,6
DA:141,6
DA:142,6
DA:143,6
DA:144,6
DA:145,6
DA:146,6
DA:147,6
DA:148,6
DA:149,6
DA:150,6
DA:151,6
DA:152,6
DA:153,6
DA:154,6
DA:155,6
DA:156,6
DA:157,6
DA:158,6
DA:159,6
DA:161,6
DA:162,6
DA:163,6
DA:164,6
DA:165,6
DA:166,6
DA:167,6
DA:168,6
DA:170,6
DA:171,6
DA:172,6
DA:173,6
DA:175,6
DA:176,6
DA:177,6
DA:178,6
DA:179,6
DA:180,6
DA:182,6
DA:183,6
DA:184,6
DA:185,6
DA:186,6
DA:187,6
DA:191,6
DA:192,6
DA:193,6
DA:195,6
DA:196,6
DA:197,6
DA:199,6
DA:200,6
DA:201,6
DA:202,6
DA:203,6
DA:204,6
DA:205,6
DA:206,6
DA:207,6
DA:210,6
DA:211,6
DA:212,6
DA:214,6
DA:215,6
DA:217,6
DA:218,6
DA:219,6
DA:220,6
DA:221,6
DA:222,6
DA:223,6
DA:224,6
DA:225,6
DA:226,6
DA:227,6
DA:228,6
DA:229,6
DA:230,6
DA:231,6
DA:232,6
DA:233,6
DA:234,6
DA:235,6
DA:238,6
DA:239,6
DA:240,6
DA:241,6
DA:245,6
DA:246,6
DA:247,6
DA:248,6
DA:249,6
DA:250,6
DA:251,6
DA:252,6
DA:253,6
DA:254,6
DA:255,6
DA:256,6
DA:257,6
DA:258,6
DA:259,6
DA:260,6
DA:261,6
DA:263,6
DA:264,6
DA:266,6
LF:226
LH:226
BRF:0
BRH:0
end_of_record
TN:
SF:D:\latest-backend\dreamSociety\app\config\env.js
FNF:0
FNH:0
DA:1,6
DA:14,6
LF:2
LH:2
BRF:0
BRH:0
end_of_record
TN:
SF:D:\latest-backend\dreamSociety\app\controller\assetType.js
FN:8,(anonymous_0)
FN:25,(anonymous_1)
FN:50,(anonymous_2)
FN:74,(anonymous_3)
FN:98,(anonymous_4)
FN:109,(anonymous_5)
FN:123,(anonymous_6)
FN:146,(anonymous_7)
FN:157,(anonymous_8)
FN:171,(anonymous_9)
FNF:10
FNH:0
FNDA:0,(anonymous_0)
FNDA:0,(anonymous_1)
FNDA:0,(anonymous_2)
FNDA:0,(anonymous_3)
FNDA:0,(anonymous_4)
FNDA:0,(anonymous_5)
FNDA:0,(anonymous_6)
FNDA:0,(anonymous_7)
FNDA:0,(anonymous_8)
FNDA:0,(anonymous_9)
DA:1,1
DA:2,1
DA:4,1
DA:5,1
DA:6,1
DA:8,1
DA:9,0
DA:10,0
DA:11,0
DA:12,0
DA:13,0
DA:14,0
DA:15,0
DA:20,0
DA:21,0
DA:25,1
DA:26,0
DA:31,0
DA:38,0
DA:39,0
DA:45,0
DA:46,0
DA:50,1
DA:51,0
DA:56,0
DA:61,0
DA:62,0
DA:68,0
DA:69,0
DA:74,1
DA:75,0
DA:76,0
DA:77,0
DA:78,0
DA:79,0
DA:80,0
DA:86,0
DA:87,0
DA:93,0
DA:94,0
DA:98,1
DA:99,0
DA:100,0
DA:101,0
DA:102,0
DA:104,0
DA:106,0
DA:107,0
DA:109,0
DA:110,0
DA:112,0
DA:113,0
DA:119,0
DA:123,1
DA:124,0
DA:125,0
DA:127,0
DA:128,0
DA:130,0
DA:131,0
DA:132,0
DA:134,0
DA:136,0
DA:137,0
DA:142,0
DA:146,1
DA:147,0
DA:148,0
DA:150,0
DA:151,0
DA:153,0
DA:154,0
DA:155,0
DA:157,0
DA:158,0
DA:160,0
DA:161,0
DA:167,0
DA:171,1
DA:172,0
DA:173,0
DA:174,0
DA:175,0
DA:176,0
DA:177,0
DA:179,0
DA:180,0
DA:181,0
DA:186,0
DA:187,0
LF:90
LH:13
BRDA:38,0,0,0
BRDA:38,0,1,0
BRDA:61,1,0,0
BRDA:61,1,1,0
BRDA:86,2,0,0
BRDA:86,2,1,0
BRDA:101,3,0,0
BRDA:101,3,1,0
BRDA:106,4,0,0
BRDA:106,4,1,0
BRDA:112,5,0,0
BRDA:112,5,1,0
BRDA:127,6,0,0
BRDA:127,6,1,0
BRDA:131,7,0,0
BRDA:131,7,1,0
BRDA:136,8,0,0
BRDA:136,8,1,0
BRDA:150,9,0,0
BRDA:150,9,1,0
BRDA:154,10,0,0
BRDA:154,10,1,0
BRDA:160,11,0,0
BRDA:160,11,1,0
BRDA:176,12,0,0
BRDA:176,12,1,0
BRDA:180,13,0,0
BRDA:180,13,1,0
BRF:28
BRH:0
end_of_record
TN:
SF:D:\latest-backend\dreamSociety\app\controller\assets.js
FN:7,(anonymous_0)
FN:24,(anonymous_1)
FN:50,(anonymous_2)
FN:75,(anonymous_3)
FN:89,(anonymous_4)
FN:104,(anonymous_5)
FN:128,(anonymous_6)
FN:139,(anonymous_7)
FN:153,(anonymous_8)
FNF:9
FNH:0
FNDA:0,(anonymous_0)
FNDA:0,(anonymous_1)
FNDA:0,(anonymous_2)
FNDA:0,(anonymous_3)
FNDA:0,(anonymous_4)
FNDA:0,(anonymous_5)
FNDA:0,(anonymous_6)
FNDA:0,(anonymous_7)
FNDA:0,(anonymous_8)
DA:1,1
DA:2,1
DA:4,1
DA:5,1
DA:7,1
DA:8,0
DA:9,0
DA:10,0
DA:11,0
DA:12,0
DA:13,0
DA:14,0
DA:19,0
DA:20,0
DA:24,1
DA:25,0
DA:33,0
DA:38,0
DA:39,0
DA:45,0
DA:46,0
DA:50,1
DA:51,0
DA:52,0
DA:53,0
DA:54,0
DA:55,0
DA:56,0
DA:58,0
DA:63,0
DA:64,0
DA:70,0
DA:71,0
DA:75,1
DA:76,0
DA:77,0
DA:78,0
DA:79,0
DA:80,0
DA:82,0
DA:84,0
DA:86,0
DA:87,0
DA:89,0
DA:90,0
DA:92,0
DA:93,0
DA:99,0
DA:100,0
DA:104,1
DA:105,0
DA:106,0
DA:108,0
DA:109,0
DA:111,0
DA:112,0
DA:113,0
DA:115,0
DA:117,0
DA:118,0
DA:123,0
DA:124,0
DA:128,1
DA:129,0
DA:130,0
DA:131,0
DA:132,0
DA:133,0
DA:135,0
DA:136,0
DA:137,0
DA:139,0
DA:140,0
DA:142,0
DA:143,0
DA:149,0
DA:153,1
DA:154,0
DA:155,0
DA:156,0
DA:157,0
DA:158,0
DA:159,0
DA:161,0
DA:162,0
DA:163,0
DA:168,0
DA:169,0
LF:88
LH:11
BRDA:38,0,0,0
BRDA:38,0,1,0
BRDA:63,1,0,0
BRDA:63,1,1,0
BRDA:79,2,0,0
BRDA:79,2,1,0
BRDA:86,3,0,0
BRDA:86,3,1,0
BRDA:92,4,0,0
BRDA:92,4,1,0
BRDA:108,5,0,0
BRDA:108,5,1,0
BRDA:112,6,0,0
BRDA:112,6,1,0
BRDA:117,7,0,0
BRDA:117,7,1,0
BRDA:132,8,0,0
BRDA:132,8,1,0
BRDA:136,9,0,0
BRDA:136,9,1,0
BRDA:142,10,0,0
BRDA:142,10,1,0
BRDA:158,11,0,0
BRDA:158,11,1,0
BRDA:162,12,0,0
BRDA:162,12,1,0
BRF:26
BRH:0
end_of_record
TN:
SF:D:\latest-backend\dreamSociety\app\controller\city.js
FN:10,(anonymous_0)
FN:23,(anonymous_1)
FN:36,(anonymous_2)
FN:38,(anonymous_3)
FN:43,(anonymous_4)
FN:51,(anonymous_5)
FN:56,(anonymous_6)
FN:64,(anonymous_7)
FN:68,(anonymous_8)
FN:76,(anonymous_9)
FN:90,(anonymous_10)
FN:110,(anonymous_11)
FN:121,(anonymous_12)
FN:124,(anonymous_13)
FN:130,(anonymous_14)
FN:154,(anonymous_15)
FN:165,(anonymous_16)
FN:179,(anonymous_17)
FNF:18
FNH:0
FNDA:0,(anonymous_0)
FNDA:0,(anonymous_1)
FNDA:0,(anonymous_2)
FNDA:0,(anonymous_3)
FNDA:0,(anonymous_4)
FNDA:0,(anonymous_5)
FNDA:0,(anonymous_6)
FNDA:0,(anonymous_7)
FNDA:0,(anonymous_8)
FNDA:0,(anonymous_9)
FNDA:0,(anonymous_10)
FNDA:0,(anonymous_11)
FNDA:0,(anonymous_12)
FNDA:0,(anonymous_13)
FNDA:0,(anonymous_14)
FNDA:0,(anonymous_15)
FNDA:0,(anonymous_16)
FNDA:0,(anonymous_17)
DA:1,1
DA:2,1
DA:3,1
DA:5,1
DA:6,1
DA:7,1
DA:8,1
DA:10,1
DA:11,0
DA:13,0
DA:23,0
DA:24,0
DA:26,0
DA:27,0
DA:28,0
DA:30,0
DA:37,0
DA:39,0
DA:43,1
DA:44,0
DA:45,0
DA:52,0
DA:56,1
DA:57,0
DA:65,0
DA:69,0
DA:76,1
DA:77,0
DA:78,0
DA:79,0
DA:81,0
DA:82,0
DA:89,0
DA:90,0
DA:91,0
DA:93,0
DA:94,0
DA:100,0
DA:109,0
DA:110,0
DA:111,0
DA:113,0
DA:114,0
DA:115,0
DA:116,0
DA:118,0
DA:122,0
DA:125,0
DA:130,1
DA:131,0
DA:132,0
DA:134,0
DA:135,0
DA:137,0
DA:138,0
DA:139,0
DA:141,0
DA:143,0
DA:144,0
DA:150,0
DA:154,1
DA:155,0
DA:156,0
DA:158,0
DA:159,0
DA:161,0
DA:162,0
DA:163,0
DA:165,0
DA:166,0
DA:168,0
DA:169,0
DA:175,0
DA:179,1
DA:180,0
DA:182,0
DA:183,0
DA:184,0
DA:185,0
DA:186,0
DA:188,0
DA:189,0
DA:190,0
DA:195,0
DA:196,0
LF:85
LH:14
BRDA:26,0,0,0
BRDA:26,0,1,0
BRDA:78,1,0,0
BRDA:78,1,1,0
BRDA:89,2,0,0
BRDA:89,2,1,0
BRDA:93,3,0,0
BRDA:93,3,1,0
BRDA:114,4,0,0
BRDA:114,4,1,0
BRDA:134,5,0,0
BRDA:134,5,1,0
BRDA:138,6,0,0
BRDA:138,6,1,0
BRDA:143,7,0,0
BRDA:143,7,1,0
BRDA:158,8,0,0
BRDA:158,8,1,0
BRDA:162,9,0,0
BRDA:162,9,1,0
BRDA:168,10,0,0
BRDA:168,10,1,0
BRDA:185,11,0,0
BRDA:185,11,1,0
BRDA:189,12,0,0
BRDA:189,12,1,0
BRF:26
BRH:0
end_of_record
TN:
SF:D:\latest-backend\dreamSociety\app\controller\country.js
FN:9,(anonymous_0)
FN:19,(anonymous_1)
FN:33,(anonymous_2)
FN:35,(anonymous_3)
FN:41,(anonymous_4)
FN:43,(anonymous_5)
FN:48,(anonymous_6)
FN:51,(anonymous_7)
FN:56,(anonymous_8)
FN:64,(anonymous_9)
FN:79,(anonymous_10)
FN:95,(anonymous_11)
FN:106,(anonymous_12)
FN:109,(anonymous_13)
FN:115,(anonymous_14)
FN:126,(anonymous_15)
FN:140,(anonymous_16)
FNF:17
FNH:0
FNDA:0,(anonymous_0)
FNDA:0,(anonymous_1)
FNDA:0,(anonymous_2)
FNDA:0,(anonymous_3)
FNDA:0,(anonymous_4)
FNDA:0,(anonymous_5)
FNDA:0,(anonymous_6)
FNDA:0,(anonymous_7)
FNDA:0,(anonymous_8)
FNDA:0,(anonymous_9)
FNDA:0,(anonymous_10)
FNDA:0,(anonymous_11)
FNDA:0,(anonymous_12)
FNDA:0,(anonymous_13)
FNDA:0,(anonymous_14)
FNDA:0,(anonymous_15)
FNDA:0,(anonymous_16)
DA:1,1
DA:2,1
DA:3,1
DA:5,1
DA:6,1
DA:9,1
DA:10,0
DA:13,0
DA:18,0
DA:19,0
DA:20,0
DA:22,0
DA:23,0
DA:24,0
DA:27,0
DA:34,0
DA:36,0
DA:41,1
DA:42,0
DA:44,0
DA:48,1
DA:49,0
DA:52,0
DA:57,0
DA:64,1
DA:65,0
DA:66,0
DA:67,0
DA:69,0
DA:71,0
DA:78,0
DA:79,0
DA:80,0
DA:82,0
DA:83,0
DA:89,0
DA:94,0
DA:95,0
DA:96,0
DA:98,0
DA:99,0
DA:101,0
DA:107,0
DA:110,0
DA:115,1
DA:116,0
DA:117,0
DA:119,0
DA:120,0
DA:122,0
DA:123,0
DA:124,0
DA:126,0
DA:127,0
DA:129,0
DA:130,0
DA:136,0
DA:140,1
DA:141,0
DA:142,0
DA:143,0
DA:144,0
DA:145,0
DA:146,0
DA:148,0
DA:149,0
DA:150,0
DA:155,0
DA:156,0
LF:69
LH:11
BRDA:22,0,0,0
BRDA:22,0,1,0
BRDA:66,1,0,0
BRDA:66,1,1,0
BRDA:78,2,0,0
BRDA:78,2,1,0
BRDA:82,3,0,0
BRDA:82,3,1,0
BRDA:98,4,0,0
BRDA:98,4,1,0
BRDA:119,5,0,0
BRDA:119,5,1,0
BRDA:123,6,0,0
BRDA:123,6,1,0
BRDA:129,7,0,0
BRDA:129,7,1,0
BRDA:145,8,0,0
BRDA:145,8,1,0
BRDA:149,9,0,0
BRDA:149,9,1,0
BRF:20
BRH:0
end_of_record
TN:
SF:D:\latest-backend\dreamSociety\app\controller\designation.js
FN:8,(anonymous_0)
FN:19,(anonymous_1)
FN:38,(anonymous_2)
FN:54,(anonymous_3)
FN:74,(anonymous_4)
FN:89,(anonymous_5)
FN:96,(anonymous_6)
FN:111,(anonymous_7)
FN:122,(anonymous_8)
FN:137,(anonymous_9)
FNF:10
FNH:0
FNDA:0,(anonymous_0)
FNDA:0,(anonymous_1)
FNDA:0,(anonymous_2)
FNDA:0,(anonymous_3)
FNDA:0,(anonymous_4)
FNDA:0,(anonymous_5)
FNDA:0,(anonymous_6)
FNDA:0,(anonymous_7)
FNDA:0,(anonymous_8)
FNDA:0,(anonymous_9)
DA:1,1
DA:2,1
DA:3,1
DA:5,1
DA:6,1
DA:8,1
DA:9,0
DA:10,0
DA:11,0
DA:12,0
DA:14,0
DA:19,0
DA:20,0
DA:22,0
DA:23,0
DA:25,0
DA:26,0
DA:27,0
DA:33,0
DA:34,0
DA:38,1
DA:39,0
DA:40,0
DA:41,0
DA:42,0
DA:48,0
DA:49,0
DA:54,1
DA:55,0
DA:56,0
DA:57,0
DA:58,0
DA:59,0
DA:60,0
DA:61,0
DA:64,0
DA:73,0
DA:74,0
DA:75,0
DA:77,0
DA:78,0
DA:84,0
DA:89,0
DA:90,0
DA:92,0
DA:93,0
DA:96,0
DA:97,0
DA:99,0
DA:100,0
DA:107,0
DA:111,1
DA:112,0
DA:113,0
DA:115,0
DA:116,0
DA:118,0
DA:119,0
DA:120,0
DA:122,0
DA:123,0
DA:125,0
DA:126,0
DA:132,0
DA:137,1
DA:138,0
DA:139,0
DA:140,0
DA:141,0
DA:142,0
DA:143,0
DA:145,0
DA:146,0
DA:147,0
DA:152,0
DA:153,0
LF:76
LH:10
BRDA:22,0,0,0
BRDA:22,0,1,0
BRDA:26,1,0,0
BRDA:26,1,1,0
BRDA:41,2,0,0
BRDA:41,2,1,0
BRDA:60,3,0,0
BRDA:60,3,1,0
BRDA:73,4,0,0
BRDA:73,4,1,0
BRDA:77,5,0,0
BRDA:77,5,1,0
BRDA:92,6,0,0
BRDA:92,6,1,0
BRDA:99,7,0,0
BRDA:99,7,1,0
BRDA:115,8,0,0
BRDA:115,8,1,0
BRDA:119,9,0,0
BRDA:119,9,1,0
BRDA:125,10,0,0
BRDA:125,10,1,0
BRDA:142,11,0,0
BRDA:142,11,1,0
BRDA:146,12,0,0
BRDA:146,12,1,0
BRF:26
BRH:0
end_of_record
TN:
SF:D:\latest-backend\dreamSociety\app\controller\user.js
FN:42,(anonymous_0)
FN:48,(anonymous_1)
FN:52,decrypt1
FN:61,(anonymous_3)
FN:70,(anonymous_4)
FN:79,(anonymous_5)
FN:87,(anonymous_6)
FN:95,(anonymous_7)
FN:103,(anonymous_8)
FN:111,(anonymous_9)
FN:134,(anonymous_10)
FN:138,(anonymous_11)
FN:143,(anonymous_12)
FN:148,(anonymous_13)
FN:153,(anonymous_14)
FN:159,(anonymous_15)
FN:169,(anonymous_16)
FN:227,(anonymous_17)
FN:235,(anonymous_18)
FN:243,(anonymous_19)
FN:249,(anonymous_20)
FN:258,(anonymous_21)
FN:266,(anonymous_22)
FN:271,(anonymous_23)
FN:272,(anonymous_24)
FN:276,(anonymous_25)
FN:285,(anonymous_26)
FN:343,(anonymous_27)
FN:381,(anonymous_28)
FN:389,(anonymous_29)
FN:407,(anonymous_30)
FN:443,(anonymous_31)
FN:456,(anonymous_32)
FN:461,(anonymous_33)
FN:469,(anonymous_34)
FN:483,(anonymous_35)
FN:488,(anonymous_36)
FN:496,(anonymous_37)
FN:509,(anonymous_38)
FN:514,(anonymous_39)
FN:522,(anonymous_40)
FN:527,(anonymous_41)
FN:550,(anonymous_42)
FN:580,(anonymous_43)
FN:596,(anonymous_44)
FN:607,(anonymous_45)
FN:659,(anonymous_46)
FN:672,(anonymous_47)
FN:676,(anonymous_48)
FN:684,randomValueHex
FN:688,(anonymous_50)
FN:787,(anonymous_51)
FN:823,(anonymous_52)
FN:830,(anonymous_53)
FN:835,(anonymous_54)
FN:838,(anonymous_55)
FN:844,(anonymous_56)
FN:868,(anonymous_57)
FN:900,(anonymous_58)
FN:1085,(anonymous_59)
FN:1088,(anonymous_60)
FN:1094,(anonymous_61)
FN:1099,(anonymous_62)
FN:1136,(anonymous_63)
FN:1325,(anonymous_64)
FN:1329,(anonymous_65)
FN:1335,(anonymous_66)
FN:1360,(anonymous_67)
FN:1370,(anonymous_68)
FN:1432,(anonymous_69)
FN:1490,(anonymous_70)
FN:1497,(anonymous_71)
FN:1517,(anonymous_72)
FN:1518,(anonymous_73)
FN:1542,(anonymous_74)
FN:1553,(anonymous_75)
FN:1578,(anonymous_76)
FN:1579,(anonymous_77)
FN:1603,(anonymous_78)
FN:1614,(anonymous_79)
FN:1633,(anonymous_80)
FN:1634,(anonymous_81)
FN:1658,(anonymous_82)
FN:1669,(anonymous_83)
FN:1679,(anonymous_84)
FN:1701,(anonymous_85)
FN:1710,(anonymous_86)
FN:1727,(anonymous_87)
FN:1735,(anonymous_88)
FN:1764,(anonymous_89)
FN:1789,(anonymous_90)
FN:1795,(anonymous_91)
FN:1811,(anonymous_92)
FN:1820,(anonymous_93)
FN:1832,(anonymous_94)
FN:1838,(anonymous_95)
FN:1852,(anonymous_96)
FN:1867,(anonymous_97)
FN:1873,(anonymous_98)
FN:1883,(anonymous_99)
FN:1887,(anonymous_100)
FN:1888,(anonymous_101)
FN:1895,(anonymous_102)
FN:1898,(anonymous_103)
FN:1996,(anonymous_104)
FN:2007,(anonymous_105)
FN:2018,(anonymous_106)
FN:2031,(anonymous_107)
FN:2033,(anonymous_108)
FN:2047,(anonymous_109)
FN:2050,(anonymous_110)
FN:2062,(anonymous_111)
FN:2074,(anonymous_112)
FN:2095,(anonymous_113)
FN:2107,(anonymous_114)
FN:2110,(anonymous_115)
FN:2122,(anonymous_116)
FN:2125,(anonymous_117)
FN:2136,(anonymous_118)
FN:2147,(anonymous_119)
FN:2181,(anonymous_120)
FN:2199,(anonymous_121)
FN:2216,(anonymous_122)
FN:2222,(anonymous_123)
FN:2243,(anonymous_124)
FN:2256,(anonymous_125)
FN:2304,(anonymous_126)
FN:2325,(anonymous_127)
FN:2345,(anonymous_128)
FN:2346,(anonymous_129)
FN:2356,(anonymous_130)
FN:2362,(anonymous_131)
FN:2400,(anonymous_132)
FN:2415,(anonymous_133)
FN:2421,(anonymous_134)
FN:2439,(anonymous_135)
FN:2445,(anonymous_136)
FN:2495,(anonymous_137)
FN:2506,(anonymous_138)
FN:2520,(anonymous_139)
FN:2521,(anonymous_140)
FN:2547,(anonymous_141)
FN:2585,(anonymous_142)
FN:2627,(anonymous_143)
FN:2630,(anonymous_144)
FN:2637,(anonymous_145)
FN:2712,(anonymous_146)
FN:2723,(anonymous_147)
FN:2737,(anonymous_148)
FN:2738,(anonymous_149)
FN:2764,(anonymous_150)
FN:2802,(anonymous_151)
FN:2844,(anonymous_152)
FN:2847,(anonymous_153)
FN:2854,(anonymous_154)
FN:2928,(anonymous_155)
FN:2944,(anonymous_156)
FN:2956,(anonymous_157)
FN:2964,(anonymous_158)
FN:2967,(anonymous_159)
FN:2982,(anonymous_160)
FN:3016,(anonymous_161)
FN:3024,(anonymous_162)
FN:3027,(anonymous_163)
FN:3042,(anonymous_164)
FN:3077,(anonymous_165)
FN:3083,(anonymous_166)
FN:3108,(anonymous_167)
FN:3118,(anonymous_168)
FN:3129,(anonymous_169)
FN:3135,(anonymous_170)
FN:3145,(anonymous_171)
FN:3156,(anonymous_172)
FN:3162,(anonymous_173)
FN:3180,(anonymous_174)
FN:3181,(anonymous_175)
FN:3190,(anonymous_176)
FN:3195,(anonymous_177)
FN:3224,(anonymous_178)
FN:3236,(anonymous_179)
FN:3253,(anonymous_180)
FN:3273,(anonymous_181)
FN:3290,(anonymous_182)
FNF:183
FNH:0
FNDA:0,(anonymous_0)
FNDA:0,(anonymous_1)
FNDA:0,decrypt1
FNDA:0,(anonymous_3)
FNDA:0,(anonymous_4)
FNDA:0,(anonymous_5)
FNDA:0,(anonymous_6)
FNDA:0,(anonymous_7)
FNDA:0,(anonymous_8)
FNDA:0,(anonymous_9)
FNDA:0,(anonymous_10)
FNDA:0,(anonymous_11)
FNDA:0,(anonymous_12)
FNDA:0,(anonymous_13)
FNDA:0,(anonymous_14)
FNDA:0,(anonymous_15)
FNDA:0,(anonymous_16)
FNDA:0,(anonymous_17)
FNDA:0,(anonymous_18)
FNDA:0,(anonymous_19)
FNDA:0,(anonymous_20)
FNDA:0,(anonymous_21)
FNDA:0,(anonymous_22)
FNDA:0,(anonymous_23)
FNDA:0,(anonymous_24)
FNDA:0,(anonymous_25)
FNDA:0,(anonymous_26)
FNDA:0,(anonymous_27)
FNDA:0,(anonymous_28)
FNDA:0,(anonymous_29)
FNDA:0,(anonymous_30)
FNDA:0,(anonymous_31)
FNDA:0,(anonymous_32)
FNDA:0,(anonymous_33)
FNDA:0,(anonymous_34)
FNDA:0,(anonymous_35)
FNDA:0,(anonymous_36)
FNDA:0,(anonymous_37)
FNDA:0,(anonymous_38)
FNDA:0,(anonymous_39)
FNDA:0,(anonymous_40)
FNDA:0,(anonymous_41)
FNDA:0,(anonymous_42)
FNDA:0,(anonymous_43)
FNDA:0,(anonymous_44)
FNDA:0,(anonymous_45)
FNDA:0,(anonymous_46)
FNDA:0,(anonymous_47)
FNDA:0,(anonymous_48)
FNDA:0,randomValueHex
FNDA:0,(anonymous_50)
FNDA:0,(anonymous_51)
FNDA:0,(anonymous_52)
FNDA:0,(anonymous_53)
FNDA:0,(anonymous_54)
FNDA:0,(anonymous_55)
FNDA:0,(anonymous_56)
FNDA:0,(anonymous_57)
FNDA:0,(anonymous_58)
FNDA:0,(anonymous_59)
FNDA:0,(anonymous_60)
FNDA:0,(anonymous_61)
FNDA:0,(anonymous_62)
FNDA:0,(anonymous_63)
FNDA:0,(anonymous_64)
FNDA:0,(anonymous_65)
FNDA:0,(anonymous_66)
FNDA:0,(anonymous_67)
FNDA:0,(anonymous_68)
FNDA:0,(anonymous_69)
FNDA:0,(anonymous_70)
FNDA:0,(anonymous_71)
FNDA:0,(anonymous_72)
FNDA:0,(anonymous_73)
FNDA:0,(anonymous_74)
FNDA:0,(anonymous_75)
FNDA:0,(anonymous_76)
FNDA:0,(anonymous_77)
FNDA:0,(anonymous_78)
FNDA:0,(anonymous_79)
FNDA:0,(anonymous_80)
FNDA:0,(anonymous_81)
FNDA:0,(anonymous_82)
FNDA:0,(anonymous_83)
FNDA:0,(anonymous_84)
FNDA:0,(anonymous_85)
FNDA:0,(anonymous_86)
FNDA:0,(anonymous_87)
FNDA:0,(anonymous_88)
FNDA:0,(anonymous_89)
FNDA:0,(anonymous_90)
FNDA:0,(anonymous_91)
FNDA:0,(anonymous_92)
FNDA:0,(anonymous_93)
FNDA:0,(anonymous_94)
FNDA:0,(anonymous_95)
FNDA:0,(anonymous_96)
FNDA:0,(anonymous_97)
FNDA:0,(anonymous_98)
FNDA:0,(anonymous_99)
FNDA:0,(anonymous_100)
FNDA:0,(anonymous_101)
FNDA:0,(anonymous_102)
FNDA:0,(anonymous_103)
FNDA:0,(anonymous_104)
FNDA:0,(anonymous_105)
FNDA:0,(anonymous_106)
FNDA:0,(anonymous_107)
FNDA:0,(anonymous_108)
FNDA:0,(anonymous_109)
FNDA:0,(anonymous_110)
FNDA:0,(anonymous_111)
FNDA:0,(anonymous_112)
FNDA:0,(anonymous_113)
FNDA:0,(anonymous_114)
FNDA:0,(anonymous_115)
FNDA:0,(anonymous_116)
FNDA:0,(anonymous_117)
FNDA:0,(anonymous_118)
FNDA:0,(anonymous_119)
FNDA:0,(anonymous_120)
FNDA:0,(anonymous_121)
FNDA:0,(anonymous_122)
FNDA:0,(anonymous_123)
FNDA:0,(anonymous_124)
FNDA:0,(anonymous_125)
FNDA:0,(anonymous_126)
FNDA:0,(anonymous_127)
FNDA:0,(anonymous_128)
FNDA:0,(anonymous_129)
FNDA:0,(anonymous_130)
FNDA:0,(anonymous_131)
FNDA:0,(anonymous_132)
FNDA:0,(anonymous_133)
FNDA:0,(anonymous_134)
FNDA:0,(anonymous_135)
FNDA:0,(anonymous_136)
FNDA:0,(anonymous_137)
FNDA:0,(anonymous_138)
FNDA:0,(anonymous_139)
FNDA:0,(anonymous_140)
FNDA:0,(anonymous_141)
FNDA:0,(anonymous_142)
FNDA:0,(anonymous_143)
FNDA:0,(anonymous_144)
FNDA:0,(anonymous_145)
FNDA:0,(anonymous_146)
FNDA:0,(anonymous_147)
FNDA:0,(anonymous_148)
FNDA:0,(anonymous_149)
FNDA:0,(anonymous_150)
FNDA:0,(anonymous_151)
FNDA:0,(anonymous_152)
FNDA:0,(anonymous_153)
FNDA:0,(anonymous_154)
FNDA:0,(anonymous_155)
FNDA:0,(anonymous_156)
FNDA:0,(anonymous_157)
FNDA:0,(anonymous_158)
FNDA:0,(anonymous_159)
FNDA:0,(anonymous_160)
FNDA:0,(anonymous_161)
FNDA:0,(anonymous_162)
FNDA:0,(anonymous_163)
FNDA:0,(anonymous_164)
FNDA:0,(anonymous_165)
FNDA:0,(anonymous_166)
FNDA:0,(anonymous_167)
FNDA:0,(anonymous_168)
FNDA:0,(anonymous_169)
FNDA:0,(anonymous_170)
FNDA:0,(anonymous_171)
FNDA:0,(anonymous_172)
FNDA:0,(anonymous_173)
FNDA:0,(anonymous_174)
FNDA:0,(anonymous_175)
FNDA:0,(anonymous_176)
FNDA:0,(anonymous_177)
FNDA:0,(anonymous_178)
FNDA:0,(anonymous_179)
FNDA:0,(anonymous_180)
FNDA:0,(anonymous_181)
FNDA:0,(anonymous_182)
DA:1,1
DA:2,1
DA:3,1
DA:4,1
DA:5,1
DA:6,1
DA:7,1
DA:8,1
DA:9,1
DA:10,1
DA:12,1
DA:13,1
DA:14,1
DA:15,1
DA:16,1
DA:17,1
DA:18,1
DA:19,1
DA:20,1
DA:21,1
DA:22,1
DA:23,1
DA:24,1
DA:26,1
DA:27,1
DA:28,1
DA:29,1
DA:30,1
DA:31,1
DA:32,1
DA:33,1
DA:34,1
DA:35,1
DA:37,1
DA:39,1
DA:40,1
DA:42,1
DA:43,0
DA:44,0
DA:48,1
DA:49,0
DA:53,0
DA:54,0
DA:55,0
DA:57,0
DA:61,1
DA:62,0
DA:63,0
DA:64,0
DA:65,0
DA:66,0
DA:67,0
DA:70,1
DA:71,0
DA:72,0
DA:73,0
DA:74,0
DA:75,0
DA:76,0
DA:79,1
DA:80,0
DA:81,0
DA:83,0
DA:87,1
DA:88,0
DA:89,0
DA:91,0
DA:95,1
DA:96,0
DA:97,0
DA:99,0
DA:103,1
DA:104,0
DA:105,0
DA:107,0
DA:111,1
DA:112,0
DA:113,0
DA:114,0
DA:133,0
DA:135,0
DA:136,0
DA:139,0
DA:143,1
DA:144,0
DA:145,0
DA:148,1
DA:149,0
DA:150,0
DA:153,1
DA:154,0
DA:155,0
DA:157,0
DA:159,0
DA:160,0
DA:161,0
DA:162,0
DA:164,0
DA:169,1
DA:171,0
DA:172,0
DA:173,0
DA:175,0
DA:176,0
DA:177,0
DA:178,0
DA:179,0
DA:181,0
DA:198,0
DA:199,0
DA:203,0
DA:204,0
DA:208,0
DA:209,0
DA:213,0
DA:215,0
DA:228,0
DA:239,0
DA:244,0
DA:250,0
DA:251,0
DA:258,1
DA:259,0
DA:260,0
DA:261,0
DA:267,0
DA:272,0
DA:273,0
DA:277,0
DA:285,1
DA:286,0
DA:287,0
DA:315,0
DA:319,0
DA:320,0
DA:324,0
DA:325,0
DA:329,0
DA:344,0
DA:345,0
DA:346,0
DA:354,0
DA:355,0
DA:356,0
DA:357,0
DA:366,0
DA:372,0
DA:382,0
DA:383,0
DA:389,1
DA:390,0
DA:391,0
DA:411,0
DA:414,0
DA:415,0
DA:443,1
DA:444,0
DA:457,0
DA:462,0
DA:469,1
DA:470,0
DA:471,0
DA:484,0
DA:489,0
DA:496,1
DA:497,0
DA:510,0
DA:515,0
DA:522,1
DA:523,0
DA:531,0
DA:532,0
DA:533,0
DA:534,0
DA:535,0
DA:536,0
DA:537,0
DA:538,0
DA:539,0
DA:540,0
DA:542,0
DA:551,0
DA:552,0
DA:580,1
DA:581,0
DA:583,0
DA:586,0
DA:587,0
DA:590,0
DA:596,1
DA:597,0
DA:599,0
DA:607,0
DA:608,0
DA:610,0
DA:611,0
DA:612,0
DA:619,0
DA:620,0
DA:623,0
DA:624,0
DA:634,0
DA:635,0
DA:639,0
DA:640,0
DA:650,0
DA:651,0
DA:655,0
DA:659,1
DA:660,0
DA:661,0
DA:662,0
DA:666,0
DA:667,0
DA:673,0
DA:677,0
DA:685,0
DA:688,1
DA:689,0
DA:690,0
DA:691,0
DA:692,0
DA:693,0
DA:702,0
DA:703,0
DA:708,0
DA:718,0
DA:754,0
DA:755,0
DA:760,0
DA:767,0
DA:768,0
DA:787,1
DA:789,0
DA:790,0
DA:791,0
DA:792,0
DA:793,0
DA:794,0
DA:795,0
DA:796,0
DA:798,0
DA:799,0
DA:803,0
DA:804,0
DA:805,0
DA:806,0
DA:807,0
DA:808,0
DA:809,0
DA:810,0
DA:811,0
DA:812,0
DA:813,0
DA:814,0
DA:815,0
DA:824,0
DA:832,0
DA:833,0
DA:836,0
DA:839,0
DA:844,1
DA:845,0
DA:846,0
DA:847,0
DA:848,0
DA:849,0
DA:850,0
DA:851,0
DA:852,0
DA:853,0
DA:854,0
DA:855,0
DA:858,0
DA:863,0
DA:864,0
DA:868,1
DA:869,0
DA:871,0
DA:872,0
DA:873,0
DA:876,0
DA:877,0
DA:881,0
DA:888,0
DA:889,0
DA:890,0
DA:895,0
DA:896,0
DA:900,1
DA:901,0
DA:903,0
DA:904,0
DA:908,0
DA:910,0
DA:911,0
DA:914,0
DA:916,0
DA:917,0
DA:918,0
DA:919,0
DA:920,0
DA:922,0
DA:923,0
DA:925,0
DA:926,0
DA:930,0
DA:931,0
DA:935,0
DA:938,0
DA:939,0
DA:954,0
DA:970,0
DA:971,0
DA:981,0
DA:983,0
DA:984,0
DA:994,0
DA:996,0
DA:997,0
DA:1007,0
DA:1010,0
DA:1011,0
DA:1020,0
DA:1026,0
DA:1029,0
DA:1031,0
DA:1040,0
DA:1046,0
DA:1049,0
DA:1050,0
DA:1059,0
DA:1065,0
DA:1068,0
DA:1073,0
DA:1074,0
DA:1084,0
DA:1088,0
DA:1089,0
DA:1091,0
DA:1092,0
DA:1095,0
DA:1100,0
DA:1101,0
DA:1107,0
DA:1136,1
DA:1137,0
DA:1142,0
DA:1143,0
DA:1144,0
DA:1148,0
DA:1149,0
DA:1150,0
DA:1151,0
DA:1155,0
DA:1160,0
DA:1161,0
DA:1175,0
DA:1177,0
DA:1178,0
DA:1192,0
DA:1194,0
DA:1195,0
DA:1209,0
DA:1212,0
DA:1213,0
DA:1222,0
DA:1228,0
DA:1231,0
DA:1233,0
DA:1242,0
DA:1248,0
DA:1251,0
DA:1252,0
DA:1261,0
DA:1267,0
DA:1270,0
DA:1275,0
DA:1276,0
DA:1277,0
DA:1278,0
DA:1279,0
DA:1280,0
DA:1281,0
DA:1282,0
DA:1285,0
DA:1288,0
DA:1289,0
DA:1290,0
DA:1291,0
DA:1292,0
DA:1296,0
DA:1298,0
DA:1300,0
DA:1314,0
DA:1320,0
DA:1329,0
DA:1330,0
DA:1332,0
DA:1333,0
DA:1336,0
DA:1337,0
DA:1338,0
DA:1339,0
DA:1340,0
DA:1341,0
DA:1348,0
DA:1349,0
DA:1355,0
DA:1361,0
DA:1362,0
DA:1365,0
DA:1370,1
DA:1371,0
DA:1373,0
DA:1401,0
DA:1405,0
DA:1406,0
DA:1410,0
DA:1411,0
DA:1415,0
DA:1416,0
DA:1434,0
DA:1435,0
DA:1436,0
DA:1443,0
DA:1444,0
DA:1445,0
DA:1446,0
DA:1447,0
DA:1448,0
DA:1455,0
DA:1456,0
DA:1462,0
DA:1465,0
DA:1466,0
DA:1467,0
DA:1474,0
DA:1480,0
DA:1491,0
DA:1497,1
DA:1498,0
DA:1499,0
DA:1500,0
DA:1518,0
DA:1519,0
DA:1520,0
DA:1521,0
DA:1522,0
DA:1523,0
DA:1524,0
DA:1528,0
DA:1532,0
DA:1533,0
DA:1534,0
DA:1540,0
DA:1543,0
DA:1546,0
DA:1547,0
DA:1553,1
DA:1554,0
DA:1555,0
DA:1556,0
DA:1579,0
DA:1580,0
DA:1581,0
DA:1582,0
DA:1583,0
DA:1584,0
DA:1585,0
DA:1589,0
DA:1593,0
DA:1594,0
DA:1601,0
DA:1604,0
DA:1607,0
DA:1608,0
DA:1614,1
DA:1615,0
DA:1616,0
DA:1617,0
DA:1634,0
DA:1635,0
DA:1636,0
DA:1637,0
DA:1638,0
DA:1639,0
DA:1640,0
DA:1647,0
DA:1648,0
DA:1653,0
DA:1656,0
DA:1659,0
DA:1662,0
DA:1663,0
DA:1669,1
DA:1670,0
DA:1671,0
DA:1673,0
DA:1681,0
DA:1682,0
DA:1683,0
DA:1684,0
DA:1686,0
DA:1690,0
DA:1694,0
DA:1701,1
DA:1702,0
DA:1703,0
DA:1705,0
DA:1711,0
DA:1712,0
DA:1713,0
DA:1716,0
DA:1718,0
DA:1722,0
DA:1728,0
DA:1729,0
DA:1735,1
DA:1736,0
DA:1737,0
DA:1738,0
DA:1739,0
DA:1740,0
DA:1741,0
DA:1742,0
DA:1744,0
DA:1745,0
DA:1747,0
DA:1749,0
DA:1757,0
DA:1759,0
DA:1765,0
DA:1766,0
DA:1767,0
DA:1769,0
DA:1770,0
DA:1771,0
DA:1775,0
DA:1779,0
DA:1784,0
DA:1790,0
DA:1791,0
DA:1795,1
DA:1796,0
DA:1797,0
DA:1798,0
DA:1799,0
DA:1800,0
DA:1801,0
DA:1803,0
DA:1805,0
DA:1806,0
DA:1808,0
DA:1810,0
DA:1813,0
DA:1814,0
DA:1815,0
DA:1821,0
DA:1823,0
DA:1827,0
DA:1833,0
DA:1834,0
DA:1838,1
DA:1839,0
DA:1840,0
DA:1842,0
DA:1843,0
DA:1844,0
DA:1845,0
DA:1846,0
DA:1848,0
DA:1849,0
DA:1851,0
DA:1853,0
DA:1854,0
DA:1857,0
DA:1858,0
DA:1862,0
DA:1868,0
DA:1869,0
DA:1873,1
DA:1875,0
DA:1876,0
DA:1877,0
DA:1881,1
DA:1882,1
DA:1883,1
DA:1884,0
DA:1885,0
DA:1886,0
DA:1888,0
DA:1889,0
DA:1890,0
DA:1891,0
DA:1895,0
DA:1898,1
DA:1899,0
DA:1900,0
DA:1901,0
DA:1902,0
DA:1903,0
DA:1904,0
DA:1906,0
DA:1907,0
DA:1909,0
DA:1910,0
DA:1911,0
DA:1912,0
DA:1913,0
DA:1914,0
DA:1915,0
DA:1916,0
DA:1920,0
DA:1921,0
DA:1924,0
DA:1927,0
DA:1928,0
DA:1930,0
DA:1931,0
DA:1932,0
DA:1933,0
DA:1934,0
DA:1935,0
DA:1936,0
DA:1937,0
DA:1941,0
DA:1942,0
DA:1945,0
DA:1988,0
DA:1991,0
DA:1992,0
DA:1996,1
DA:1997,0
DA:1998,0
DA:1999,0
DA:2000,0
DA:2002,0
DA:2003,0
DA:2007,1
DA:2008,0
DA:2009,0
DA:2010,0
DA:2011,0
DA:2013,0
DA:2014,0
DA:2018,1
DA:2019,0
DA:2020,0
DA:2021,0
DA:2022,0
DA:2023,0
DA:2024,0
DA:2025,0
DA:2026,0
DA:2027,0
DA:2028,0
DA:2030,0
DA:2031,0
DA:2032,0
DA:2033,0
DA:2034,0
DA:2035,0
DA:2036,0
DA:2037,0
DA:2038,0
DA:2039,0
DA:2040,0
DA:2043,0
DA:2044,0
DA:2046,0
DA:2047,0
DA:2048,0
DA:2050,0
DA:2051,0
DA:2052,0
DA:2053,0
DA:2054,0
DA:2055,0
DA:2056,0
DA:2058,0
DA:2059,0
DA:2061,0
DA:2062,0
DA:2063,0
DA:2064,0
DA:2065,0
DA:2066,0
DA:2067,0
DA:2068,0
DA:2070,0
DA:2071,0
DA:2073,0
DA:2074,0
DA:2076,0
DA:2077,0
DA:2078,0
DA:2079,0
DA:2080,0
DA:2081,0
DA:2082,0
DA:2084,0
DA:2085,0
DA:2087,0
DA:2090,0
DA:2091,0
DA:2095,1
DA:2096,0
DA:2097,0
DA:2098,0
DA:2099,0
DA:2100,0
DA:2101,0
DA:2102,0
DA:2103,0
DA:2104,0
DA:2106,0
DA:2107,0
DA:2108,0
DA:2110,0
DA:2111,0
DA:2112,0
DA:2113,0
DA:2114,0
DA:2115,0
DA:2116,0
DA:2118,0
DA:2119,0
DA:2121,0
DA:2122,0
DA:2123,0
DA:2125,0
DA:2126,0
DA:2127,0
DA:2128,0
DA:2129,0
DA:2130,0
DA:2132,0
DA:2133,0
DA:2135,0
DA:2136,0
DA:2137,0
DA:2138,0
DA:2139,0
DA:2140,0
DA:2141,0
DA:2143,0
DA:2144,0
DA:2146,0
DA:2147,0
DA:2148,0
DA:2149,0
DA:2150,0
DA:2151,0
DA:2152,0
DA:2153,0
DA:2155,0
DA:2156,0
DA:2158,0
DA:2176,0
DA:2177,0
DA:2181,1
DA:2182,0
DA:2183,0
DA:2190,0
DA:2191,0
DA:2194,0
DA:2195,0
DA:2199,1
DA:2200,0
DA:2201,0
DA:2202,0
DA:2203,0
DA:2204,0
DA:2205,0
DA:2206,0
DA:2207,0
DA:2209,0
DA:2210,0
DA:2211,0
DA:2212,0
DA:2213,0
DA:2214,0
DA:2215,0
DA:2216,0
DA:2217,0
DA:2218,0
DA:2219,0
DA:2221,0
DA:2222,0
DA:2223,0
DA:2224,0
DA:2225,0
DA:2226,0
DA:2228,0
DA:2230,0
DA:2232,0
DA:2233,0
DA:2234,0
DA:2235,0
DA:2236,0
DA:2237,0
DA:2238,0
DA:2239,0
DA:2240,0
DA:2241,0
DA:2242,0
DA:2243,0
DA:2244,0
DA:2245,0
DA:2247,0
DA:2248,0
DA:2249,0
DA:2250,0
DA:2251,0
DA:2252,0
DA:2253,0
DA:2255,0
DA:2256,0
DA:2257,0
DA:2258,0
DA:2259,0
DA:2260,0
DA:2262,0
DA:2264,0
DA:2266,0
DA:2267,0
DA:2268,0
DA:2269,0
DA:2270,0
DA:2271,0
DA:2273,0
DA:2274,0
DA:2275,0
DA:2277,0
DA:2279,0
DA:2281,0
DA:2282,0
DA:2283,0
DA:2284,0
DA:2285,0
DA:2286,0
DA:2288,0
DA:2289,0
DA:2290,0
DA:2292,0
DA:2294,0
DA:2296,0
DA:2299,0
DA:2300,0
DA:2304,1
DA:2305,0
DA:2306,0
DA:2307,0
DA:2308,0
DA:2309,0
DA:2310,0
DA:2311,0
DA:2312,0
DA:2313,0
DA:2314,0
DA:2315,0
DA:2317,0
DA:2318,0
DA:2319,0
DA:2320,0
DA:2321,0
DA:2322,0
DA:2323,0
DA:2324,0
DA:2325,0
DA:2326,0
DA:2327,0
DA:2329,0
DA:2340,0
DA:2346,0
DA:2348,0
DA:2354,0
DA:2356,0
DA:2357,0
DA:2358,0
DA:2359,0
DA:2360,0
DA:2361,0
DA:2362,0
DA:2363,0
DA:2364,0
DA:2365,0
DA:2366,0
DA:2367,0
DA:2369,0
DA:2370,0
DA:2372,0
DA:2373,0
DA:2375,0
DA:2377,0
DA:2378,0
DA:2380,0
DA:2381,0
DA:2383,0
DA:2384,0
DA:2386,0
DA:2387,0
DA:2389,0
DA:2390,0
DA:2395,0
DA:2399,0
DA:2400,0
DA:2401,0
DA:2402,0
DA:2403,0
DA:2404,0
DA:2405,0
DA:2408,0
DA:2409,0
DA:2410,0
DA:2411,0
DA:2412,0
DA:2413,0
DA:2414,0
DA:2415,0
DA:2416,0
DA:2417,0
DA:2418,0
DA:2420,0
DA:2421,0
DA:2422,0
DA:2423,0
DA:2424,0
DA:2425,0
DA:2428,0
DA:2430,0
DA:2432,0
DA:2433,0
DA:2434,0
DA:2435,0
DA:2436,0
DA:2437,0
DA:2438,0
DA:2439,0
DA:2440,0
DA:2441,0
DA:2442,0
DA:2444,0
DA:2445,0
DA:2446,0
DA:2447,0
DA:2448,0
DA:2449,0
DA:2451,0
DA:2453,0
DA:2455,0
DA:2456,0
DA:2457,0
DA:2458,0
DA:2459,0
DA:2460,0
DA:2462,0
DA:2463,0
DA:2464,0
DA:2466,0
DA:2468,0
DA:2470,0
DA:2471,0
DA:2472,0
DA:2473,0
DA:2474,0
DA:2475,0
DA:2476,0
DA:2478,0
DA:2479,0
DA:2480,0
DA:2482,0
DA:2484,0
DA:2486,0
DA:2490,0
DA:2491,0
DA:2495,1
DA:2496,0
DA:2497,0
DA:2498,0
DA:2499,0
DA:2500,0
DA:2501,0
DA:2502,0
DA:2504,0
DA:2505,0
DA:2506,0
DA:2507,0
DA:2509,0
DA:2510,0
DA:2511,0
DA:2512,0
DA:2513,0
DA:2514,0
DA:2515,0
DA:2521,0
DA:2522,0
DA:2523,0
DA:2524,0
DA:2525,0
DA:2529,0
DA:2531,0
DA:2538,0
DA:2546,0
DA:2547,0
DA:2548,0
DA:2549,0
DA:2555,0
DA:2561,0
DA:2562,0
DA:2563,0
DA:2568,0
DA:2569,0
DA:2577,0
DA:2585,0
DA:2586,0
DA:2592,0
DA:2597,0
DA:2603,0
DA:2604,0
DA:2605,0
DA:2607,0
DA:2608,0
DA:2610,0
DA:2611,0
DA:2613,0
DA:2618,0
DA:2626,0
DA:2627,0
DA:2628,0
DA:2629,0
DA:2630,0
DA:2632,0
DA:2633,0
DA:2634,0
DA:2635,0
DA:2636,0
DA:2637,0
DA:2638,0
DA:2639,0
DA:2640,0
DA:2641,0
DA:2642,0
DA:2644,0
DA:2645,0
DA:2647,0
DA:2648,0
DA:2650,0
DA:2652,0
DA:2653,0
DA:2655,0
DA:2656,0
DA:2658,0
DA:2659,0
DA:2661,0
DA:2662,0
DA:2664,0
DA:2665,0
DA:2673,0
DA:2682,0
DA:2683,0
DA:2687,0
DA:2689,0
DA:2690,0
DA:2691,0
DA:2692,0
DA:2694,0
DA:2696,0
DA:2697,0
DA:2698,0
DA:2699,0
DA:2701,0
DA:2703,0
DA:2706,0
DA:2707,0
DA:2712,1
DA:2713,0
DA:2714,0
DA:2715,0
DA:2716,0
DA:2717,0
DA:2718,0
DA:2719,0
DA:2721,0
DA:2722,0
DA:2723,0
DA:2724,0
DA:2726,0
DA:2727,0
DA:2728,0
DA:2729,0
DA:2730,0
DA:2731,0
DA:2732,0
DA:2738,0
DA:2739,0
DA:2740,0
DA:2741,0
DA:2742,0
DA:2746,0
DA:2748,0
DA:2755,0
DA:2763,0
DA:2764,0
DA:2765,0
DA:2766,0
DA:2772,0
DA:2778,0
DA:2779,0
DA:2780,0
DA:2785,0
DA:2786,0
DA:2794,0
DA:2802,0
DA:2803,0
DA:2809,0
DA:2814,0
DA:2820,0
DA:2821,0
DA:2822,0
DA:2824,0
DA:2825,0
DA:2827,0
DA:2828,0
DA:2830,0
DA:2835,0
DA:2843,0
DA:2844,0
DA:2845,0
DA:2846,0
DA:2847,0
DA:2849,0
DA:2850,0
DA:2851,0
DA:2852,0
DA:2853,0
DA:2854,0
DA:2855,0
DA:2856,0
DA:2857,0
DA:2858,0
DA:2859,0
DA:2861,0
DA:2862,0
DA:2864,0
DA:2865,0
DA:2867,0
DA:2869,0
DA:2870,0
DA:2872,0
DA:2873,0
DA:2875,0
DA:2876,0
DA:2878,0
DA:2879,0
DA:2881,0
DA:2882,0
DA:2890,0
DA:2899,0
DA:2900,0
DA:2904,0
DA:2906,0
DA:2907,0
DA:2908,0
DA:2909,0
DA:2911,0
DA:2913,0
DA:2914,0
DA:2915,0
DA:2916,0
DA:2918,0
DA:2920,0
DA:2923,0
DA:2924,0
DA:2928,1
DA:2929,0
DA:2930,0
DA:2932,0
DA:2945,0
DA:2949,0
DA:2950,0
DA:2957,0
DA:2958,0
DA:2965,0
DA:2966,0
DA:2967,0
DA:2968,0
DA:2970,0
DA:2983,0
DA:2984,0
DA:2989,0
DA:2996,0
DA:3003,0
DA:3010,0
DA:3017,0
DA:3018,0
DA:3025,0
DA:3026,0
DA:3027,0
DA:3028,0
DA:3030,0
DA:3043,0
DA:3044,0
DA:3049,0
DA:3056,0
DA:3063,0
DA:3072,0
DA:3078,0
DA:3079,0
DA:3083,1
DA:3084,0
DA:3085,0
DA:3086,0
DA:3087,0
DA:3088,0
DA:3089,0
DA:3090,0
DA:3091,0
DA:3092,0
DA:3093,0
DA:3094,0
DA:3095,0
DA:3096,0
DA:3104,0
DA:3108,1
DA:3109,0
DA:3110,0
DA:3112,0
DA:3119,0
DA:3120,0
DA:3124,0
DA:3130,0
DA:3131,0
DA:3135,1
DA:3136,0
DA:3137,0
DA:3139,0
DA:3146,0
DA:3147,0
DA:3151,0
DA:3157,0
DA:3158,0
DA:3162,1
DA:3163,0
DA:3164,0
DA:3165,0
DA:3166,0
DA:3167,0
DA:3168,0
DA:3170,0
DA:3171,0
DA:3172,0
DA:3173,0
DA:3174,0
DA:3175,0
DA:3181,0
DA:3183,0
DA:3189,0
DA:3190,0
DA:3191,0
DA:3192,0
DA:3194,0
DA:3195,0
DA:3197,0
DA:3199,0
DA:3200,0
DA:3203,0
DA:3205,0
DA:3206,0
DA:3209,0
DA:3210,0
DA:3213,0
DA:3214,0
DA:3219,0
DA:3223,0
DA:3224,0
DA:3225,0
DA:3226,0
DA:3227,0
DA:3230,0
DA:3231,0
DA:3232,0
DA:3233,0
DA:3235,0
DA:3236,0
DA:3237,0
DA:3238,0
DA:3239,0
DA:3242,0
DA:3244,0
DA:3246,0
DA:3247,0
DA:3248,0
DA:3249,0
DA:3250,0
DA:3252,0
DA:3253,0
DA:3254,0
DA:3255,0
DA:3256,0
DA:3258,0
DA:3260,0
DA:3264,0
DA:3265,0
DA:3269,1
DA:3270,1
DA:3271,1
DA:3272,1
DA:3273,1
DA:3274,0
DA:3290,1
DA:3291,0
DA:3292,0
DA:3293,0
DA:3297,0
DA:3298,0
LF:1317
LH:99
BRDA:80,0,0,0
BRDA:80,0,1,0
BRDA:80,1,0,0
BRDA:80,1,1,0
BRDA:80,1,2,0
BRDA:80,1,3,0
BRDA:88,2,0,0
BRDA:88,2,1,0
BRDA:96,3,0,0
BRDA:96,3,1,0
BRDA:104,4,0,0
BRDA:104,4,1,0
BRDA:160,5,0,0
BRDA:160,5,1,0
BRDA:178,6,0,0
BRDA:178,6,1,0
BRDA:198,7,0,0
BRDA:198,7,1,0
BRDA:203,8,0,0
BRDA:203,8,1,0
BRDA:203,9,0,0
BRDA:203,9,1,0
BRDA:203,9,2,0
BRDA:208,10,0,0
BRDA:208,10,1,0
BRDA:319,11,0,0
BRDA:319,11,1,0
BRDA:324,12,0,0
BRDA:324,12,1,0
BRDA:344,13,0,0
BRDA:344,13,1,0
BRDA:356,14,0,0
BRDA:356,14,1,0
BRDA:586,15,0,0
BRDA:586,15,1,0
BRDA:611,16,0,0
BRDA:611,16,1,0
BRDA:619,17,0,0
BRDA:619,17,1,0
BRDA:623,18,0,0
BRDA:623,18,1,0
BRDA:634,19,0,0
BRDA:634,19,1,0
BRDA:639,20,0,0
BRDA:639,20,1,0
BRDA:639,21,0,0
BRDA:639,21,1,0
BRDA:650,22,0,0
BRDA:650,22,1,0
BRDA:661,23,0,0
BRDA:661,23,1,0
BRDA:692,24,0,0
BRDA:692,24,1,0
BRDA:702,25,0,0
BRDA:702,25,1,0
BRDA:754,26,0,0
BRDA:754,26,1,0
BRDA:795,27,0,0
BRDA:795,27,1,0
BRDA:798,28,0,0
BRDA:798,28,1,0
BRDA:798,29,0,0
BRDA:798,29,1,0
BRDA:798,29,2,0
BRDA:798,29,3,0
BRDA:798,29,4,0
BRDA:798,29,5,0
BRDA:876,30,0,0
BRDA:876,30,1,0
BRDA:889,31,0,0
BRDA:889,31,1,0
BRDA:910,32,0,0
BRDA:910,32,1,0
BRDA:918,33,0,0
BRDA:918,33,1,0
BRDA:925,34,0,0
BRDA:925,34,1,0
BRDA:925,35,0,0
BRDA:925,35,1,0
BRDA:925,35,2,0
BRDA:930,36,0,0
BRDA:930,36,1,0
BRDA:938,37,0,0
BRDA:938,37,1,0
BRDA:938,38,0,0
BRDA:938,38,1,0
BRDA:938,38,2,0
BRDA:970,39,0,0
BRDA:970,39,1,0
BRDA:983,40,0,0
BRDA:983,40,1,0
BRDA:996,41,0,0
BRDA:996,41,1,0
BRDA:1010,42,0,0
BRDA:1010,42,1,0
BRDA:1029,43,0,0
BRDA:1029,43,1,0
BRDA:1049,44,0,0
BRDA:1049,44,1,0
BRDA:1073,45,0,0
BRDA:1073,45,1,0
BRDA:1073,46,0,0
BRDA:1073,46,1,0
BRDA:1073,46,2,0
BRDA:1143,47,0,0
BRDA:1143,47,1,0
BRDA:1150,48,0,0
BRDA:1150,48,1,0
BRDA:1160,49,0,0
BRDA:1160,49,1,0
BRDA:1177,50,0,0
BRDA:1177,50,1,0
BRDA:1194,51,0,0
BRDA:1194,51,1,0
BRDA:1212,52,0,0
BRDA:1212,52,1,0
BRDA:1231,53,0,0
BRDA:1231,53,1,0
BRDA:1251,54,0,0
BRDA:1251,54,1,0
BRDA:1275,55,0,0
BRDA:1275,55,1,0
BRDA:1275,56,0,0
BRDA:1275,56,1,0
BRDA:1275,56,2,0
BRDA:1336,57,0,0
BRDA:1336,57,1,0
BRDA:1336,58,0,0
BRDA:1336,58,1,0
BRDA:1336,58,2,0
BRDA:1405,59,0,0
BRDA:1405,59,1,0
BRDA:1410,60,0,0
BRDA:1410,60,1,0
BRDA:1434,61,0,0
BRDA:1434,61,1,0
BRDA:1443,62,0,0
BRDA:1443,62,1,0
BRDA:1443,63,0,0
BRDA:1443,63,1,0
BRDA:1443,63,2,0
BRDA:1466,64,0,0
BRDA:1466,64,1,0
BRDA:1519,65,0,0
BRDA:1519,65,1,0
BRDA:1519,66,0,0
BRDA:1519,66,1,0
BRDA:1519,66,2,0
BRDA:1580,67,0,0
BRDA:1580,67,1,0
BRDA:1580,68,0,0
BRDA:1580,68,1,0
BRDA:1580,68,2,0
BRDA:1635,69,0,0
BRDA:1635,69,1,0
BRDA:1635,70,0,0
BRDA:1635,70,1,0
BRDA:1635,70,2,0
BRDA:1681,71,0,0
BRDA:1681,71,1,0
BRDA:1711,72,0,0
BRDA:1711,72,1,0
BRDA:1765,73,0,0
BRDA:1765,73,1,0
BRDA:1770,74,0,0
BRDA:1770,74,1,0
BRDA:1813,75,0,0
BRDA:1813,75,1,0
BRDA:1853,76,0,0
BRDA:1853,76,1,0
BRDA:1890,77,0,0
BRDA:1890,77,1,0
BRDA:1904,78,0,0
BRDA:1904,78,1,0
BRDA:1904,78,2,0
BRDA:1915,79,0,0
BRDA:1915,79,1,0
BRDA:1920,80,0,0
BRDA:1920,80,1,0
BRDA:1920,81,0,0
BRDA:1920,81,1,0
BRDA:1936,82,0,0
BRDA:1936,82,1,0
BRDA:1941,83,0,0
BRDA:1941,83,1,0
BRDA:1941,84,0,0
BRDA:1941,84,1,0
BRDA:2028,85,0,0
BRDA:2028,85,1,0
BRDA:2028,85,2,0
BRDA:2028,85,3,0
BRDA:2028,85,4,0
BRDA:2104,86,0,0
BRDA:2104,86,1,0
BRDA:2104,86,2,0
BRDA:2104,86,3,0
BRDA:2104,86,4,0
BRDA:2190,87,0,0
BRDA:2190,87,1,0
BRDA:2207,88,0,0
BRDA:2207,88,1,0
BRDA:2207,88,2,0
BRDA:2207,88,3,0
BRDA:2207,88,4,0
BRDA:2210,89,0,0
BRDA:2210,89,1,0
BRDA:2213,90,0,0
BRDA:2213,90,1,0
BRDA:2223,91,0,0
BRDA:2223,91,1,0
BRDA:2234,92,0,0
BRDA:2234,92,1,0
BRDA:2234,93,0,0
BRDA:2234,93,1,0
BRDA:2239,94,0,0
BRDA:2239,94,1,0
BRDA:2257,95,0,0
BRDA:2257,95,1,0
BRDA:2267,96,0,0
BRDA:2267,96,1,0
BRDA:2270,97,0,0
BRDA:2270,97,1,0
BRDA:2274,98,0,0
BRDA:2274,98,1,0
BRDA:2282,99,0,0
BRDA:2282,99,1,0
BRDA:2285,100,0,0
BRDA:2285,100,1,0
BRDA:2289,101,0,0
BRDA:2289,101,1,0
BRDA:2315,102,0,0
BRDA:2315,102,1,0
BRDA:2315,102,2,0
BRDA:2315,102,3,0
BRDA:2315,102,4,0
BRDA:2319,103,0,0
BRDA:2319,103,1,0
BRDA:2319,104,0,0
BRDA:2319,104,1,0
BRDA:2322,105,0,0
BRDA:2322,105,1,0
BRDA:2322,106,0,0
BRDA:2322,106,1,0
BRDA:2326,107,0,0
BRDA:2326,107,1,0
BRDA:2326,108,0,0
BRDA:2326,108,1,0
BRDA:2354,109,0,0
BRDA:2354,109,1,0
BRDA:2366,110,0,0
BRDA:2366,110,1,0
BRDA:2369,111,0,0
BRDA:2369,111,1,0
BRDA:2372,112,0,0
BRDA:2372,112,1,0
BRDA:2377,113,0,0
BRDA:2377,113,1,0
BRDA:2380,114,0,0
BRDA:2380,114,1,0
BRDA:2383,115,0,0
BRDA:2383,115,1,0
BRDA:2386,116,0,0
BRDA:2386,116,1,0
BRDA:2389,117,0,0
BRDA:2389,117,1,0
BRDA:2402,118,0,0
BRDA:2402,118,1,0
BRDA:2409,119,0,0
BRDA:2409,119,1,0
BRDA:2412,120,0,0
BRDA:2412,120,1,0
BRDA:2422,121,0,0
BRDA:2422,121,1,0
BRDA:2433,122,0,0
BRDA:2433,122,1,0
BRDA:2436,123,0,0
BRDA:2436,123,1,0
BRDA:2446,124,0,0
BRDA:2446,124,1,0
BRDA:2456,125,0,0
BRDA:2456,125,1,0
BRDA:2459,126,0,0
BRDA:2459,126,1,0
BRDA:2463,127,0,0
BRDA:2463,127,1,0
BRDA:2472,128,0,0
BRDA:2472,128,1,0
BRDA:2475,129,0,0
BRDA:2475,129,1,0
BRDA:2479,130,0,0
BRDA:2479,130,1,0
BRDA:2502,131,0,0
BRDA:2502,131,1,0
BRDA:2502,131,2,0
BRDA:2502,131,3,0
BRDA:2502,131,4,0
BRDA:2510,132,0,0
BRDA:2510,132,1,0
BRDA:2546,133,0,0
BRDA:2546,133,1,0
BRDA:2604,134,0,0
BRDA:2604,134,1,0
BRDA:2607,135,0,0
BRDA:2607,135,1,0
BRDA:2610,136,0,0
BRDA:2610,136,1,0
BRDA:2626,137,0,0
BRDA:2626,137,1,0
BRDA:2629,138,0,0
BRDA:2629,138,1,0
BRDA:2641,139,0,0
BRDA:2641,139,1,0
BRDA:2644,140,0,0
BRDA:2644,140,1,0
BRDA:2647,141,0,0
BRDA:2647,141,1,0
BRDA:2652,142,0,0
BRDA:2652,142,1,0
BRDA:2655,143,0,0
BRDA:2655,143,1,0
BRDA:2658,144,0,0
BRDA:2658,144,1,0
BRDA:2661,145,0,0
BRDA:2661,145,1,0
BRDA:2664,146,0,0
BRDA:2664,146,1,0
BRDA:2682,147,0,0
BRDA:2682,147,1,0
BRDA:2682,148,0,0
BRDA:2682,148,1,0
BRDA:2682,148,2,0
BRDA:2691,149,0,0
BRDA:2691,149,1,0
BRDA:2691,150,0,0
BRDA:2691,150,1,0
BRDA:2698,151,0,0
BRDA:2698,151,1,0
BRDA:2698,152,0,0
BRDA:2698,152,1,0
BRDA:2719,153,0,0
BRDA:2719,153,1,0
BRDA:2719,153,2,0
BRDA:2719,153,3,0
BRDA:2719,153,4,0
BRDA:2727,154,0,0
BRDA:2727,154,1,0
BRDA:2763,155,0,0
BRDA:2763,155,1,0
BRDA:2821,156,0,0
BRDA:2821,156,1,0
BRDA:2824,157,0,0
BRDA:2824,157,1,0
BRDA:2827,158,0,0
BRDA:2827,158,1,0
BRDA:2843,159,0,0
BRDA:2843,159,1,0
BRDA:2846,160,0,0
BRDA:2846,160,1,0
BRDA:2858,161,0,0
BRDA:2858,161,1,0
BRDA:2861,162,0,0
BRDA:2861,162,1,0
BRDA:2864,163,0,0
BRDA:2864,163,1,0
BRDA:2869,164,0,0
BRDA:2869,164,1,0
BRDA:2872,165,0,0
BRDA:2872,165,1,0
BRDA:2875,166,0,0
BRDA:2875,166,1,0
BRDA:2878,167,0,0
BRDA:2878,167,1,0
BRDA:2881,168,0,0
BRDA:2881,168,1,0
BRDA:2899,169,0,0
BRDA:2899,169,1,0
BRDA:2899,170,0,0
BRDA:2899,170,1,0
BRDA:2899,170,2,0
BRDA:2908,171,0,0
BRDA:2908,171,1,0
BRDA:2908,172,0,0
BRDA:2908,172,1,0
BRDA:2915,173,0,0
BRDA:2915,173,1,0
BRDA:2915,174,0,0
BRDA:2915,174,1,0
BRDA:2945,175,0,0
BRDA:2945,175,1,0
BRDA:2949,176,0,0
BRDA:2949,176,1,0
BRDA:2957,177,0,0
BRDA:2957,177,1,0
BRDA:2965,178,0,0
BRDA:2965,178,1,0
BRDA:2983,179,0,0
BRDA:2983,179,1,0
BRDA:3017,180,0,0
BRDA:3017,180,1,0
BRDA:3025,181,0,0
BRDA:3025,181,1,0
BRDA:3043,182,0,0
BRDA:3043,182,1,0
BRDA:3095,183,0,0
BRDA:3095,183,1,0
BRDA:3095,184,0,0
BRDA:3095,184,1,0
BRDA:3095,184,2,0
BRDA:3095,184,3,0
BRDA:3095,184,4,0
BRDA:3095,184,5,0
BRDA:3095,184,6,0
BRDA:3095,184,7,0
BRDA:3095,184,8,0
BRDA:3095,184,9,0
BRDA:3119,185,0,0
BRDA:3119,185,1,0
BRDA:3146,186,0,0
BRDA:3146,186,1,0
BRDA:3168,187,0,0
BRDA:3168,187,1,0
BRDA:3172,188,0,0
BRDA:3172,188,1,0
BRDA:3172,189,0,0
BRDA:3172,189,1,0
BRDA:3189,190,0,0
BRDA:3189,190,1,0
BRDA:3199,191,0,0
BRDA:3199,191,1,0
BRDA:3205,192,0,0
BRDA:3205,192,1,0
BRDA:3209,193,0,0
BRDA:3209,193,1,0
BRDA:3213,194,0,0
BRDA:3213,194,1,0
BRDA:3226,195,0,0
BRDA:3226,195,1,0
BRDA:3231,196,0,0
BRDA:3231,196,1,0
BRDA:3237,197,0,0
BRDA:3237,197,1,0
BRDA:3247,198,0,0
BRDA:3247,198,1,0
BRDA:3254,199,0,0
BRDA:3254,199,1,0
BRF:445
BRH:0
end_of_record
TN:
SF:D:\latest-backend\dreamSociety\app\model\AreaMachine.model.js
FN:1,(anonymous_0)
FNF:1
FNH:1
FNDA:6,(anonymous_0)
DA:1,6
DA:2,6
DA:24,6
LF:3
LH:3
BRF:0
BRH:0
end_of_record
TN:
SF:D:\latest-backend\dreamSociety\app\model\asset.model.js
FN:1,(anonymous_0)
FNF:1
FNH:1
FNDA:6,(anonymous_0)
DA:1,6
DA:2,6
DA:30,6
LF:3
LH:3
BRF:0
BRH:0
end_of_record
TN:
SF:D:\latest-backend\dreamSociety\app\model\assetType.model.js
FN:1,(anonymous_0)
FNF:1
FNH:1
FNDA:6,(anonymous_0)
DA:1,6
DA:2,6
DA:30,6
LF:3
LH:3
BRF:0
BRH:0
end_of_record
TN:
SF:D:\latest-backend\dreamSociety\app\model\city.model.js
FN:1,(anonymous_0)
FNF:1
FNH:1
FNDA:6,(anonymous_0)
DA:1,6
DA:2,6
DA:27,6
LF:3
LH:3
BRF:0
BRH:0
end_of_record
TN:
SF:D:\latest-backend\dreamSociety\app\model\commonArea.model.js
FN:1,(anonymous_0)
FNF:1
FNH:1
FNDA:6,(anonymous_0)
DA:1,6
DA:2,6
DA:27,6
LF:3
LH:3
BRF:0
BRH:0
end_of_record
TN:
SF:D:\latest-backend\dreamSociety\app\model\commonAreaDetail.model.js
FN:1,(anonymous_0)
FNF:1
FNH:1
FNDA:6,(anonymous_0)
DA:1,6
DA:2,6
DA:24,6
LF:3
LH:3
BRF:0
BRH:0
end_of_record
TN:
SF:D:\latest-backend\dreamSociety\app\model\complaint.model.js
FN:1,(anonymous_0)
FNF:1
FNH:1
FNDA:6,(anonymous_0)
DA:1,6
DA:2,6
DA:49,6
LF:3
LH:3
BRF:0
BRH:0
end_of_record
TN:
SF:D:\latest-backend\dreamSociety\app\model\complaintStatus.model.js
FN:1,(anonymous_0)
FNF:1
FNH:1
FNDA:6,(anonymous_0)
DA:1,6
DA:2,6
DA:16,6
LF:3
LH:3
BRF:0
BRH:0
end_of_record
TN:
SF:D:\latest-backend\dreamSociety\app\model\country.model.js
FN:1,(anonymous_0)
FNF:1
FNH:1
FNDA:6,(anonymous_0)
DA:1,6
DA:2,6
DA:37,6
LF:3
LH:3
BRF:0
BRH:0
end_of_record
TN:
SF:D:\latest-backend\dreamSociety\app\model\designation.model.js
FN:1,(anonymous_0)
FNF:1
FNH:1
FNDA:6,(anonymous_0)
DA:1,6
DA:2,6
DA:17,6
LF:3
LH:3
BRF:0
BRH:0
end_of_record
TN:
SF:D:\latest-backend\dreamSociety\app\model\electricityConsumer.model.js
FN:1,(anonymous_0)
FNF:1
FNH:1
FNDA:6,(anonymous_0)
DA:1,6
DA:2,6
DA:50,6
LF:3
LH:3
BRF:0
BRH:0
end_of_record
TN:
SF:D:\latest-backend\dreamSociety\app\model\employee.model.js
FN:1,(anonymous_0)
FNF:1
FNH:1
FNDA:6,(anonymous_0)
DA:1,6
DA:2,6
DA:61,6
LF:3
LH:3
BRF:0
BRH:0
end_of_record
TN:
SF:D:\latest-backend\dreamSociety\app\model\employeeDetail.model.js
FN:1,(anonymous_0)
FNF:1
FNH:1
FNDA:6,(anonymous_0)
DA:1,6
DA:2,6
DA:27,6
LF:3
LH:3
BRF:0
BRH:0
end_of_record
TN:
SF:D:\latest-backend\dreamSociety\app\model\employeeType.model.js
FN:1,(anonymous_0)
FNF:1
FNH:1
FNDA:6,(anonymous_0)
DA:1,6
DA:2,6
DA:27,6
LF:3
LH:3
BRF:0
BRH:0
end_of_record
TN:
SF:D:\latest-backend\dreamSociety\app\model\employeeWorkType.model.js
FN:1,(anonymous_0)
FNF:1
FNH:1
FNDA:6,(anonymous_0)
DA:1,6
DA:2,6
DA:27,6
LF:3
LH:3
BRF:0
BRH:0
end_of_record
TN:
SF:D:\latest-backend\dreamSociety\app\model\event.model.js
FN:1,(anonymous_0)
FNF:1
FNH:1
FNDA:6,(anonymous_0)
DA:1,6
DA:2,6
DA:30,6
LF:3
LH:3
BRF:0
BRH:0
end_of_record
TN:
SF:D:\latest-backend\dreamSociety\app\model\eventBooking.model.js
FN:1,(anonymous_0)
FNF:1
FNH:1
FNDA:6,(anonymous_0)
DA:1,6
DA:2,6
DA:81,6
LF:3
LH:3
BRF:0
BRH:0
end_of_record
TN:
SF:D:\latest-backend\dreamSociety\app\model\eventSpaceMaster.model.js
FN:1,(anonymous_0)
FNF:1
FNH:1
FNDA:6,(anonymous_0)
DA:1,6
DA:2,6
DA:52,6
LF:3
LH:3
BRF:0
BRH:0
end_of_record
TN:
SF:D:\latest-backend\dreamSociety\app\model\facilities.model.js
FN:1,(anonymous_0)
FNF:1
FNH:1
FNDA:6,(anonymous_0)
DA:1,6
DA:2,6
DA:27,6
LF:3
LH:3
BRF:0
BRH:0
end_of_record
TN:
SF:D:\latest-backend\dreamSociety\app\model\facilitiesDetails.model.js
FN:1,(anonymous_0)
FNF:1
FNH:1
FNDA:6,(anonymous_0)
DA:1,6
DA:2,6
DA:30,6
LF:3
LH:3
BRF:0
BRH:0
end_of_record
TN:
SF:D:\latest-backend\dreamSociety\app\model\feedback.model.js
FN:1,(anonymous_0)
FNF:1
FNH:1
FNDA:6,(anonymous_0)
DA:1,6
DA:2,6
DA:33,6
LF:3
LH:3
BRF:0
BRH:0
end_of_record
TN:
SF:D:\latest-backend\dreamSociety\app\model\fingerprintData.model.js
FN:1,(anonymous_0)
FNF:1
FNH:1
FNDA:6,(anonymous_0)
DA:1,6
DA:2,6
DA:27,6
LF:3
LH:3
BRF:0
BRH:0
end_of_record
TN:
SF:D:\latest-backend\dreamSociety\app\model\fingerprintMachineData.model.js
FN:1,(anonymous_0)
FNF:1
FNH:1
FNDA:6,(anonymous_0)
DA:1,6
DA:2,6
DA:31,6
LF:3
LH:3
BRF:0
BRH:0
end_of_record
TN:
SF:D:\latest-backend\dreamSociety\app\model\flat.model.js
FN:1,(anonymous_0)
FNF:1
FNH:1
FNDA:6,(anonymous_0)
DA:1,6
DA:2,6
DA:33,6
LF:3
LH:3
BRF:0
BRH:0
end_of_record
TN:
SF:D:\latest-backend\dreamSociety\app\model\flatDetail.model.js
FN:1,(anonymous_0)
FNF:1
FNH:1
FNDA:6,(anonymous_0)
DA:1,6
DA:2,6
DA:28,6
LF:3
LH:3
BRF:0
BRH:0
end_of_record
TN:
SF:D:\latest-backend\dreamSociety\app\model\flatParking.model.js
FN:1,(anonymous_0)
FNF:1
FNH:1
FNDA:6,(anonymous_0)
DA:1,6
DA:2,6
DA:24,6
LF:3
LH:3
BRF:0
BRH:0
end_of_record
TN:
SF:D:\latest-backend\dreamSociety\app\model\floor.model.js
FN:1,(anonymous_0)
FNF:1
FNH:1
FNDA:6,(anonymous_0)
DA:1,6
DA:2,6
DA:27,6
LF:3
LH:3
BRF:0
BRH:0
end_of_record
TN:
SF:D:\latest-backend\dreamSociety\app\model\individualVendor.model.js
FN:1,(anonymous_0)
FNF:1
FNH:1
FNDA:6,(anonymous_0)
DA:1,6
DA:2,6
DA:98,6
LF:3
LH:3
BRF:0
BRH:0
end_of_record
TN:
SF:D:\latest-backend\dreamSociety\app\model\inventory.model.js
FN:1,(anonymous_0)
FNF:1
FNH:1
FNDA:6,(anonymous_0)
DA:1,6
DA:2,6
DA:32,6
LF:3
LH:3
BRF:0
BRH:0
end_of_record
TN:
SF:D:\latest-backend\dreamSociety\app\model\location.model.js
FN:1,(anonymous_0)
FNF:1
FNH:1
FNDA:6,(anonymous_0)
DA:1,6
DA:2,6
DA:27,6
LF:3
LH:3
BRF:0
BRH:0
end_of_record
TN:
SF:D:\latest-backend\dreamSociety\app\model\machine.model.js
FN:1,(anonymous_0)
FNF:1
FNH:1
FNDA:6,(anonymous_0)
DA:1,6
DA:2,6
DA:24,6
LF:3
LH:3
BRF:0
BRH:0
end_of_record
TN:
SF:D:\latest-backend\dreamSociety\app\model\machineDetail.model.js
FN:1,(anonymous_0)
FNF:1
FNH:1
FNDA:6,(anonymous_0)
DA:1,6
DA:2,6
DA:27,6
LF:3
LH:3
BRF:0
BRH:0
end_of_record
TN:
SF:D:\latest-backend\dreamSociety\app\model\maintenance.model.js
FN:1,(anonymous_0)
FNF:1
FNH:1
FNDA:6,(anonymous_0)
DA:1,6
DA:2,6
DA:27,6
LF:3
LH:3
BRF:0
BRH:0
end_of_record
TN:
SF:D:\latest-backend\dreamSociety\app\model\maintenanceType.model.js
FN:1,(anonymous_0)
FNF:1
FNH:1
FNDA:6,(anonymous_0)
DA:1,6
DA:2,6
DA:33,6
LF:3
LH:3
BRF:0
BRH:0
end_of_record
TN:
SF:D:\latest-backend\dreamSociety\app\model\otp.model.js
FN:1,(anonymous_0)
FNF:1
FNH:1
FNDA:6,(anonymous_0)
DA:1,6
DA:2,6
DA:23,6
LF:3
LH:3
BRF:0
BRH:0
end_of_record
TN:
SF:D:\latest-backend\dreamSociety\app\model\otpUserModel.js
FN:1,(anonymous_0)
FNF:1
FNH:1
FNDA:6,(anonymous_0)
DA:1,6
DA:2,6
DA:28,6
LF:3
LH:3
BRF:0
BRH:0
end_of_record
TN:
SF:D:\latest-backend\dreamSociety\app\model\owner.model.js
FN:1,(anonymous_0)
FNF:1
FNH:1
FNDA:6,(anonymous_0)
DA:1,6
DA:2,6
DA:95,6
LF:3
LH:3
BRF:0
BRH:0
end_of_record
TN:
SF:D:\latest-backend\dreamSociety\app\model\ownerFlatDetail.model.js
FN:1,(anonymous_0)
FNF:1
FNH:1
FNDA:6,(anonymous_0)
DA:1,6
DA:2,6
DA:24,6
LF:3
LH:3
BRF:0
BRH:0
end_of_record
TN:
SF:D:\latest-backend\dreamSociety\app\model\ownerMembersDetail.js
FN:1,(anonymous_0)
FNF:1
FNH:1
FNDA:6,(anonymous_0)
DA:1,6
DA:2,6
DA:55,6
LF:3
LH:3
BRF:0
BRH:0
end_of_record
TN:
SF:D:\latest-backend\dreamSociety\app\model\parking.model.js
FN:1,(anonymous_0)
FNF:1
FNH:1
FNDA:6,(anonymous_0)
DA:1,6
DA:2,6
DA:27,6
LF:3
LH:3
BRF:0
BRH:0
end_of_record
TN:
SF:D:\latest-backend\dreamSociety\app\model\punchedFingerprintData.model.js
FN:1,(anonymous_0)
FNF:1
FNH:1
FNDA:6,(anonymous_0)
DA:1,6
DA:2,6
DA:30,6
LF:3
LH:3
BRF:0
BRH:0
end_of_record
TN:
SF:D:\latest-backend\dreamSociety\app\model\purchaseOrder.model.js
FN:1,(anonymous_0)
FNF:1
FNH:1
FNDA:6,(anonymous_0)
DA:1,6
DA:3,6
DA:34,6
LF:3
LH:3
BRF:0
BRH:0
end_of_record
TN:
SF:D:\latest-backend\dreamSociety\app\model\purchaseOrderDetails.model.js
FN:1,(anonymous_0)
FNF:1
FNH:1
FNDA:6,(anonymous_0)
DA:1,6
DA:2,6
DA:62,6
LF:3
LH:3
BRF:0
BRH:0
end_of_record
TN:
SF:D:\latest-backend\dreamSociety\app\model\rate.model.js
FN:1,(anonymous_0)
FNF:1
FNH:1
FNDA:6,(anonymous_0)
DA:1,6
DA:2,6
DA:17,6
LF:3
LH:3
BRF:0
BRH:0
end_of_record
TN:
SF:D:\latest-backend\dreamSociety\app\model\relation.model.js
FN:1,(anonymous_0)
FNF:1
FNH:1
FNDA:6,(anonymous_0)
DA:1,6
DA:2,6
DA:27,6
LF:3
LH:3
BRF:0
BRH:0
end_of_record
TN:
SF:D:\latest-backend\dreamSociety\app\model\rfid.model.js
FN:1,(anonymous_0)
FNF:1
FNH:1
FNDA:6,(anonymous_0)
DA:1,6
DA:2,6
DA:27,6
LF:3
LH:3
BRF:0
BRH:0
end_of_record
TN:
SF:D:\latest-backend\dreamSociety\app\model\role.model.js
FN:1,(anonymous_0)
FNF:1
FNH:1
FNDA:6,(anonymous_0)
DA:1,6
DA:2,6
DA:8,6
LF:3
LH:3
BRF:0
BRH:0
end_of_record
TN:
SF:D:\latest-backend\dreamSociety\app\model\service.model.js
FN:1,(anonymous_0)
FNF:1
FNH:1
FNDA:6,(anonymous_0)
DA:1,6
DA:2,6
DA:27,6
LF:3
LH:3
BRF:0
BRH:0
end_of_record
TN:
SF:D:\latest-backend\dreamSociety\app\model\serviceDetail.model.js
FN:1,(anonymous_0)
FNF:1
FNH:1
FNDA:6,(anonymous_0)
DA:1,6
DA:2,6
DA:27,6
LF:3
LH:3
BRF:0
BRH:0
end_of_record
TN:
SF:D:\latest-backend\dreamSociety\app\model\size.model.js
FN:1,(anonymous_0)
FNF:1
FNH:1
FNDA:6,(anonymous_0)
DA:1,6
DA:2,6
DA:28,6
LF:3
LH:3
BRF:0
BRH:0
end_of_record
TN:
SF:D:\latest-backend\dreamSociety\app\model\slot.model.js
FN:1,(anonymous_0)
FNF:1
FNH:1
FNDA:6,(anonymous_0)
DA:1,6
DA:2,6
DA:31,6
LF:3
LH:3
BRF:0
BRH:0
end_of_record
TN:
SF:D:\latest-backend\dreamSociety\app\model\society.model.js
FN:1,(anonymous_0)
FNF:1
FNH:1
FNDA:6,(anonymous_0)
DA:1,6
DA:2,6
DA:61,6
LF:3
LH:3
BRF:0
BRH:0
end_of_record
TN:
SF:D:\latest-backend\dreamSociety\app\model\societyBoardMember.model.js
FN:1,(anonymous_0)
FNF:1
FNH:1
FNDA:6,(anonymous_0)
DA:1,6
DA:2,6
DA:80,6
LF:3
LH:3
BRF:0
BRH:0
end_of_record
TN:
SF:D:\latest-backend\dreamSociety\app\model\societyMemberEvent.model.js
FN:1,(anonymous_0)
FNF:1
FNH:1
FNDA:6,(anonymous_0)
DA:1,6
DA:2,6
DA:29,6
LF:3
LH:3
BRF:0
BRH:0
end_of_record
TN:
SF:D:\latest-backend\dreamSociety\app\model\societyMemberEventBooking.model.js
FN:1,(anonymous_0)
FNF:1
FNH:1
FNDA:6,(anonymous_0)
DA:1,6
DA:2,6
DA:34,6
LF:3
LH:3
BRF:0
BRH:0
end_of_record
TN:
SF:D:\latest-backend\dreamSociety\app\model\state.model.js
FN:1,(anonymous_0)
FNF:1
FNH:1
FNDA:6,(anonymous_0)
DA:1,6
DA:2,6
DA:27,6
LF:3
LH:3
BRF:0
BRH:0
end_of_record
TN:
SF:D:\latest-backend\dreamSociety\app\model\tenant.model.js
FN:3,(anonymous_0)
FNF:1
FNH:1
FNDA:6,(anonymous_0)
DA:3,6
DA:4,6
DA:97,6
LF:3
LH:3
BRF:0
BRH:0
end_of_record
TN:
SF:D:\latest-backend\dreamSociety\app\model\tenantFlatDetail.model.js
FN:1,(anonymous_0)
FNF:1
FNH:1
FNDA:6,(anonymous_0)
DA:1,6
DA:2,6
DA:24,6
LF:3
LH:3
BRF:0
BRH:0
end_of_record
TN:
SF:D:\latest-backend\dreamSociety\app\model\tenantMemberDetails.model.js
FN:1,(anonymous_0)
FNF:1
FNH:1
FNDA:6,(anonymous_0)
DA:1,6
DA:2,6
DA:59,6
LF:3
LH:3
BRF:0
BRH:0
end_of_record
TN:
SF:D:\latest-backend\dreamSociety\app\model\test.model.js
FN:6,(anonymous_0)
FNF:1
FNH:1
FNDA:6,(anonymous_0)
DA:1,6
DA:2,6
DA:3,6
DA:4,6
DA:5,6
DA:6,6
DA:7,6
DA:31,6
LF:8
LH:8
BRF:0
BRH:0
end_of_record
TN:
SF:D:\latest-backend\dreamSociety\app\model\tokenModel.js
FN:1,(anonymous_0)
FNF:1
FNH:1
FNDA:6,(anonymous_0)
DA:1,6
DA:2,6
DA:11,6
LF:3
LH:3
BRF:0
BRH:0
end_of_record
TN:
SF:D:\latest-backend\dreamSociety\app\model\tower.model.js
FN:1,(anonymous_0)
FNF:1
FNH:1
FNDA:6,(anonymous_0)
DA:1,6
DA:2,6
DA:27,6
LF:3
LH:3
BRF:0
BRH:0
end_of_record
TN:
SF:D:\latest-backend\dreamSociety\app\model\towerFloor.model.js
FN:1,(anonymous_0)
FNF:1
FNH:1
FNDA:6,(anonymous_0)
DA:1,6
DA:2,6
DA:24,6
LF:3
LH:3
BRF:0
BRH:0
end_of_record
TN:
SF:D:\latest-backend\dreamSociety\app\model\user.model.js
FN:1,(anonymous_0)
FNF:1
FNH:1
FNDA:6,(anonymous_0)
DA:1,6
DA:2,6
DA:50,6
LF:3
LH:3
BRF:0
BRH:0
end_of_record
TN:
SF:D:\latest-backend\dreamSociety\app\model\userFacility.model.js
FN:1,(anonymous_0)
FNF:1
FNH:1
FNDA:6,(anonymous_0)
DA:1,6
DA:2,6
DA:22,6
LF:3
LH:3
BRF:0
BRH:0
end_of_record
TN:
SF:D:\latest-backend\dreamSociety\app\model\userRfid.model.js
FN:1,(anonymous_0)
FNF:1
FNH:1
FNDA:6,(anonymous_0)
DA:1,6
DA:2,6
DA:24,6
LF:3
LH:3
BRF:0
BRH:0
end_of_record
TN:
SF:D:\latest-backend\dreamSociety\app\model\userRoles.model.js
FN:1,(anonymous_0)
FNF:1
FNH:1
FNDA:6,(anonymous_0)
DA:1,6
DA:2,6
DA:24,6
LF:3
LH:3
BRF:0
BRH:0
end_of_record
TN:
SF:D:\latest-backend\dreamSociety\app\model\userVideo.model.js
FN:1,(anonymous_0)
FNF:1
FNH:1
FNDA:6,(anonymous_0)
DA:1,6
DA:2,6
DA:24,6
LF:3
LH:3
BRF:0
BRH:0
end_of_record
TN:
SF:D:\latest-backend\dreamSociety\app\model\vendor.model.js
FN:1,(anonymous_0)
FNF:1
FNH:1
FNDA:6,(anonymous_0)
DA:1,6
DA:2,6
DA:59,6
LF:3
LH:3
BRF:0
BRH:0
end_of_record
TN:
SF:D:\latest-backend\dreamSociety\app\model\vendorComplaints.model.js
FN:1,(anonymous_0)
FNF:1
FNH:1
FNDA:12,(anonymous_0)
DA:1,6
DA:2,12
DA:24,12
LF:3
LH:3
BRF:0
BRH:0
end_of_record
TN:
SF:D:\latest-backend\dreamSociety\app\model\vendorService.model.js
FN:1,(anonymous_0)
FNF:1
FNH:1
FNDA:6,(anonymous_0)
DA:1,6
DA:2,6
DA:31,6
LF:3
LH:3
BRF:0
BRH:0
end_of_record
TN:
SF:D:\latest-backend\dreamSociety\app\model\video.model.js
FN:1,(anonymous_0)
FNF:1
FNH:1
FNDA:6,(anonymous_0)
DA:1,6
DA:2,6
DA:30,6
LF:3
LH:3
BRF:0
BRH:0
end_of_record
